34.0 APEX_CODE,DEBUG;APEX_PROFILING,INFO;CALLOUT,INFO;DB,INFO;SYSTEM,DEBUG;VALIDATION,INFO;VISUALFORCE,DEBUG;WAVE,INFO;WORKFLOW,INFO
01:56:56.0 (355437)|USER_INFO|[EXTERNAL]|0057F000001fsdl|sfdcdevinstance.gbvprasad@gmail.com|Pacific Standard Time|GMT-07:00
01:56:56.0 (393721)|EXECUTION_STARTED
01:56:56.0 (398332)|CODE_UNIT_STARTED|[EXTERNAL]|0667F000006rAFi|VF: /apex/SoqlDemo
01:56:56.0 (917136)|VF_DESERIALIZE_VIEWSTATE_BEGIN|0667F000006rAFi
01:56:56.0 (7362917)|VF_DESERIALIZE_VIEWSTATE_END
01:56:56.0 (7947336)|SYSTEM_MODE_ENTER|true
01:56:56.0 (8339554)|SYSTEM_MODE_ENTER|true
01:56:56.0 (8408802)|SYSTEM_MODE_ENTER|true
01:56:56.0 (8661162)|SYSTEM_MODE_ENTER|true
01:56:56.0 (8719273)|SYSTEM_MODE_ENTER|true
01:56:56.0 (10133356)|SOQL_EXECUTE_BEGIN|[9]|Aggregations:0|SELECT name, phone, industry, rating FROM account LIMIT :tmpVar1
01:56:56.0 (15871885)|SOQL_EXECUTE_END|[9]|Rows:5
01:56:56.0 (18547917)|SYSTEM_MODE_ENTER|true
01:56:56.0 (20226093)|SYSTEM_MODE_ENTER|true
01:56:56.0 (20410344)|SYSTEM_MODE_ENTER|true
01:56:56.0 (26752594)|VF_SERIALIZE_VIEWSTATE_BEGIN|0667F000006rAFi
01:56:56.0 (29026053)|VF_SERIALIZE_VIEWSTATE_END
01:56:56.31 (31205687)|CUMULATIVE_LIMIT_USAGE
01:56:56.31 (31205687)|LIMIT_USAGE_FOR_NS|(default)|
  Number of SOQL queries: 1 out of 100
  Number of query rows: 5 out of 50000
  Number of SOSL queries: 0 out of 20
  Number of DML statements: 0 out of 150
  Number of DML rows: 0 out of 10000
  Maximum CPU time: 0 out of 10000
  Maximum heap size: 0 out of 6000000
  Number of callouts: 0 out of 100
  Number of Email Invocations: 0 out of 10
  Number of future calls: 0 out of 50
  Number of queueable jobs added to the queue: 0 out of 50
  Number of Mobile Apex push calls: 0 out of 10

01:56:56.31 (31205687)|CUMULATIVE_LIMIT_USAGE_END

01:56:56.0 (31248559)|CODE_UNIT_FINISHED|VF: /apex/SoqlDemo
01:56:56.0 (32568720)|EXECUTION_FINISHED
