34.0 APEX_CODE,DEBUG;APEX_PROFILING,INFO;CALLOUT,INFO;DB,INFO;SYSTEM,DEBUG;VALIDATION,INFO;VISUALFORCE,DEBUG;WAVE,INFO;WORKFLOW,INFO
01:36:51.0 (356558)|USER_INFO|[EXTERNAL]|0057F000001fsdl|sfdcdevinstance.gbvprasad@gmail.com|Pacific Standard Time|GMT-07:00
01:36:51.0 (405093)|EXECUTION_STARTED
01:36:51.0 (411990)|CODE_UNIT_STARTED|[EXTERNAL]|0667F000006rAEp|VF: /apex/List_Wrapper1
01:36:51.0 (947516)|VF_DESERIALIZE_VIEWSTATE_BEGIN|0667F000006rAEp
01:36:51.0 (16600731)|VF_DESERIALIZE_VIEWSTATE_END
01:36:51.0 (17903258)|SYSTEM_MODE_ENTER|true
01:36:51.0 (18318033)|SYSTEM_MODE_ENTER|true
01:36:51.0 (18391623)|SYSTEM_MODE_ENTER|true
01:36:51.0 (18488808)|SYSTEM_MODE_ENTER|true
01:36:51.0 (19172719)|SYSTEM_MODE_ENTER|true
01:36:51.0 (19239506)|SYSTEM_MODE_ENTER|true
01:36:51.0 (19274159)|SYSTEM_MODE_ENTER|true
01:36:51.0 (22114673)|SYSTEM_MODE_ENTER|true
01:36:51.0 (23633172)|SYSTEM_MODE_ENTER|true
01:36:51.0 (23792912)|SYSTEM_MODE_ENTER|true
01:36:51.0 (23906601)|SYSTEM_MODE_ENTER|true
01:36:51.0 (25385429)|VF_SERIALIZE_VIEWSTATE_BEGIN|0667F000006rAEp
01:36:51.0 (27126752)|VF_SERIALIZE_VIEWSTATE_END
01:36:51.29 (29390701)|CUMULATIVE_LIMIT_USAGE
01:36:51.29 (29390701)|LIMIT_USAGE_FOR_NS|(default)|
  Number of SOQL queries: 0 out of 100
  Number of query rows: 0 out of 50000
  Number of SOSL queries: 0 out of 20
  Number of DML statements: 0 out of 150
  Number of DML rows: 0 out of 10000
  Maximum CPU time: 0 out of 10000
  Maximum heap size: 0 out of 6000000
  Number of callouts: 0 out of 100
  Number of Email Invocations: 0 out of 10
  Number of future calls: 0 out of 50
  Number of queueable jobs added to the queue: 0 out of 50
  Number of Mobile Apex push calls: 0 out of 10

01:36:51.29 (29390701)|CUMULATIVE_LIMIT_USAGE_END

01:36:51.0 (29425926)|CODE_UNIT_FINISHED|VF: /apex/List_Wrapper1
01:36:51.0 (30564466)|EXECUTION_FINISHED
