34.0 APEX_CODE,DEBUG;APEX_PROFILING,INFO;CALLOUT,INFO;DB,INFO;SYSTEM,DEBUG;VALIDATION,INFO;VISUALFORCE,DEBUG;WAVE,INFO;WORKFLOW,INFO
01:57:08.0 (421003)|USER_INFO|[EXTERNAL]|0057F000001fsdl|sfdcdevinstance.gbvprasad@gmail.com|Pacific Standard Time|GMT-07:00
01:57:08.0 (487947)|EXECUTION_STARTED
01:57:08.0 (493935)|CODE_UNIT_STARTED|[EXTERNAL]|0667F000006rAFi|VF: /apex/SoqlDemo
01:57:08.0 (974646)|VF_DESERIALIZE_VIEWSTATE_BEGIN|0667F000006rAFi
01:57:08.0 (8216546)|VF_DESERIALIZE_VIEWSTATE_END
01:57:08.0 (9606793)|SYSTEM_MODE_ENTER|true
01:57:08.0 (10046220)|SYSTEM_MODE_ENTER|true
01:57:08.0 (10114572)|SYSTEM_MODE_ENTER|true
01:57:08.0 (10480696)|SYSTEM_MODE_ENTER|true
01:57:08.0 (10555080)|SYSTEM_MODE_ENTER|true
01:57:08.0 (12101696)|SOQL_EXECUTE_BEGIN|[12]|Aggregations:0|SELECT name, phone, industry, rating FROM account LIMIT :tmpVar1
01:57:08.0 (17284921)|SOQL_EXECUTE_END|[12]|Rows:14
01:57:08.0 (20267179)|SYSTEM_MODE_ENTER|true
01:57:08.0 (22652137)|SYSTEM_MODE_ENTER|true
01:57:08.0 (22991810)|SYSTEM_MODE_ENTER|true
01:57:08.0 (40217367)|VF_SERIALIZE_VIEWSTATE_BEGIN|0667F000006rAFi
01:57:08.0 (42729417)|VF_SERIALIZE_VIEWSTATE_END
01:57:08.45 (45383022)|CUMULATIVE_LIMIT_USAGE
01:57:08.45 (45383022)|LIMIT_USAGE_FOR_NS|(default)|
  Number of SOQL queries: 1 out of 100
  Number of query rows: 14 out of 50000
  Number of SOSL queries: 0 out of 20
  Number of DML statements: 0 out of 150
  Number of DML rows: 0 out of 10000
  Maximum CPU time: 0 out of 10000
  Maximum heap size: 0 out of 6000000
  Number of callouts: 0 out of 100
  Number of Email Invocations: 0 out of 10
  Number of future calls: 0 out of 50
  Number of queueable jobs added to the queue: 0 out of 50
  Number of Mobile Apex push calls: 0 out of 10

01:57:08.45 (45383022)|CUMULATIVE_LIMIT_USAGE_END

01:57:08.0 (45420796)|CODE_UNIT_FINISHED|VF: /apex/SoqlDemo
01:57:08.0 (46402168)|EXECUTION_FINISHED
