34.0 APEX_CODE,DEBUG;APEX_PROFILING,INFO;CALLOUT,INFO;DB,INFO;SYSTEM,DEBUG;VALIDATION,INFO;VISUALFORCE,DEBUG;WAVE,INFO;WORKFLOW,INFO
01:55:55.0 (335608)|USER_INFO|[EXTERNAL]|0057F000001fsdl|sfdcdevinstance.gbvprasad@gmail.com|Pacific Standard Time|GMT-07:00
01:55:55.0 (374598)|EXECUTION_STARTED
01:55:55.0 (379011)|CODE_UNIT_STARTED|[EXTERNAL]|0667F000006rAFi|VF: /apex/SoqlDemo
01:55:55.0 (1103562)|VF_DESERIALIZE_VIEWSTATE_BEGIN|0667F000006rAFi
01:55:55.0 (7804458)|VF_DESERIALIZE_VIEWSTATE_END
01:55:55.0 (9203974)|SYSTEM_MODE_ENTER|true
01:55:55.0 (9841477)|SYSTEM_MODE_ENTER|true
01:55:55.0 (9912167)|SYSTEM_MODE_ENTER|true
01:55:55.0 (10558255)|SYSTEM_MODE_ENTER|true
01:55:55.0 (10622710)|SYSTEM_MODE_ENTER|true
01:55:55.0 (12469039)|SOQL_EXECUTE_BEGIN|[9]|Aggregations:0|SELECT name, phone, industry, rating FROM account LIMIT :tmpVar1
01:55:55.0 (25315710)|SOQL_EXECUTE_END|[9]|Rows:5
01:55:55.0 (28954646)|SYSTEM_MODE_ENTER|true
01:55:55.0 (30579108)|SYSTEM_MODE_ENTER|true
01:55:55.0 (30759125)|SYSTEM_MODE_ENTER|true
01:55:55.0 (36984987)|VF_SERIALIZE_VIEWSTATE_BEGIN|0667F000006rAFi
01:55:55.0 (38893190)|VF_SERIALIZE_VIEWSTATE_END
01:55:55.41 (41497609)|CUMULATIVE_LIMIT_USAGE
01:55:55.41 (41497609)|LIMIT_USAGE_FOR_NS|(default)|
  Number of SOQL queries: 1 out of 100
  Number of query rows: 5 out of 50000
  Number of SOSL queries: 0 out of 20
  Number of DML statements: 0 out of 150
  Number of DML rows: 0 out of 10000
  Maximum CPU time: 0 out of 10000
  Maximum heap size: 0 out of 6000000
  Number of callouts: 0 out of 100
  Number of Email Invocations: 0 out of 10
  Number of future calls: 0 out of 50
  Number of queueable jobs added to the queue: 0 out of 50
  Number of Mobile Apex push calls: 0 out of 10

01:55:55.41 (41497609)|CUMULATIVE_LIMIT_USAGE_END

01:55:55.0 (41531607)|CODE_UNIT_FINISHED|VF: /apex/SoqlDemo
01:55:55.0 (42693059)|EXECUTION_FINISHED
