34.0 APEX_CODE,DEBUG;APEX_PROFILING,INFO;CALLOUT,INFO;DB,INFO;SYSTEM,DEBUG;VALIDATION,INFO;VISUALFORCE,DEBUG;WAVE,INFO;WORKFLOW,INFO
01:57:49.0 (312825)|USER_INFO|[EXTERNAL]|0057F000001fsdl|sfdcdevinstance.gbvprasad@gmail.com|Pacific Standard Time|GMT-07:00
01:57:49.0 (345748)|EXECUTION_STARTED
01:57:49.0 (350195)|CODE_UNIT_STARTED|[EXTERNAL]|0667F000006rAFi|VF: /apex/SoqlDemo
01:57:49.0 (862985)|VF_DESERIALIZE_VIEWSTATE_BEGIN|0667F000006rAFi
01:57:49.0 (7129361)|VF_DESERIALIZE_VIEWSTATE_END
01:57:49.0 (8506914)|SYSTEM_MODE_ENTER|true
01:57:49.0 (8880044)|SYSTEM_MODE_ENTER|true
01:57:49.0 (8964388)|SYSTEM_MODE_ENTER|true
01:57:49.0 (9224289)|SYSTEM_MODE_ENTER|true
01:57:49.0 (9296821)|SYSTEM_MODE_ENTER|true
01:57:49.0 (11349630)|SOQL_EXECUTE_BEGIN|[9]|Aggregations:0|SELECT name, phone, industry, rating FROM account LIMIT :tmpVar1
01:57:49.0 (17401650)|SOQL_EXECUTE_END|[9]|Rows:5
01:57:49.0 (20052044)|SYSTEM_MODE_ENTER|true
01:57:49.0 (22021708)|SYSTEM_MODE_ENTER|true
01:57:49.0 (22240374)|SYSTEM_MODE_ENTER|true
01:57:49.0 (30070535)|VF_SERIALIZE_VIEWSTATE_BEGIN|0667F000006rAFi
01:57:49.0 (32194659)|VF_SERIALIZE_VIEWSTATE_END
01:57:49.34 (34753204)|CUMULATIVE_LIMIT_USAGE
01:57:49.34 (34753204)|LIMIT_USAGE_FOR_NS|(default)|
  Number of SOQL queries: 1 out of 100
  Number of query rows: 5 out of 50000
  Number of SOSL queries: 0 out of 20
  Number of DML statements: 0 out of 150
  Number of DML rows: 0 out of 10000
  Maximum CPU time: 0 out of 10000
  Maximum heap size: 0 out of 6000000
  Number of callouts: 0 out of 100
  Number of Email Invocations: 0 out of 10
  Number of future calls: 0 out of 50
  Number of queueable jobs added to the queue: 0 out of 50
  Number of Mobile Apex push calls: 0 out of 10

01:57:49.34 (34753204)|CUMULATIVE_LIMIT_USAGE_END

01:57:49.0 (34787226)|CODE_UNIT_FINISHED|VF: /apex/SoqlDemo
01:57:49.0 (35978740)|EXECUTION_FINISHED
