34.0 APEX_CODE,DEBUG;APEX_PROFILING,INFO;CALLOUT,INFO;DB,INFO;SYSTEM,DEBUG;VALIDATION,INFO;VISUALFORCE,DEBUG;WAVE,INFO;WORKFLOW,INFO
01:36:40.0 (364416)|USER_INFO|[EXTERNAL]|0057F000001fsdl|sfdcdevinstance.gbvprasad@gmail.com|Pacific Standard Time|GMT-07:00
01:36:40.0 (420820)|EXECUTION_STARTED
01:36:40.0 (428193)|CODE_UNIT_STARTED|[EXTERNAL]|0667F000006rAEp|VF: /apex/List_Wrapper1
01:36:40.0 (1019629)|VF_DESERIALIZE_VIEWSTATE_BEGIN|0667F000006rAEp
01:36:40.0 (9504321)|VF_DESERIALIZE_VIEWSTATE_END
01:36:40.0 (11029262)|SYSTEM_MODE_ENTER|true
01:36:40.0 (11365949)|SYSTEM_MODE_ENTER|true
01:36:40.0 (11441346)|SYSTEM_MODE_ENTER|true
01:36:40.0 (11505473)|SYSTEM_MODE_ENTER|true
01:36:40.0 (11973527)|SYSTEM_MODE_ENTER|true
01:36:40.0 (12040335)|SYSTEM_MODE_ENTER|true
01:36:40.0 (12077178)|SYSTEM_MODE_ENTER|true
01:36:40.0 (14720201)|SYSTEM_MODE_ENTER|true
01:36:40.0 (16415461)|SYSTEM_MODE_ENTER|true
01:36:40.0 (16551364)|SYSTEM_MODE_ENTER|true
01:36:40.0 (16645754)|SYSTEM_MODE_ENTER|true
01:36:40.0 (18726504)|VF_SERIALIZE_VIEWSTATE_BEGIN|0667F000006rAEp
01:36:40.0 (20823398)|VF_SERIALIZE_VIEWSTATE_END
01:36:40.23 (23369288)|CUMULATIVE_LIMIT_USAGE
01:36:40.23 (23369288)|LIMIT_USAGE_FOR_NS|(default)|
  Number of SOQL queries: 0 out of 100
  Number of query rows: 0 out of 50000
  Number of SOSL queries: 0 out of 20
  Number of DML statements: 0 out of 150
  Number of DML rows: 0 out of 10000
  Maximum CPU time: 0 out of 10000
  Maximum heap size: 0 out of 6000000
  Number of callouts: 0 out of 100
  Number of Email Invocations: 0 out of 10
  Number of future calls: 0 out of 50
  Number of queueable jobs added to the queue: 0 out of 50
  Number of Mobile Apex push calls: 0 out of 10

01:36:40.23 (23369288)|CUMULATIVE_LIMIT_USAGE_END

01:36:40.0 (23407606)|CODE_UNIT_FINISHED|VF: /apex/List_Wrapper1
01:36:40.0 (24650162)|EXECUTION_FINISHED
