34.0 APEX_CODE,DEBUG;APEX_PROFILING,INFO;CALLOUT,INFO;DB,INFO;SYSTEM,DEBUG;VALIDATION,INFO;VISUALFORCE,DEBUG;WAVE,INFO;WORKFLOW,INFO
01:48:05.0 (303454)|USER_INFO|[EXTERNAL]|0057F000001fsdl|sfdcdevinstance.gbvprasad@gmail.com|Pacific Standard Time|GMT-07:00
01:48:05.0 (339574)|EXECUTION_STARTED
01:48:05.0 (343211)|CODE_UNIT_STARTED|[EXTERNAL]|0667F000006rAFY|VF: /apex/MapDemo
01:48:05.0 (2250402)|SYSTEM_MODE_ENTER|true
01:48:05.0 (3205776)|SYSTEM_MODE_ENTER|true
01:48:05.0 (3799922)|SYSTEM_MODE_ENTER|true
01:48:05.0 (5167366)|SYSTEM_MODE_ENTER|true
01:48:05.0 (5304107)|SYSTEM_MODE_ENTER|true
01:48:05.0 (6422074)|SYSTEM_MODE_ENTER|true
01:48:05.0 (6552813)|SYSTEM_MODE_ENTER|true
01:48:05.0 (7594630)|VF_SERIALIZE_VIEWSTATE_BEGIN|0667F000006rAFY
01:48:05.0 (9537110)|VF_SERIALIZE_VIEWSTATE_END
01:48:05.12 (12360495)|CUMULATIVE_LIMIT_USAGE
01:48:05.12 (12360495)|LIMIT_USAGE_FOR_NS|(default)|
  Number of SOQL queries: 0 out of 100
  Number of query rows: 0 out of 50000
  Number of SOSL queries: 0 out of 20
  Number of DML statements: 0 out of 150
  Number of DML rows: 0 out of 10000
  Maximum CPU time: 0 out of 10000
  Maximum heap size: 0 out of 6000000
  Number of callouts: 0 out of 100
  Number of Email Invocations: 0 out of 10
  Number of future calls: 0 out of 50
  Number of queueable jobs added to the queue: 0 out of 50
  Number of Mobile Apex push calls: 0 out of 10

01:48:05.12 (12360495)|CUMULATIVE_LIMIT_USAGE_END

01:48:05.0 (12396914)|CODE_UNIT_FINISHED|VF: /apex/MapDemo
01:48:05.0 (13773617)|EXECUTION_FINISHED
