34.0 APEX_CODE,DEBUG;APEX_PROFILING,INFO;CALLOUT,INFO;DB,INFO;SYSTEM,DEBUG;VALIDATION,INFO;VISUALFORCE,DEBUG;WAVE,INFO;WORKFLOW,INFO
23:31:28.0 (529714)|USER_INFO|[EXTERNAL]|0057F000001fsdl|sfdcdevinstance.gbvprasad@gmail.com|Pacific Standard Time|GMT-07:00
23:31:28.0 (565884)|EXECUTION_STARTED
23:31:28.0 (570379)|CODE_UNIT_STARTED|[EXTERNAL]|0667F000006rA3u|VF: /apex/CallingMethodsDemo
23:31:28.0 (2938550)|SYSTEM_MODE_ENTER|true
23:31:28.0 (3629807)|SYSTEM_MODE_ENTER|true
23:31:28.0 (3746701)|SYSTEM_MODE_ENTER|true
23:31:28.0 (3824231)|SYSTEM_MODE_ENTER|true
23:31:28.0 (3896241)|SYSTEM_MODE_ENTER|true
23:31:28.0 (4140323)|VF_SERIALIZE_VIEWSTATE_BEGIN|0667F000006rA3u
23:31:28.0 (5588161)|VF_SERIALIZE_VIEWSTATE_END
23:31:28.7 (7739530)|CUMULATIVE_LIMIT_USAGE
23:31:28.7 (7739530)|LIMIT_USAGE_FOR_NS|(default)|
  Number of SOQL queries: 0 out of 100
  Number of query rows: 0 out of 50000
  Number of SOSL queries: 0 out of 20
  Number of DML statements: 0 out of 150
  Number of DML rows: 0 out of 10000
  Maximum CPU time: 0 out of 10000
  Maximum heap size: 0 out of 6000000
  Number of callouts: 0 out of 100
  Number of Email Invocations: 0 out of 10
  Number of future calls: 0 out of 50
  Number of queueable jobs added to the queue: 0 out of 50
  Number of Mobile Apex push calls: 0 out of 10

23:31:28.7 (7739530)|CUMULATIVE_LIMIT_USAGE_END

23:31:28.0 (7779369)|CODE_UNIT_FINISHED|VF: /apex/CallingMethodsDemo
23:31:28.0 (8948110)|EXECUTION_FINISHED
