34.0 APEX_CODE,DEBUG;APEX_PROFILING,INFO;CALLOUT,INFO;DB,INFO;SYSTEM,DEBUG;VALIDATION,INFO;VISUALFORCE,DEBUG;WAVE,INFO;WORKFLOW,INFO
23:43:39.0 (326602)|USER_INFO|[EXTERNAL]|0057F000001fsdl|sfdcdevinstance.gbvprasad@gmail.com|Pacific Standard Time|GMT-07:00
23:43:39.0 (375247)|EXECUTION_STARTED
23:43:39.0 (380702)|CODE_UNIT_STARTED|[EXTERNAL]|0667F000006rA8H|VF: /apex/PageRefDemo
23:43:39.0 (919315)|VF_DESERIALIZE_VIEWSTATE_BEGIN|0667F000006rA8H
23:43:39.0 (6289258)|VF_DESERIALIZE_VIEWSTATE_END
23:43:39.0 (7402673)|SYSTEM_MODE_ENTER|true
23:43:39.0 (11738017)|DML_BEGIN|[7]|Op:Insert|Type:Account|Rows:1
23:43:39.0 (26935762)|CODE_UNIT_STARTED|[EXTERNAL]|DuplicateDetector
23:43:39.0 (26953932)|DUPLICATE_DETECTION_BEGIN
23:43:39.0 (27406859)|DUPLICATE_DETECTION_RULE_INVOCATION|DuplicateRuleId:0Bm7F00000BaT7z|DuplicateRuleName:Standard Account Duplicate Rule|DmlType:INSERT
23:43:39.0 (81209496)|DUPLICATE_DETECTION_MATCH_INVOCATION_DETAILS|EntityType:Account|ActionTaken:Allow_[Alert,Report]|DuplicateRecordIds:
23:43:39.0 (81230636)|DUPLICATE_DETECTION_MATCH_INVOCATION_SUMMARY|EntityType:Account|NumRecordsToBeSaved:1|NumRecordsToBeSavedWithDuplicates:0|NumDuplicateRecordsFound:0
23:43:39.0 (81333671)|DUPLICATE_DETECTION_END
23:43:39.0 (81341871)|CODE_UNIT_FINISHED|DuplicateDetector
23:43:39.0 (130244697)|DML_END|[7]
23:43:39.0 (147793785)|CODE_UNIT_STARTED|[EXTERNAL]|DuplicateDetector
23:43:39.0 (147821297)|DUPLICATE_DETECTION_BEGIN
23:43:39.0 (147886664)|DUPLICATE_DETECTION_RULE_INVOCATION|DuplicateRuleId:0Bm7F00000BaT7z|DuplicateRuleName:Standard Account Duplicate Rule|DmlType:INSERT
23:43:39.0 (156727997)|DUPLICATE_DETECTION_END
23:43:39.0 (156736690)|CODE_UNIT_FINISHED|DuplicateDetector
23:43:39.159 (159198584)|CUMULATIVE_LIMIT_USAGE
23:43:39.159 (159198584)|LIMIT_USAGE_FOR_NS|(default)|
  Number of SOQL queries: 0 out of 100
  Number of query rows: 0 out of 50000
  Number of SOSL queries: 0 out of 20
  Number of DML statements: 1 out of 150
  Number of DML rows: 1 out of 10000
  Maximum CPU time: 0 out of 10000
  Maximum heap size: 0 out of 6000000
  Number of callouts: 0 out of 100
  Number of Email Invocations: 0 out of 10
  Number of future calls: 0 out of 50
  Number of queueable jobs added to the queue: 0 out of 50
  Number of Mobile Apex push calls: 0 out of 10

23:43:39.159 (159198584)|CUMULATIVE_LIMIT_USAGE_END

23:43:39.0 (159257176)|CODE_UNIT_FINISHED|VF: /apex/PageRefDemo
23:43:39.0 (160135338)|EXECUTION_FINISHED
