34.0 APEX_CODE,DEBUG;APEX_PROFILING,INFO;CALLOUT,INFO;DB,INFO;SYSTEM,DEBUG;VALIDATION,INFO;VISUALFORCE,DEBUG;WAVE,INFO;WORKFLOW,INFO
01:50:12.0 (476643)|USER_INFO|[EXTERNAL]|0057F000001fsdl|sfdcdevinstance.gbvprasad@gmail.com|Pacific Standard Time|GMT-07:00
01:50:12.0 (525147)|EXECUTION_STARTED
01:50:12.0 (531082)|CODE_UNIT_STARTED|[EXTERNAL]|0667F000006rAFY|VF: /apex/MapDemo
01:50:12.0 (1146683)|VF_DESERIALIZE_VIEWSTATE_BEGIN|0667F000006rAFY
01:50:12.0 (7477458)|VF_DESERIALIZE_VIEWSTATE_END
01:50:12.0 (9003126)|SYSTEM_MODE_ENTER|true
01:50:12.0 (9444530)|SYSTEM_MODE_ENTER|true
01:50:12.0 (9624892)|SYSTEM_MODE_ENTER|true
01:50:12.0 (9691288)|SYSTEM_MODE_ENTER|true
01:50:12.0 (9805987)|SYSTEM_MODE_ENTER|true
01:50:12.0 (9986072)|SYSTEM_MODE_ENTER|true
01:50:12.0 (10039684)|SYSTEM_MODE_ENTER|true
01:50:12.0 (10133215)|SYSTEM_MODE_ENTER|true
01:50:12.0 (10168284)|SYSTEM_MODE_ENTER|true
01:50:12.0 (10198893)|SYSTEM_MODE_ENTER|true
01:50:12.0 (13888332)|SYSTEM_MODE_ENTER|true
01:50:12.0 (14508355)|SYSTEM_MODE_ENTER|true
01:50:12.0 (16314124)|SYSTEM_MODE_ENTER|true
01:50:12.0 (16486453)|SYSTEM_MODE_ENTER|true
01:50:12.0 (17919656)|SYSTEM_MODE_ENTER|true
01:50:12.0 (18082550)|SYSTEM_MODE_ENTER|true
01:50:12.0 (19449792)|VF_SERIALIZE_VIEWSTATE_BEGIN|0667F000006rAFY
01:50:12.0 (21797341)|VF_SERIALIZE_VIEWSTATE_END
01:50:12.24 (24638412)|CUMULATIVE_LIMIT_USAGE
01:50:12.24 (24638412)|LIMIT_USAGE_FOR_NS|(default)|
  Number of SOQL queries: 0 out of 100
  Number of query rows: 0 out of 50000
  Number of SOSL queries: 0 out of 20
  Number of DML statements: 0 out of 150
  Number of DML rows: 0 out of 10000
  Maximum CPU time: 0 out of 10000
  Maximum heap size: 0 out of 6000000
  Number of callouts: 0 out of 100
  Number of Email Invocations: 0 out of 10
  Number of future calls: 0 out of 50
  Number of queueable jobs added to the queue: 0 out of 50
  Number of Mobile Apex push calls: 0 out of 10

01:50:12.24 (24638412)|CUMULATIVE_LIMIT_USAGE_END

01:50:12.0 (24685866)|CODE_UNIT_FINISHED|VF: /apex/MapDemo
01:50:12.0 (25868986)|EXECUTION_FINISHED
