34.0 APEX_CODE,DEBUG;APEX_PROFILING,INFO;CALLOUT,INFO;DB,INFO;SYSTEM,DEBUG;VALIDATION,INFO;VISUALFORCE,DEBUG;WAVE,INFO;WORKFLOW,INFO
09:46:08.0 (276162)|USER_INFO|[EXTERNAL]|0057F000001fsdl|sfdcdevinstance.gbvprasad@gmail.com|Pacific Standard Time|GMT-07:00
09:46:08.0 (446358)|EXECUTION_STARTED
09:46:08.0 (450727)|CODE_UNIT_STARTED|[EXTERNAL]|0667F000006rMve|VF: /apex/StreamingDemo
09:46:08.11 (11606031)|CUMULATIVE_LIMIT_USAGE
09:46:08.11 (11606031)|LIMIT_USAGE_FOR_NS|(default)|
  Number of SOQL queries: 0 out of 100
  Number of query rows: 0 out of 50000
  Number of SOSL queries: 0 out of 20
  Number of DML statements: 0 out of 150
  Number of DML rows: 0 out of 10000
  Maximum CPU time: 0 out of 10000
  Maximum heap size: 0 out of 6000000
  Number of callouts: 0 out of 100
  Number of Email Invocations: 0 out of 10
  Number of future calls: 0 out of 50
  Number of queueable jobs added to the queue: 0 out of 50
  Number of Mobile Apex push calls: 0 out of 10

09:46:08.11 (11606031)|CUMULATIVE_LIMIT_USAGE_END

09:46:08.0 (11652058)|CODE_UNIT_FINISHED|VF: /apex/StreamingDemo
09:46:08.0 (12558676)|EXECUTION_FINISHED
