34.0 APEX_CODE,DEBUG;APEX_PROFILING,INFO;CALLOUT,INFO;DB,INFO;SYSTEM,DEBUG;VALIDATION,INFO;VISUALFORCE,DEBUG;WAVE,INFO;WORKFLOW,INFO
23:43:16.0 (378601)|USER_INFO|[EXTERNAL]|0057F000001fsdl|sfdcdevinstance.gbvprasad@gmail.com|Pacific Standard Time|GMT-07:00
23:43:16.0 (416861)|EXECUTION_STARTED
23:43:16.0 (422648)|CODE_UNIT_STARTED|[EXTERNAL]|0667F000006rA8H|VF: /apex/PageRefDemo
23:43:16.0 (2521976)|SYSTEM_MODE_ENTER|true
23:43:16.0 (3646104)|SYSTEM_MODE_ENTER|true
23:43:16.0 (23436898)|VF_SERIALIZE_VIEWSTATE_BEGIN|0667F000006rA8H
23:43:16.0 (24921772)|VF_SERIALIZE_VIEWSTATE_END
23:43:16.27 (27089272)|CUMULATIVE_LIMIT_USAGE
23:43:16.27 (27089272)|LIMIT_USAGE_FOR_NS|(default)|
  Number of SOQL queries: 0 out of 100
  Number of query rows: 0 out of 50000
  Number of SOSL queries: 0 out of 20
  Number of DML statements: 0 out of 150
  Number of DML rows: 0 out of 10000
  Maximum CPU time: 0 out of 10000
  Maximum heap size: 0 out of 6000000
  Number of callouts: 0 out of 100
  Number of Email Invocations: 0 out of 10
  Number of future calls: 0 out of 50
  Number of queueable jobs added to the queue: 0 out of 50
  Number of Mobile Apex push calls: 0 out of 10

23:43:16.27 (27089272)|CUMULATIVE_LIMIT_USAGE_END

23:43:16.0 (27141651)|CODE_UNIT_FINISHED|VF: /apex/PageRefDemo
23:43:16.0 (27982319)|EXECUTION_FINISHED
