34.0 APEX_CODE,DEBUG;APEX_PROFILING,INFO;CALLOUT,INFO;DB,INFO;SYSTEM,DEBUG;VALIDATION,INFO;VISUALFORCE,DEBUG;WAVE,INFO;WORKFLOW,INFO
01:56:20.0 (347497)|USER_INFO|[EXTERNAL]|0057F000001fsdl|sfdcdevinstance.gbvprasad@gmail.com|Pacific Standard Time|GMT-07:00
01:56:20.0 (379215)|EXECUTION_STARTED
01:56:20.0 (382982)|CODE_UNIT_STARTED|[EXTERNAL]|0667F000006rAFi|VF: /apex/SoqlDemo
01:56:20.0 (905939)|VF_DESERIALIZE_VIEWSTATE_BEGIN|0667F000006rAFi
01:56:20.0 (303927208)|VF_DESERIALIZE_VIEWSTATE_END
01:56:20.0 (307193591)|SYSTEM_MODE_ENTER|true
01:56:20.0 (308128807)|SYSTEM_MODE_ENTER|true
01:56:20.0 (308263726)|SYSTEM_MODE_ENTER|true
01:56:20.0 (309282473)|SYSTEM_MODE_ENTER|true
01:56:20.0 (309404663)|SYSTEM_MODE_ENTER|true
01:56:20.0 (311872778)|SOQL_EXECUTE_BEGIN|[18]|Aggregations:0|SELECT name, phone, industry, rating FROM account WHERE industry = :tmpVar1
01:56:20.0 (326382338)|SOQL_EXECUTE_END|[18]|Rows:3
01:56:20.0 (330173214)|SYSTEM_MODE_ENTER|true
01:56:20.0 (332839017)|SYSTEM_MODE_ENTER|true
01:56:20.0 (333163686)|SYSTEM_MODE_ENTER|true
01:56:20.0 (339931838)|VF_SERIALIZE_VIEWSTATE_BEGIN|0667F000006rAFi
01:56:20.0 (343297252)|VF_SERIALIZE_VIEWSTATE_END
01:56:20.345 (345910949)|CUMULATIVE_LIMIT_USAGE
01:56:20.345 (345910949)|LIMIT_USAGE_FOR_NS|(default)|
  Number of SOQL queries: 1 out of 100
  Number of query rows: 3 out of 50000
  Number of SOSL queries: 0 out of 20
  Number of DML statements: 0 out of 150
  Number of DML rows: 0 out of 10000
  Maximum CPU time: 0 out of 10000
  Maximum heap size: 0 out of 6000000
  Number of callouts: 0 out of 100
  Number of Email Invocations: 0 out of 10
  Number of future calls: 0 out of 50
  Number of queueable jobs added to the queue: 0 out of 50
  Number of Mobile Apex push calls: 0 out of 10

01:56:20.345 (345910949)|CUMULATIVE_LIMIT_USAGE_END

01:56:20.0 (345963354)|CODE_UNIT_FINISHED|VF: /apex/SoqlDemo
01:56:20.0 (347028181)|EXECUTION_FINISHED
