34.0 APEX_CODE,DEBUG;APEX_PROFILING,INFO;CALLOUT,INFO;DB,INFO;SYSTEM,DEBUG;VALIDATION,INFO;VISUALFORCE,DEBUG;WAVE,INFO;WORKFLOW,INFO
01:50:25.0 (338044)|USER_INFO|[EXTERNAL]|0057F000001fsdl|sfdcdevinstance.gbvprasad@gmail.com|Pacific Standard Time|GMT-07:00
01:50:25.0 (388451)|EXECUTION_STARTED
01:50:25.0 (392650)|CODE_UNIT_STARTED|[EXTERNAL]|0667F000006rAFY|VF: /apex/MapDemo
01:50:25.0 (883185)|VF_DESERIALIZE_VIEWSTATE_BEGIN|0667F000006rAFY
01:50:25.0 (8634989)|VF_DESERIALIZE_VIEWSTATE_END
01:50:25.0 (10069761)|SYSTEM_MODE_ENTER|true
01:50:25.0 (10795378)|SYSTEM_MODE_ENTER|true
01:50:25.0 (11093098)|SYSTEM_MODE_ENTER|true
01:50:25.0 (11220572)|SYSTEM_MODE_ENTER|true
01:50:25.0 (11497039)|SYSTEM_MODE_ENTER|true
01:50:25.0 (11808189)|SYSTEM_MODE_ENTER|true
01:50:25.0 (11881510)|SYSTEM_MODE_ENTER|true
01:50:25.0 (11982977)|SYSTEM_MODE_ENTER|true
01:50:25.0 (12022161)|SYSTEM_MODE_ENTER|true
01:50:25.0 (12063048)|SYSTEM_MODE_ENTER|true
01:50:25.0 (15404129)|SYSTEM_MODE_ENTER|true
01:50:25.0 (15949338)|SYSTEM_MODE_ENTER|true
01:50:25.0 (17317577)|SYSTEM_MODE_ENTER|true
01:50:25.0 (17505948)|SYSTEM_MODE_ENTER|true
01:50:25.0 (19027045)|SYSTEM_MODE_ENTER|true
01:50:25.0 (19193052)|SYSTEM_MODE_ENTER|true
01:50:25.0 (20486704)|VF_SERIALIZE_VIEWSTATE_BEGIN|0667F000006rAFY
01:50:25.0 (22867206)|VF_SERIALIZE_VIEWSTATE_END
01:50:25.25 (25515523)|CUMULATIVE_LIMIT_USAGE
01:50:25.25 (25515523)|LIMIT_USAGE_FOR_NS|(default)|
  Number of SOQL queries: 0 out of 100
  Number of query rows: 0 out of 50000
  Number of SOSL queries: 0 out of 20
  Number of DML statements: 0 out of 150
  Number of DML rows: 0 out of 10000
  Maximum CPU time: 0 out of 10000
  Maximum heap size: 0 out of 6000000
  Number of callouts: 0 out of 100
  Number of Email Invocations: 0 out of 10
  Number of future calls: 0 out of 50
  Number of queueable jobs added to the queue: 0 out of 50
  Number of Mobile Apex push calls: 0 out of 10

01:50:25.25 (25515523)|CUMULATIVE_LIMIT_USAGE_END

01:50:25.0 (25554550)|CODE_UNIT_FINISHED|VF: /apex/MapDemo
01:50:25.0 (26749571)|EXECUTION_FINISHED
