34.0 APEX_CODE,DEBUG;APEX_PROFILING,INFO;CALLOUT,INFO;DB,INFO;SYSTEM,DEBUG;VALIDATION,INFO;VISUALFORCE,DEBUG;WAVE,INFO;WORKFLOW,INFO
01:50:00.0 (330585)|USER_INFO|[EXTERNAL]|0057F000001fsdl|sfdcdevinstance.gbvprasad@gmail.com|Pacific Standard Time|GMT-07:00
01:50:00.0 (374583)|EXECUTION_STARTED
01:50:00.0 (378981)|CODE_UNIT_STARTED|[EXTERNAL]|0667F000006rAFY|VF: /apex/MapDemo
01:50:00.0 (1025166)|VF_DESERIALIZE_VIEWSTATE_BEGIN|0667F000006rAFY
01:50:00.0 (8214055)|VF_DESERIALIZE_VIEWSTATE_END
01:50:00.0 (10079973)|SYSTEM_MODE_ENTER|true
01:50:00.0 (10855103)|SYSTEM_MODE_ENTER|true
01:50:00.0 (11163334)|SYSTEM_MODE_ENTER|true
01:50:00.0 (11253233)|SYSTEM_MODE_ENTER|true
01:50:00.0 (11406218)|SYSTEM_MODE_ENTER|true
01:50:00.0 (11686207)|SYSTEM_MODE_ENTER|true
01:50:00.0 (11800959)|SYSTEM_MODE_ENTER|true
01:50:00.0 (11991354)|SYSTEM_MODE_ENTER|true
01:50:00.0 (12068843)|SYSTEM_MODE_ENTER|true
01:50:00.0 (12116787)|SYSTEM_MODE_ENTER|true
01:50:00.0 (16008445)|SYSTEM_MODE_ENTER|true
01:50:00.0 (16483288)|SYSTEM_MODE_ENTER|true
01:50:00.0 (18474876)|SYSTEM_MODE_ENTER|true
01:50:00.0 (18709917)|SYSTEM_MODE_ENTER|true
01:50:00.0 (20805396)|SYSTEM_MODE_ENTER|true
01:50:00.0 (21052105)|SYSTEM_MODE_ENTER|true
01:50:00.0 (23374814)|VF_SERIALIZE_VIEWSTATE_BEGIN|0667F000006rAFY
01:50:00.0 (26664889)|VF_SERIALIZE_VIEWSTATE_END
01:50:00.29 (29342685)|CUMULATIVE_LIMIT_USAGE
01:50:00.29 (29342685)|LIMIT_USAGE_FOR_NS|(default)|
  Number of SOQL queries: 0 out of 100
  Number of query rows: 0 out of 50000
  Number of SOSL queries: 0 out of 20
  Number of DML statements: 0 out of 150
  Number of DML rows: 0 out of 10000
  Maximum CPU time: 0 out of 10000
  Maximum heap size: 0 out of 6000000
  Number of callouts: 0 out of 100
  Number of Email Invocations: 0 out of 10
  Number of future calls: 0 out of 50
  Number of queueable jobs added to the queue: 0 out of 50
  Number of Mobile Apex push calls: 0 out of 10

01:50:00.29 (29342685)|CUMULATIVE_LIMIT_USAGE_END

01:50:00.0 (29387237)|CODE_UNIT_FINISHED|VF: /apex/MapDemo
01:50:00.0 (30616302)|EXECUTION_FINISHED
