34.0 APEX_CODE,DEBUG;APEX_PROFILING,INFO;CALLOUT,INFO;DB,INFO;SYSTEM,DEBUG;VALIDATION,INFO;VISUALFORCE,DEBUG;WAVE,INFO;WORKFLOW,INFO
01:49:44.0 (53077)|USER_INFO|[EXTERNAL]|0057F000001fsdl|sfdcdevinstance.gbvprasad@gmail.com|Pacific Standard Time|GMT-07:00
01:49:44.0 (102900)|EXECUTION_STARTED
01:49:44.0 (108243)|CODE_UNIT_STARTED|[EXTERNAL]|0667F000006rAFY|VF: /apex/MapDemo
01:49:44.0 (262722)|VF_DESERIALIZE_VIEWSTATE_BEGIN|0667F000006rAFY
01:49:44.0 (5330762)|VF_DESERIALIZE_VIEWSTATE_END
01:49:44.0 (6007513)|SYSTEM_MODE_ENTER|true
01:49:44.0 (6508845)|SYSTEM_MODE_ENTER|true
01:49:44.0 (6701096)|SYSTEM_MODE_ENTER|true
01:49:44.0 (6775140)|SYSTEM_MODE_ENTER|true
01:49:44.0 (6939756)|SYSTEM_MODE_ENTER|true
01:49:44.0 (7160516)|SYSTEM_MODE_ENTER|true
01:49:44.0 (7216112)|SYSTEM_MODE_ENTER|true
01:49:44.0 (7313792)|SYSTEM_MODE_ENTER|true
01:49:44.0 (7346377)|SYSTEM_MODE_ENTER|true
01:49:44.0 (7373820)|SYSTEM_MODE_ENTER|true
01:49:44.0 (10962938)|SYSTEM_MODE_ENTER|true
01:49:44.0 (11477810)|SYSTEM_MODE_ENTER|true
01:49:44.0 (13100758)|SYSTEM_MODE_ENTER|true
01:49:44.0 (13255333)|SYSTEM_MODE_ENTER|true
01:49:44.0 (14616724)|SYSTEM_MODE_ENTER|true
01:49:44.0 (14749935)|SYSTEM_MODE_ENTER|true
01:49:44.0 (16317728)|VF_SERIALIZE_VIEWSTATE_BEGIN|0667F000006rAFY
01:49:44.0 (18630569)|VF_SERIALIZE_VIEWSTATE_END
01:49:44.21 (21294835)|CUMULATIVE_LIMIT_USAGE
01:49:44.21 (21294835)|LIMIT_USAGE_FOR_NS|(default)|
  Number of SOQL queries: 0 out of 100
  Number of query rows: 0 out of 50000
  Number of SOSL queries: 0 out of 20
  Number of DML statements: 0 out of 150
  Number of DML rows: 0 out of 10000
  Maximum CPU time: 0 out of 10000
  Maximum heap size: 0 out of 6000000
  Number of callouts: 0 out of 100
  Number of Email Invocations: 0 out of 10
  Number of future calls: 0 out of 50
  Number of queueable jobs added to the queue: 0 out of 50
  Number of Mobile Apex push calls: 0 out of 10

01:49:44.21 (21294835)|CUMULATIVE_LIMIT_USAGE_END

01:49:44.0 (21341070)|CODE_UNIT_FINISHED|VF: /apex/MapDemo
01:49:44.0 (22734667)|EXECUTION_FINISHED
