34.0 APEX_CODE,DEBUG;APEX_PROFILING,INFO;CALLOUT,INFO;DB,INFO;SYSTEM,DEBUG;VALIDATION,INFO;VISUALFORCE,DEBUG;WAVE,INFO;WORKFLOW,INFO
01:49:12.0 (312243)|USER_INFO|[EXTERNAL]|0057F000001fsdl|sfdcdevinstance.gbvprasad@gmail.com|Pacific Standard Time|GMT-07:00
01:49:12.0 (344992)|EXECUTION_STARTED
01:49:12.0 (348951)|CODE_UNIT_STARTED|[EXTERNAL]|0667F000006rAFY|VF: /apex/MapDemo
01:49:12.0 (833942)|VF_DESERIALIZE_VIEWSTATE_BEGIN|0667F000006rAFY
01:49:12.0 (6862142)|VF_DESERIALIZE_VIEWSTATE_END
01:49:12.0 (8214051)|SYSTEM_MODE_ENTER|true
01:49:12.0 (8716853)|SYSTEM_MODE_ENTER|true
01:49:12.0 (8876304)|SYSTEM_MODE_ENTER|true
01:49:12.0 (8936214)|SYSTEM_MODE_ENTER|true
01:49:12.0 (9048897)|SYSTEM_MODE_ENTER|true
01:49:12.0 (9200494)|SYSTEM_MODE_ENTER|true
01:49:12.0 (9259190)|SYSTEM_MODE_ENTER|true
01:49:12.0 (9360208)|SYSTEM_MODE_ENTER|true
01:49:12.0 (9394998)|SYSTEM_MODE_ENTER|true
01:49:12.0 (9425119)|SYSTEM_MODE_ENTER|true
01:49:12.0 (11872670)|SYSTEM_MODE_ENTER|true
01:49:12.0 (12286439)|SYSTEM_MODE_ENTER|true
01:49:12.0 (13476726)|SYSTEM_MODE_ENTER|true
01:49:12.0 (13598656)|SYSTEM_MODE_ENTER|true
01:49:12.0 (14783977)|SYSTEM_MODE_ENTER|true
01:49:12.0 (14889805)|SYSTEM_MODE_ENTER|true
01:49:12.0 (15877302)|VF_SERIALIZE_VIEWSTATE_BEGIN|0667F000006rAFY
01:49:12.0 (17754135)|VF_SERIALIZE_VIEWSTATE_END
01:49:12.19 (19765476)|CUMULATIVE_LIMIT_USAGE
01:49:12.19 (19765476)|LIMIT_USAGE_FOR_NS|(default)|
  Number of SOQL queries: 0 out of 100
  Number of query rows: 0 out of 50000
  Number of SOSL queries: 0 out of 20
  Number of DML statements: 0 out of 150
  Number of DML rows: 0 out of 10000
  Maximum CPU time: 0 out of 10000
  Maximum heap size: 0 out of 6000000
  Number of callouts: 0 out of 100
  Number of Email Invocations: 0 out of 10
  Number of future calls: 0 out of 50
  Number of queueable jobs added to the queue: 0 out of 50
  Number of Mobile Apex push calls: 0 out of 10

01:49:12.19 (19765476)|CUMULATIVE_LIMIT_USAGE_END

01:49:12.0 (19798871)|CODE_UNIT_FINISHED|VF: /apex/MapDemo
01:49:12.0 (20942687)|EXECUTION_FINISHED
