34.0 APEX_CODE,DEBUG;APEX_PROFILING,INFO;CALLOUT,INFO;DB,INFO;SYSTEM,DEBUG;VALIDATION,INFO;VISUALFORCE,DEBUG;WAVE,INFO;WORKFLOW,INFO
23:36:49.0 (333879)|USER_INFO|[EXTERNAL]|0057F000001fsdl|sfdcdevinstance.gbvprasad@gmail.com|Pacific Standard Time|GMT-07:00
23:36:49.0 (369328)|EXECUTION_STARTED
23:36:49.0 (373774)|CODE_UNIT_STARTED|[EXTERNAL]|0667F000006rA8C|VF: /apex/DisplayErrorMessage
23:36:49.0 (809192)|VF_DESERIALIZE_VIEWSTATE_BEGIN|0667F000006rA8C
23:36:49.0 (5885617)|VF_DESERIALIZE_VIEWSTATE_END
23:36:49.0 (7528909)|SYSTEM_MODE_ENTER|true
23:36:49.0 (7834652)|SYSTEM_MODE_ENTER|true
23:36:49.0 (8655179)|VF_PAGE_MESSAGE|success
23:36:49.0 (11203980)|SYSTEM_MODE_ENTER|true
23:36:49.0 (11442988)|SYSTEM_MODE_ENTER|true
23:36:49.0 (11596625)|SYSTEM_MODE_ENTER|true
23:36:49.0 (11894482)|VF_SERIALIZE_VIEWSTATE_BEGIN|0667F000006rA8C
23:36:49.0 (13476431)|VF_SERIALIZE_VIEWSTATE_END
23:36:49.15 (15587641)|CUMULATIVE_LIMIT_USAGE
23:36:49.15 (15587641)|LIMIT_USAGE_FOR_NS|(default)|
  Number of SOQL queries: 0 out of 100
  Number of query rows: 0 out of 50000
  Number of SOSL queries: 0 out of 20
  Number of DML statements: 0 out of 150
  Number of DML rows: 0 out of 10000
  Maximum CPU time: 0 out of 10000
  Maximum heap size: 0 out of 6000000
  Number of callouts: 0 out of 100
  Number of Email Invocations: 0 out of 10
  Number of future calls: 0 out of 50
  Number of queueable jobs added to the queue: 0 out of 50
  Number of Mobile Apex push calls: 0 out of 10

23:36:49.15 (15587641)|CUMULATIVE_LIMIT_USAGE_END

23:36:49.0 (15630565)|CODE_UNIT_FINISHED|VF: /apex/DisplayErrorMessage
23:36:49.0 (16644144)|EXECUTION_FINISHED
