34.0 APEX_CODE,DEBUG;APEX_PROFILING,INFO;CALLOUT,INFO;DB,INFO;SYSTEM,DEBUG;VALIDATION,INFO;VISUALFORCE,DEBUG;WAVE,INFO;WORKFLOW,INFO
23:37:11.0 (385545)|USER_INFO|[EXTERNAL]|0057F000001fsdl|sfdcdevinstance.gbvprasad@gmail.com|Pacific Standard Time|GMT-07:00
23:37:11.0 (438769)|EXECUTION_STARTED
23:37:11.0 (445352)|CODE_UNIT_STARTED|[EXTERNAL]|0667F000006rA8C|VF: /apex/DisplayErrorMessage
23:37:11.0 (1037581)|VF_DESERIALIZE_VIEWSTATE_BEGIN|0667F000006rA8C
23:37:11.0 (7429546)|VF_DESERIALIZE_VIEWSTATE_END
23:37:11.0 (9223898)|SYSTEM_MODE_ENTER|true
23:37:11.0 (9450934)|SYSTEM_MODE_ENTER|true
23:37:11.0 (10532168)|VF_PAGE_MESSAGE|success
23:37:11.0 (14848705)|SYSTEM_MODE_ENTER|true
23:37:11.0 (15142674)|SYSTEM_MODE_ENTER|true
23:37:11.0 (15351096)|SYSTEM_MODE_ENTER|true
23:37:11.0 (15701449)|VF_SERIALIZE_VIEWSTATE_BEGIN|0667F000006rA8C
23:37:11.0 (17365285)|VF_SERIALIZE_VIEWSTATE_END
23:37:11.20 (20031671)|CUMULATIVE_LIMIT_USAGE
23:37:11.20 (20031671)|LIMIT_USAGE_FOR_NS|(default)|
  Number of SOQL queries: 0 out of 100
  Number of query rows: 0 out of 50000
  Number of SOSL queries: 0 out of 20
  Number of DML statements: 0 out of 150
  Number of DML rows: 0 out of 10000
  Maximum CPU time: 0 out of 10000
  Maximum heap size: 0 out of 6000000
  Number of callouts: 0 out of 100
  Number of Email Invocations: 0 out of 10
  Number of future calls: 0 out of 50
  Number of queueable jobs added to the queue: 0 out of 50
  Number of Mobile Apex push calls: 0 out of 10

23:37:11.20 (20031671)|CUMULATIVE_LIMIT_USAGE_END

23:37:11.0 (20078785)|CODE_UNIT_FINISHED|VF: /apex/DisplayErrorMessage
23:37:11.0 (21462381)|EXECUTION_FINISHED
