34.0 APEX_CODE,DEBUG;APEX_PROFILING,INFO;CALLOUT,INFO;DB,INFO;SYSTEM,DEBUG;VALIDATION,INFO;VISUALFORCE,DEBUG;WAVE,INFO;WORKFLOW,INFO
23:29:38.0 (465623)|USER_INFO|[EXTERNAL]|0057F000001fsdl|sfdcdevinstance.gbvprasad@gmail.com|Pacific Standard Time|GMT-07:00
23:29:38.0 (518500)|EXECUTION_STARTED
23:29:38.0 (524360)|CODE_UNIT_STARTED|[EXTERNAL]|0667F000006rA3u|VF: /apex/CallingMethodsDemo
23:29:38.0 (3579682)|SYSTEM_MODE_ENTER|true
23:29:38.0 (4503698)|SYSTEM_MODE_ENTER|true
23:29:38.0 (4625680)|SYSTEM_MODE_ENTER|true
23:29:38.0 (4718493)|SYSTEM_MODE_ENTER|true
23:29:38.0 (4803502)|SYSTEM_MODE_ENTER|true
23:29:38.0 (5153345)|VF_SERIALIZE_VIEWSTATE_BEGIN|0667F000006rA3u
23:29:38.0 (7130534)|VF_SERIALIZE_VIEWSTATE_END
23:29:38.9 (9353623)|CUMULATIVE_LIMIT_USAGE
23:29:38.9 (9353623)|LIMIT_USAGE_FOR_NS|(default)|
  Number of SOQL queries: 0 out of 100
  Number of query rows: 0 out of 50000
  Number of SOSL queries: 0 out of 20
  Number of DML statements: 0 out of 150
  Number of DML rows: 0 out of 10000
  Maximum CPU time: 0 out of 10000
  Maximum heap size: 0 out of 6000000
  Number of callouts: 0 out of 100
  Number of Email Invocations: 0 out of 10
  Number of future calls: 0 out of 50
  Number of queueable jobs added to the queue: 0 out of 50
  Number of Mobile Apex push calls: 0 out of 10

23:29:38.9 (9353623)|CUMULATIVE_LIMIT_USAGE_END

23:29:38.0 (9396888)|CODE_UNIT_FINISHED|VF: /apex/CallingMethodsDemo
23:29:38.0 (10299962)|EXECUTION_FINISHED
