34.0 APEX_CODE,DEBUG;APEX_PROFILING,INFO;CALLOUT,INFO;DB,INFO;SYSTEM,DEBUG;VALIDATION,INFO;VISUALFORCE,DEBUG;WAVE,INFO;WORKFLOW,INFO
01:57:59.0 (54410)|USER_INFO|[EXTERNAL]|0057F000001fsdl|sfdcdevinstance.gbvprasad@gmail.com|Pacific Standard Time|GMT-07:00
01:57:59.0 (209649)|EXECUTION_STARTED
01:57:59.0 (213986)|CODE_UNIT_STARTED|[EXTERNAL]|0667F000006rAFi|VF: /apex/SoqlDemo
01:57:59.0 (335722)|VF_DESERIALIZE_VIEWSTATE_BEGIN|0667F000006rAFi
01:57:59.0 (5231560)|VF_DESERIALIZE_VIEWSTATE_END
01:57:59.0 (5838506)|SYSTEM_MODE_ENTER|true
01:57:59.0 (6420440)|SYSTEM_MODE_ENTER|true
01:57:59.0 (6492044)|SYSTEM_MODE_ENTER|true
01:57:59.0 (6899625)|SYSTEM_MODE_ENTER|true
01:57:59.0 (6957964)|SYSTEM_MODE_ENTER|true
01:57:59.0 (8089902)|SOQL_EXECUTE_BEGIN|[18]|Aggregations:0|SELECT name, phone, industry, rating FROM account WHERE industry = :tmpVar1
01:57:59.0 (16193202)|SOQL_EXECUTE_END|[18]|Rows:3
01:57:59.0 (19783943)|SYSTEM_MODE_ENTER|true
01:57:59.0 (22290280)|SYSTEM_MODE_ENTER|true
01:57:59.0 (22646133)|SYSTEM_MODE_ENTER|true
01:57:59.0 (29954265)|VF_SERIALIZE_VIEWSTATE_BEGIN|0667F000006rAFi
01:57:59.0 (32409548)|VF_SERIALIZE_VIEWSTATE_END
01:57:59.34 (34965487)|CUMULATIVE_LIMIT_USAGE
01:57:59.34 (34965487)|LIMIT_USAGE_FOR_NS|(default)|
  Number of SOQL queries: 1 out of 100
  Number of query rows: 3 out of 50000
  Number of SOSL queries: 0 out of 20
  Number of DML statements: 0 out of 150
  Number of DML rows: 0 out of 10000
  Maximum CPU time: 0 out of 10000
  Maximum heap size: 0 out of 6000000
  Number of callouts: 0 out of 100
  Number of Email Invocations: 0 out of 10
  Number of future calls: 0 out of 50
  Number of queueable jobs added to the queue: 0 out of 50
  Number of Mobile Apex push calls: 0 out of 10

01:57:59.34 (34965487)|CUMULATIVE_LIMIT_USAGE_END

01:57:59.0 (34998966)|CODE_UNIT_FINISHED|VF: /apex/SoqlDemo
01:57:59.0 (36235157)|EXECUTION_FINISHED
