34.0 APEX_CODE,DEBUG;APEX_PROFILING,INFO;CALLOUT,INFO;DB,INFO;SYSTEM,DEBUG;VALIDATION,INFO;VISUALFORCE,DEBUG;WAVE,INFO;WORKFLOW,INFO
23:37:41.0 (353018)|USER_INFO|[EXTERNAL]|0057F000001fsdl|sfdcdevinstance.gbvprasad@gmail.com|Pacific Standard Time|GMT-07:00
23:37:41.0 (400822)|EXECUTION_STARTED
23:37:41.0 (405229)|CODE_UNIT_STARTED|[EXTERNAL]|0667F000006rA8C|VF: /apex/DisplayErrorMessage
23:37:41.0 (930833)|VF_DESERIALIZE_VIEWSTATE_BEGIN|0667F000006rA8C
23:37:41.0 (13556407)|VF_DESERIALIZE_VIEWSTATE_END
23:37:41.0 (15344550)|SYSTEM_MODE_ENTER|true
23:37:41.0 (15549569)|SYSTEM_MODE_ENTER|true
23:37:41.0 (16433677)|VF_PAGE_MESSAGE|success
23:37:41.0 (19606351)|SYSTEM_MODE_ENTER|true
23:37:41.0 (19904475)|SYSTEM_MODE_ENTER|true
23:37:41.0 (20101739)|SYSTEM_MODE_ENTER|true
23:37:41.0 (20427955)|VF_SERIALIZE_VIEWSTATE_BEGIN|0667F000006rA8C
23:37:41.0 (21862903)|VF_SERIALIZE_VIEWSTATE_END
23:37:41.23 (23965678)|CUMULATIVE_LIMIT_USAGE
23:37:41.23 (23965678)|LIMIT_USAGE_FOR_NS|(default)|
  Number of SOQL queries: 0 out of 100
  Number of query rows: 0 out of 50000
  Number of SOSL queries: 0 out of 20
  Number of DML statements: 0 out of 150
  Number of DML rows: 0 out of 10000
  Maximum CPU time: 0 out of 10000
  Maximum heap size: 0 out of 6000000
  Number of callouts: 0 out of 100
  Number of Email Invocations: 0 out of 10
  Number of future calls: 0 out of 50
  Number of queueable jobs added to the queue: 0 out of 50
  Number of Mobile Apex push calls: 0 out of 10

23:37:41.23 (23965678)|CUMULATIVE_LIMIT_USAGE_END

23:37:41.0 (24024771)|CODE_UNIT_FINISHED|VF: /apex/DisplayErrorMessage
23:37:41.0 (25276536)|EXECUTION_FINISHED
