34.0 APEX_CODE,DEBUG;APEX_PROFILING,INFO;CALLOUT,INFO;DB,INFO;SYSTEM,DEBUG;VALIDATION,INFO;VISUALFORCE,DEBUG;WAVE,INFO;WORKFLOW,INFO
00:47:50.0 (370084)|USER_INFO|[EXTERNAL]|0057F000001fsdl|sfdcdevinstance.gbvprasad@gmail.com|Pacific Standard Time|GMT-07:00
00:47:50.0 (410612)|EXECUTION_STARTED
00:47:50.0 (415758)|CODE_UNIT_STARTED|[EXTERNAL]|0667F000006rADI|VF: /apex/WAccOpty
00:47:50.0 (930119)|VF_DESERIALIZE_VIEWSTATE_BEGIN|0667F000006rADI
00:47:50.0 (9114043)|VF_DESERIALIZE_VIEWSTATE_END
00:47:50.0 (45900199)|SYSTEM_MODE_ENTER|true
00:47:50.0 (46295123)|SYSTEM_MODE_ENTER|true
00:47:50.0 (49246618)|SYSTEM_MODE_ENTER|true
00:47:50.0 (49379320)|SYSTEM_MODE_ENTER|true
00:47:50.0 (51768763)|VF_SERIALIZE_VIEWSTATE_BEGIN|0667F000006rADI
00:47:50.0 (53760687)|VF_SERIALIZE_VIEWSTATE_END
00:47:50.56 (56032866)|CUMULATIVE_LIMIT_USAGE
00:47:50.56 (56032866)|LIMIT_USAGE_FOR_NS|(default)|
  Number of SOQL queries: 0 out of 100
  Number of query rows: 0 out of 50000
  Number of SOSL queries: 0 out of 20
  Number of DML statements: 0 out of 150
  Number of DML rows: 0 out of 10000
  Maximum CPU time: 0 out of 10000
  Maximum heap size: 0 out of 6000000
  Number of callouts: 0 out of 100
  Number of Email Invocations: 0 out of 10
  Number of future calls: 0 out of 50
  Number of queueable jobs added to the queue: 0 out of 50
  Number of Mobile Apex push calls: 0 out of 10

00:47:50.56 (56032866)|CUMULATIVE_LIMIT_USAGE_END

00:47:50.0 (56067421)|CODE_UNIT_FINISHED|VF: /apex/WAccOpty
00:47:50.0 (57123977)|EXECUTION_FINISHED
