34.0 APEX_CODE,DEBUG;APEX_PROFILING,INFO;CALLOUT,INFO;DB,INFO;SYSTEM,DEBUG;VALIDATION,INFO;VISUALFORCE,DEBUG;WAVE,INFO;WORKFLOW,INFO
01:57:32.0 (112852)|USER_INFO|[EXTERNAL]|0057F000001fsdl|sfdcdevinstance.gbvprasad@gmail.com|Pacific Standard Time|GMT-07:00
01:57:32.0 (161077)|EXECUTION_STARTED
01:57:32.0 (166769)|CODE_UNIT_STARTED|[EXTERNAL]|0667F000006rAFi|VF: /apex/SoqlDemo
01:57:32.0 (335519)|VF_DESERIALIZE_VIEWSTATE_BEGIN|0667F000006rAFi
01:57:32.0 (5405640)|VF_DESERIALIZE_VIEWSTATE_END
01:57:32.0 (6012238)|SYSTEM_MODE_ENTER|true
01:57:32.0 (6275465)|SYSTEM_MODE_ENTER|true
01:57:32.0 (6360421)|SYSTEM_MODE_ENTER|true
01:57:32.0 (6529177)|SYSTEM_MODE_ENTER|true
01:57:32.0 (6596478)|SYSTEM_MODE_ENTER|true
01:57:32.0 (7766406)|SOQL_EXECUTE_BEGIN|[18]|Aggregations:0|SELECT name, phone, industry, rating FROM account WHERE industry = :tmpVar1
01:57:32.0 (16772142)|SOQL_EXECUTE_END|[18]|Rows:2
01:57:32.0 (19669615)|SYSTEM_MODE_ENTER|true
01:57:32.0 (21533405)|SYSTEM_MODE_ENTER|true
01:57:32.0 (21732619)|SYSTEM_MODE_ENTER|true
01:57:32.0 (24979920)|VF_SERIALIZE_VIEWSTATE_BEGIN|0667F000006rAFi
01:57:32.0 (27166606)|VF_SERIALIZE_VIEWSTATE_END
01:57:32.30 (30026287)|CUMULATIVE_LIMIT_USAGE
01:57:32.30 (30026287)|LIMIT_USAGE_FOR_NS|(default)|
  Number of SOQL queries: 1 out of 100
  Number of query rows: 2 out of 50000
  Number of SOSL queries: 0 out of 20
  Number of DML statements: 0 out of 150
  Number of DML rows: 0 out of 10000
  Maximum CPU time: 0 out of 10000
  Maximum heap size: 0 out of 6000000
  Number of callouts: 0 out of 100
  Number of Email Invocations: 0 out of 10
  Number of future calls: 0 out of 50
  Number of queueable jobs added to the queue: 0 out of 50
  Number of Mobile Apex push calls: 0 out of 10

01:57:32.30 (30026287)|CUMULATIVE_LIMIT_USAGE_END

01:57:32.0 (30062670)|CODE_UNIT_FINISHED|VF: /apex/SoqlDemo
01:57:32.0 (31155890)|EXECUTION_FINISHED
