34.0 APEX_CODE,DEBUG;APEX_PROFILING,INFO;CALLOUT,INFO;DB,INFO;SYSTEM,DEBUG;VALIDATION,INFO;VISUALFORCE,DEBUG;WAVE,INFO;WORKFLOW,INFO
01:35:19.0 (421418)|USER_INFO|[EXTERNAL]|0057F000001fsdl|sfdcdevinstance.gbvprasad@gmail.com|Pacific Standard Time|GMT-07:00
01:35:19.0 (461351)|EXECUTION_STARTED
01:35:19.0 (465525)|CODE_UNIT_STARTED|[EXTERNAL]|0667F000006rAEp|VF: /apex/List_Wrapper1
01:35:19.0 (2370190)|SYSTEM_MODE_ENTER|true
01:35:19.0 (3309460)|SYSTEM_MODE_ENTER|true
01:35:19.0 (4927028)|SYSTEM_MODE_ENTER|true
01:35:19.0 (5075906)|SYSTEM_MODE_ENTER|true
01:35:19.0 (5158408)|SYSTEM_MODE_ENTER|true
01:35:19.0 (6186212)|VF_SERIALIZE_VIEWSTATE_BEGIN|0667F000006rAEp
01:35:19.0 (8083786)|VF_SERIALIZE_VIEWSTATE_END
01:35:19.20 (20937661)|CUMULATIVE_LIMIT_USAGE
01:35:19.20 (20937661)|LIMIT_USAGE_FOR_NS|(default)|
  Number of SOQL queries: 0 out of 100
  Number of query rows: 0 out of 50000
  Number of SOSL queries: 0 out of 20
  Number of DML statements: 0 out of 150
  Number of DML rows: 0 out of 10000
  Maximum CPU time: 0 out of 10000
  Maximum heap size: 0 out of 6000000
  Number of callouts: 0 out of 100
  Number of Email Invocations: 0 out of 10
  Number of future calls: 0 out of 50
  Number of queueable jobs added to the queue: 0 out of 50
  Number of Mobile Apex push calls: 0 out of 10

01:35:19.20 (20937661)|CUMULATIVE_LIMIT_USAGE_END

01:35:19.0 (20986935)|CODE_UNIT_FINISHED|VF: /apex/List_Wrapper1
01:35:19.0 (22195492)|EXECUTION_FINISHED
