34.0 APEX_CODE,DEBUG;APEX_PROFILING,INFO;CALLOUT,INFO;DB,INFO;SYSTEM,DEBUG;VALIDATION,INFO;VISUALFORCE,DEBUG;WAVE,INFO;WORKFLOW,INFO
01:35:44.0 (308772)|USER_INFO|[EXTERNAL]|0057F000001fsdl|sfdcdevinstance.gbvprasad@gmail.com|Pacific Standard Time|GMT-07:00
01:35:44.0 (337787)|EXECUTION_STARTED
01:35:44.0 (341791)|CODE_UNIT_STARTED|[EXTERNAL]|0667F000006rAEp|VF: /apex/List_Wrapper1
01:35:44.0 (769871)|VF_DESERIALIZE_VIEWSTATE_BEGIN|0667F000006rAEp
01:35:44.0 (7169957)|VF_DESERIALIZE_VIEWSTATE_END
01:35:44.0 (8452838)|SYSTEM_MODE_ENTER|true
01:35:44.0 (8703370)|SYSTEM_MODE_ENTER|true
01:35:44.0 (8763930)|SYSTEM_MODE_ENTER|true
01:35:44.0 (8812537)|SYSTEM_MODE_ENTER|true
01:35:44.0 (9103405)|SYSTEM_MODE_ENTER|true
01:35:44.0 (9162143)|SYSTEM_MODE_ENTER|true
01:35:44.0 (9197731)|SYSTEM_MODE_ENTER|true
01:35:44.0 (11482425)|SYSTEM_MODE_ENTER|true
01:35:44.0 (12806964)|SYSTEM_MODE_ENTER|true
01:35:44.0 (12936575)|SYSTEM_MODE_ENTER|true
01:35:44.0 (13016176)|SYSTEM_MODE_ENTER|true
01:35:44.0 (14293822)|VF_SERIALIZE_VIEWSTATE_BEGIN|0667F000006rAEp
01:35:44.0 (16121339)|VF_SERIALIZE_VIEWSTATE_END
01:35:44.19 (19477644)|CUMULATIVE_LIMIT_USAGE
01:35:44.19 (19477644)|LIMIT_USAGE_FOR_NS|(default)|
  Number of SOQL queries: 0 out of 100
  Number of query rows: 0 out of 50000
  Number of SOSL queries: 0 out of 20
  Number of DML statements: 0 out of 150
  Number of DML rows: 0 out of 10000
  Maximum CPU time: 0 out of 10000
  Maximum heap size: 0 out of 6000000
  Number of callouts: 0 out of 100
  Number of Email Invocations: 0 out of 10
  Number of future calls: 0 out of 50
  Number of queueable jobs added to the queue: 0 out of 50
  Number of Mobile Apex push calls: 0 out of 10

01:35:44.19 (19477644)|CUMULATIVE_LIMIT_USAGE_END

01:35:44.0 (19515396)|CODE_UNIT_FINISHED|VF: /apex/List_Wrapper1
01:35:44.0 (20421606)|EXECUTION_FINISHED
