34.0 APEX_CODE,DEBUG;APEX_PROFILING,INFO;CALLOUT,INFO;DB,INFO;SYSTEM,DEBUG;VALIDATION,INFO;VISUALFORCE,DEBUG;WAVE,INFO;WORKFLOW,INFO
01:36:07.0 (343936)|USER_INFO|[EXTERNAL]|0057F000001fsdl|sfdcdevinstance.gbvprasad@gmail.com|Pacific Standard Time|GMT-07:00
01:36:07.0 (377452)|EXECUTION_STARTED
01:36:07.0 (381504)|CODE_UNIT_STARTED|[EXTERNAL]|0667F000006rAEp|VF: /apex/List_Wrapper1
01:36:07.0 (924244)|VF_DESERIALIZE_VIEWSTATE_BEGIN|0667F000006rAEp
01:36:07.0 (8201330)|VF_DESERIALIZE_VIEWSTATE_END
01:36:07.0 (9524892)|SYSTEM_MODE_ENTER|true
01:36:07.0 (9863363)|SYSTEM_MODE_ENTER|true
01:36:07.0 (9970739)|SYSTEM_MODE_ENTER|true
01:36:07.0 (10040569)|SYSTEM_MODE_ENTER|true
01:36:07.0 (10528873)|SYSTEM_MODE_ENTER|true
01:36:07.0 (10612559)|SYSTEM_MODE_ENTER|true
01:36:07.0 (10661540)|SYSTEM_MODE_ENTER|true
01:36:07.0 (13264206)|SYSTEM_MODE_ENTER|true
01:36:07.0 (14931738)|SYSTEM_MODE_ENTER|true
01:36:07.0 (15069004)|SYSTEM_MODE_ENTER|true
01:36:07.0 (15171453)|SYSTEM_MODE_ENTER|true
01:36:07.0 (17224751)|VF_SERIALIZE_VIEWSTATE_BEGIN|0667F000006rAEp
01:36:07.0 (19232552)|VF_SERIALIZE_VIEWSTATE_END
01:36:07.21 (21683465)|CUMULATIVE_LIMIT_USAGE
01:36:07.21 (21683465)|LIMIT_USAGE_FOR_NS|(default)|
  Number of SOQL queries: 0 out of 100
  Number of query rows: 0 out of 50000
  Number of SOSL queries: 0 out of 20
  Number of DML statements: 0 out of 150
  Number of DML rows: 0 out of 10000
  Maximum CPU time: 0 out of 10000
  Maximum heap size: 0 out of 6000000
  Number of callouts: 0 out of 100
  Number of Email Invocations: 0 out of 10
  Number of future calls: 0 out of 50
  Number of queueable jobs added to the queue: 0 out of 50
  Number of Mobile Apex push calls: 0 out of 10

01:36:07.21 (21683465)|CUMULATIVE_LIMIT_USAGE_END

01:36:07.0 (21721385)|CODE_UNIT_FINISHED|VF: /apex/List_Wrapper1
01:36:07.0 (22834691)|EXECUTION_FINISHED
