34.0 APEX_CODE,DEBUG;APEX_PROFILING,INFO;CALLOUT,INFO;DB,INFO;SYSTEM,DEBUG;VALIDATION,INFO;VISUALFORCE,DEBUG;WAVE,INFO;WORKFLOW,INFO
10:34:52.0 (795163)|USER_INFO|[EXTERNAL]|0057F000001fsdl|sfdcdevinstance.gbvprasad@gmail.com|Pacific Standard Time|GMT-07:00
10:34:52.0 (949352)|EXECUTION_STARTED
10:34:52.0 (957211)|CODE_UNIT_STARTED|[EXTERNAL]|01p7F00000N9u7Y|HelloWorldTest.hello
10:34:52.0 (9854640)|SYSTEM_MODE_ENTER|false
10:34:52.0 (9943358)|SYSTEM_MODE_EXIT|false
10:34:52.0 (10033453)|SYSTEM_MODE_ENTER|false
10:34:52.0 (10059489)|SYSTEM_MODE_EXIT|false
10:34:52.0 (10066723)|SYSTEM_MODE_ENTER|false
10:34:52.0 (10070926)|SYSTEM_MODE_EXIT|false
10:34:52.0 (10160894)|SYSTEM_MODE_ENTER|false
10:34:52.0 (10191705)|SYSTEM_MODE_EXIT|false
10:34:52.10 (10238318)|CUMULATIVE_LIMIT_USAGE
10:34:52.10 (10238318)|LIMIT_USAGE_FOR_NS|(default)|
  Number of SOQL queries: 0 out of 100
  Number of query rows: 0 out of 50000
  Number of SOSL queries: 0 out of 20
  Number of DML statements: 0 out of 150
  Number of DML rows: 0 out of 10000
  Maximum CPU time: 0 out of 10000
  Maximum heap size: 0 out of 6000000
  Number of callouts: 0 out of 100
  Number of Email Invocations: 0 out of 10
  Number of future calls: 0 out of 50
  Number of queueable jobs added to the queue: 0 out of 50
  Number of Mobile Apex push calls: 0 out of 10

10:34:52.10 (10238318)|CUMULATIVE_LIMIT_USAGE_END

10:34:52.0 (10280915)|CODE_UNIT_FINISHED|HelloWorldTest.hello
10:34:52.0 (11435213)|EXECUTION_FINISHED
