34.0 APEX_CODE,DEBUG;APEX_PROFILING,INFO;CALLOUT,INFO;DB,INFO;SYSTEM,DEBUG;VALIDATION,INFO;VISUALFORCE,DEBUG;WAVE,INFO;WORKFLOW,INFO
23:22:28.0 (313410)|USER_INFO|[EXTERNAL]|0057F000001fsdl|sfdcdevinstance.gbvprasad@gmail.com|Pacific Standard Time|GMT-07:00
23:22:28.0 (348907)|EXECUTION_STARTED
23:22:28.0 (354157)|CODE_UNIT_STARTED|[EXTERNAL]|0667F000006rA3B|VF: /apex/Addintegers
23:22:28.0 (2057115)|SYSTEM_MODE_ENTER|true
23:22:28.0 (4404737)|SYSTEM_MODE_ENTER|true
23:22:28.0 (4607679)|SYSTEM_MODE_ENTER|true
23:22:28.0 (4770914)|SYSTEM_MODE_ENTER|true
23:22:28.0 (5058608)|VF_SERIALIZE_VIEWSTATE_BEGIN|0667F000006rA3B
23:22:28.0 (6628878)|VF_SERIALIZE_VIEWSTATE_END
23:22:28.8 (8438625)|CUMULATIVE_LIMIT_USAGE
23:22:28.8 (8438625)|LIMIT_USAGE_FOR_NS|(default)|
  Number of SOQL queries: 0 out of 100
  Number of query rows: 0 out of 50000
  Number of SOSL queries: 0 out of 20
  Number of DML statements: 0 out of 150
  Number of DML rows: 0 out of 10000
  Maximum CPU time: 0 out of 10000
  Maximum heap size: 0 out of 6000000
  Number of callouts: 0 out of 100
  Number of Email Invocations: 0 out of 10
  Number of future calls: 0 out of 50
  Number of queueable jobs added to the queue: 0 out of 50
  Number of Mobile Apex push calls: 0 out of 10

23:22:28.8 (8438625)|CUMULATIVE_LIMIT_USAGE_END

23:22:28.0 (8479759)|CODE_UNIT_FINISHED|VF: /apex/Addintegers
23:22:28.0 (10473667)|EXECUTION_FINISHED
