42.0 APEX_CODE,FINEST;APEX_PROFILING,INFO;CALLOUT,INFO;DB,INFO;SYSTEM,DEBUG;VALIDATION,INFO;VISUALFORCE,INFO;WAVE,INFO;WORKFLOW,INFO
Execute Anonymous:  DemoforToolingApi obj = new DemoforToolingApi();
08:56:57.1 (1061953)|USER_INFO|[EXTERNAL]|0057F000001fsdl|sfdcdevinstance.gbvprasad@gmail.com|Pacific Standard Time|GMT-07:00
08:56:57.1 (1082694)|EXECUTION_STARTED
08:56:57.1 (1086584)|CODE_UNIT_STARTED|[EXTERNAL]|execute_anonymous_apex
08:56:57.1 (17265444)|VARIABLE_SCOPE_BEGIN|[1]|obj|DemoforToolingApi|true|false
08:56:57.1 (17387957)|HEAP_ALLOCATE|[72]|Bytes:3
08:56:57.1 (17429634)|HEAP_ALLOCATE|[77]|Bytes:152
08:56:57.1 (17444506)|HEAP_ALLOCATE|[342]|Bytes:408
08:56:57.1 (17457857)|HEAP_ALLOCATE|[355]|Bytes:408
08:56:57.1 (17468795)|HEAP_ALLOCATE|[467]|Bytes:48
08:56:57.1 (17493651)|HEAP_ALLOCATE|[139]|Bytes:6
08:56:57.1 (17507965)|HEAP_ALLOCATE|[EXTERNAL]|Bytes:1
08:56:57.1 (17528883)|STATEMENT_EXECUTE|[1]
08:56:57.1 (17531352)|STATEMENT_EXECUTE|[1]
08:56:57.1 (17558872)|HEAP_ALLOCATE|[1]|Bytes:4
08:56:57.1 (17565065)|HEAP_ALLOCATE|[1]|Bytes:2
08:56:57.1 (17598122)|METHOD_ENTRY|[1]|01p7F00000NBCEH|DemoforToolingApi.DemoforToolingApi()
08:56:57.1 (17604186)|STATEMENT_EXECUTE|[1]
08:56:57.1 (17607863)|STATEMENT_EXECUTE|[1]
08:56:57.1 (17611997)|METHOD_EXIT|[1]|DemoforToolingApi
08:56:57.1 (17635485)|HEAP_ALLOCATE|[1]|Bytes:24
08:56:57.1 (17664737)|HEAP_ALLOCATE|[50]|Bytes:5
08:56:57.1 (17683751)|HEAP_ALLOCATE|[56]|Bytes:5
08:56:57.1 (17690333)|HEAP_ALLOCATE|[64]|Bytes:7
08:56:57.1 (17710617)|SYSTEM_MODE_ENTER|false
08:56:57.1 (17728702)|HEAP_ALLOCATE|[1]|Bytes:5
08:56:57.1 (17738947)|CONSTRUCTOR_ENTRY|[1]|01p7F00000NBCEH|<init>()
08:56:57.1 (17760242)|VARIABLE_SCOPE_BEGIN|[7]|this|DemoforToolingApi|true|false
08:56:57.1 (17808629)|VARIABLE_ASSIGNMENT|[7]|this|{}|0x1846b94f
08:56:57.1 (17817173)|STATEMENT_EXECUTE|[1]
08:56:57.1 (17818625)|STATEMENT_EXECUTE|[3]
08:56:57.1 (17820023)|STATEMENT_EXECUTE|[4]
08:56:57.1 (17821178)|STATEMENT_EXECUTE|[5]
08:56:57.1 (17822319)|STATEMENT_EXECUTE|[6]
08:56:57.1 (17823478)|STATEMENT_EXECUTE|[12]
08:56:57.1 (17852572)|HEAP_ALLOCATE|[12]|Bytes:85
08:56:57.1 (17860832)|SYSTEM_METHOD_ENTRY|[1]|UserInfo.UserInfo()
08:56:57.1 (17864288)|STATEMENT_EXECUTE|[1]
08:56:57.1 (17869128)|SYSTEM_METHOD_EXIT|[1]|UserInfo
08:56:57.1 (17880480)|METHOD_ENTRY|[12]||System.UserInfo.getSessionId()
08:56:57.1 (22173457)|METHOD_EXIT|[12]||System.UserInfo.getSessionId()
08:56:57.1 (22203386)|VARIABLE_ASSIGNMENT|[12]|this.sToken|"00D7F000005lFCZ!ARwA (92 more) ..."|0x1846b94f
08:56:57.1 (22216881)|HEAP_ALLOCATE|[12]|Bytes:6
08:56:57.1 (22240231)|STATEMENT_EXECUTE|[8]
08:56:57.1 (22242140)|STATEMENT_EXECUTE|[9]
08:56:57.1 (22245753)|HEAP_ALLOCATE|[9]|Bytes:37
08:56:57.1 (22268299)|METHOD_ENTRY|[9]|01p7F00000NBCEH|DemoforToolingApi.httpCalloutMethod(String)
08:56:57.1 (22286350)|VARIABLE_SCOPE_BEGIN|[13]|this|DemoforToolingApi|true|false
08:56:57.1 (22311339)|VARIABLE_ASSIGNMENT|[13]|this|{"sToken":"00D7F000005lFCZ!ARwA (92 more) ..."}|0x1846b94f
08:56:57.1 (22318203)|VARIABLE_SCOPE_BEGIN|[13]|str|String|false|false
08:56:57.1 (22326087)|VARIABLE_ASSIGNMENT|[13]|str|"/services/data/v36.0 (17 more) ..."
08:56:57.1 (22331693)|STATEMENT_EXECUTE|[14]
08:56:57.1 (22333196)|STATEMENT_EXECUTE|[15]
08:56:57.1 (22334378)|STATEMENT_EXECUTE|[16]
08:56:57.1 (22335622)|STATEMENT_EXECUTE|[17]
08:56:57.1 (22476674)|VARIABLE_ASSIGNMENT|[17]|this.http|"System.Http[]"|0x1846b94f
08:56:57.1 (22484258)|STATEMENT_EXECUTE|[18]
08:56:57.1 (22544316)|VARIABLE_ASSIGNMENT|[18]|this.request|"System.HttpRequest[Endpoint=null, Method=null]"|0x1846b94f
08:56:57.1 (22550580)|STATEMENT_EXECUTE|[19]
08:56:57.1 (22586672)|HEAP_ALLOCATE|[19]|Bytes:64
08:56:57.1 (22597136)|SYSTEM_METHOD_ENTRY|[1]|Url.Url()
08:56:57.1 (22601018)|STATEMENT_EXECUTE|[1]
08:56:57.1 (22606425)|SYSTEM_METHOD_EXIT|[1]|Url
08:56:57.1 (22616167)|METHOD_ENTRY|[19]||System.Url.getSalesforceBaseUrl()
08:56:57.1 (22757124)|METHOD_EXIT|[19]||System.Url.getSalesforceBaseUrl()
08:56:57.1 (22771269)|METHOD_ENTRY|[19]||System.Url.toExternalForm()
08:56:57.1 (22811716)|METHOD_EXIT|[19]||System.Url.toExternalForm()
08:56:57.1 (22817394)|VARIABLE_SCOPE_BEGIN|[19]|getORGURL|String|false|false
08:56:57.1 (22829317)|VARIABLE_ASSIGNMENT|[19]|getORGURL|"https://newlight-dev (21 more) ..."
08:56:57.1 (22834024)|STATEMENT_EXECUTE|[21]
08:56:57.1 (22850683)|HEAP_ALLOCATE|[21]|Bytes:78
08:56:57.1 (22893380)|STATEMENT_EXECUTE|[22]
08:56:57.1 (22897854)|HEAP_ALLOCATE|[22]|Bytes:3
08:56:57.1 (22915032)|STATEMENT_EXECUTE|[23]
08:56:57.1 (22917844)|HEAP_ALLOCATE|[23]|Bytes:13
08:56:57.1 (22921842)|HEAP_ALLOCATE|[23]|Bytes:6
08:56:57.1 (22927658)|HEAP_ALLOCATE|[23]|Bytes:118
08:56:57.1 (22951490)|STATEMENT_EXECUTE|[25]
08:56:57.1 (22954604)|HEAP_ALLOCATE|[25]|Bytes:12
08:56:57.1 (22958477)|HEAP_ALLOCATE|[25]|Bytes:16
08:56:57.1 (22981782)|STATEMENT_EXECUTE|[26]
08:56:57.1 (22986623)|HEAP_ALLOCATE|[26]|Bytes:6
08:56:57.1 (23008997)|STATEMENT_EXECUTE|[27]
08:56:57.1 (23051013)|CALLOUT_REQUEST|[27]|System.HttpRequest[Endpoint=https://newlight-dev-ed.my.salesforce.com/services/data/v36.0/sobjects/Account, Method=GET]
08:56:57.1 (24931718)|EXCEPTION_THROWN|[27]|System.CalloutException: Unauthorized endpoint, please check Setup->Security->Remote site settings. endpoint = https://newlight-dev-ed.my.salesforce.com/services/data/v36.0/sobjects/Account
08:56:57.1 (25033121)|HEAP_ALLOCATE|[27]|Bytes:168
08:56:57.1 (25072594)|VARIABLE_SCOPE_BEGIN|[30]|e|Exception|true|false
08:56:57.1 (25141769)|VARIABLE_ASSIGNMENT|[30]|e|"common.apex.runtime.impl.ExecutionException: Unauthorized endpoint, please check Setup-\u003ESecurity-\u003ERemote site settings. endpoint = https://newlight-dev-ed.my.salesforce.com/services/data/v36.0/sobjects/Account"|0x4a6bf37e
08:56:57.1 (25150874)|STATEMENT_EXECUTE|[30]
08:56:57.1 (25152489)|STATEMENT_EXECUTE|[31]
08:56:57.1 (25155612)|HEAP_ALLOCATE|[31]|Bytes:10
08:56:57.1 (25199933)|HEAP_ALLOCATE|[31]|Bytes:189
08:56:57.1 (25213289)|HEAP_ALLOCATE|[31]|Bytes:199
08:56:57.1 (25228331)|USER_DEBUG|[31]|DEBUG|Error —-> System.CalloutException: Unauthorized endpoint, please check Setup->Security->Remote site settings. endpoint = https://newlight-dev-ed.my.salesforce.com/services/data/v36.0/sobjects/Account
08:56:57.1 (25238003)|STATEMENT_EXECUTE|[32]
08:56:57.1 (25243044)|METHOD_EXIT|[9]|01p7F00000NBCEH|DemoforToolingApi.httpCalloutMethod(String)
08:56:57.1 (25255921)|VARIABLE_ASSIGNMENT|[9]|this.returnValuestr|null|0x1846b94f
08:56:57.1 (25264901)|CONSTRUCTOR_EXIT|[1]|01p7F00000NBCEH|<init>()
08:56:57.1 (25275309)|SYSTEM_MODE_EXIT|false
08:56:57.1 (25378077)|VARIABLE_ASSIGNMENT|[1]|obj|{"http":"System.Http[]","request":"System.HttpRequest[Endpoint=https://newlight-dev-ed.my.salesforce.com/services/data/v36.0/sobjects/Account, Method=GET]","sToken":"SESSION_ID_REMOVED"}|0x1846b94f
08:56:57.25 (25404651)|CUMULATIVE_LIMIT_USAGE
08:56:57.25 (25404651)|LIMIT_USAGE_FOR_NS|(default)|
  Number of SOQL queries: 0 out of 100
  Number of query rows: 0 out of 50000
  Number of SOSL queries: 0 out of 20
  Number of DML statements: 0 out of 150
  Number of DML rows: 0 out of 10000
  Maximum CPU time: 0 out of 10000
  Maximum heap size: 0 out of 6000000
  Number of callouts: 1 out of 100
  Number of Email Invocations: 0 out of 10
  Number of future calls: 0 out of 50
  Number of queueable jobs added to the queue: 0 out of 50
  Number of Mobile Apex push calls: 0 out of 10

08:56:57.25 (25404651)|CUMULATIVE_LIMIT_USAGE_END

08:56:57.1 (25436931)|CODE_UNIT_FINISHED|execute_anonymous_apex
08:56:57.1 (26597140)|EXECUTION_FINISHED
