34.0 APEX_CODE,DEBUG;APEX_PROFILING,INFO;CALLOUT,INFO;DB,INFO;SYSTEM,DEBUG;VALIDATION,INFO;VISUALFORCE,DEBUG;WAVE,INFO;WORKFLOW,INFO
02:14:30.0 (286672)|USER_INFO|[EXTERNAL]|0057F000001fsdl|sfdcdevinstance.gbvprasad@gmail.com|Pacific Standard Time|GMT-07:00
02:14:30.0 (322890)|EXECUTION_STARTED
02:14:30.0 (326493)|CODE_UNIT_STARTED|[EXTERNAL]|0667F000006rAKF|VF: /apex/FieldDependencyDemo
02:14:30.0 (1832541)|SYSTEM_MODE_ENTER|true
02:14:30.0 (3388580)|SYSTEM_MODE_ENTER|true
02:14:30.0 (3649910)|SYSTEM_MODE_ENTER|true
02:14:30.0 (3757749)|SYSTEM_MODE_ENTER|true
02:14:30.0 (4051370)|VF_SERIALIZE_VIEWSTATE_BEGIN|0667F000006rAKF
02:14:30.0 (5700888)|VF_SERIALIZE_VIEWSTATE_END
02:14:30.7 (7967168)|CUMULATIVE_LIMIT_USAGE
02:14:30.7 (7967168)|LIMIT_USAGE_FOR_NS|(default)|
  Number of SOQL queries: 0 out of 100
  Number of query rows: 0 out of 50000
  Number of SOSL queries: 0 out of 20
  Number of DML statements: 0 out of 150
  Number of DML rows: 0 out of 10000
  Maximum CPU time: 0 out of 10000
  Maximum heap size: 0 out of 6000000
  Number of callouts: 0 out of 100
  Number of Email Invocations: 0 out of 10
  Number of future calls: 0 out of 50
  Number of queueable jobs added to the queue: 0 out of 50
  Number of Mobile Apex push calls: 0 out of 10

02:14:30.7 (7967168)|CUMULATIVE_LIMIT_USAGE_END

02:14:30.0 (8002674)|CODE_UNIT_FINISHED|VF: /apex/FieldDependencyDemo
02:14:30.0 (9112387)|EXECUTION_FINISHED
