34.0 APEX_CODE,DEBUG;APEX_PROFILING,INFO;CALLOUT,INFO;DB,INFO;SYSTEM,DEBUG;VALIDATION,INFO;VISUALFORCE,DEBUG;WAVE,INFO;WORKFLOW,INFO
00:48:11.0 (760770)|USER_INFO|[EXTERNAL]|0057F000001fsdl|sfdcdevinstance.gbvprasad@gmail.com|Pacific Standard Time|GMT-07:00
00:48:11.0 (817375)|EXECUTION_STARTED
00:48:11.0 (825450)|CODE_UNIT_STARTED|[EXTERNAL]|0667F000006rADI|VF: /apex/WAccOpty
00:48:11.0 (1515316)|VF_DESERIALIZE_VIEWSTATE_BEGIN|0667F000006rADI
00:48:11.0 (13835677)|VF_DESERIALIZE_VIEWSTATE_END
00:48:11.0 (15885006)|SYSTEM_MODE_ENTER|true
00:48:11.0 (16347623)|SYSTEM_MODE_ENTER|true
00:48:11.0 (21111237)|SYSTEM_MODE_ENTER|true
00:48:11.0 (21402429)|SYSTEM_MODE_ENTER|true
00:48:11.0 (25577347)|VF_SERIALIZE_VIEWSTATE_BEGIN|0667F000006rADI
00:48:11.0 (28576914)|VF_SERIALIZE_VIEWSTATE_END
00:48:11.32 (32568847)|CUMULATIVE_LIMIT_USAGE
00:48:11.32 (32568847)|LIMIT_USAGE_FOR_NS|(default)|
  Number of SOQL queries: 0 out of 100
  Number of query rows: 0 out of 50000
  Number of SOSL queries: 0 out of 20
  Number of DML statements: 0 out of 150
  Number of DML rows: 0 out of 10000
  Maximum CPU time: 0 out of 10000
  Maximum heap size: 0 out of 6000000
  Number of callouts: 0 out of 100
  Number of Email Invocations: 0 out of 10
  Number of future calls: 0 out of 50
  Number of queueable jobs added to the queue: 0 out of 50
  Number of Mobile Apex push calls: 0 out of 10

00:48:11.32 (32568847)|CUMULATIVE_LIMIT_USAGE_END

00:48:11.0 (32623778)|CODE_UNIT_FINISHED|VF: /apex/WAccOpty
00:48:11.0 (33937206)|EXECUTION_FINISHED
