34.0 APEX_CODE,DEBUG;APEX_PROFILING,INFO;CALLOUT,INFO;DB,INFO;SYSTEM,DEBUG;VALIDATION,INFO;VISUALFORCE,DEBUG;WAVE,INFO;WORKFLOW,INFO
21:59:27.0 (358925)|USER_INFO|[EXTERNAL]|0057F000001fsdl|sfdcdevinstance.gbvprasad@gmail.com|Pacific Standard Time|GMT-07:00
21:59:27.0 (408795)|EXECUTION_STARTED
21:59:27.0 (416248)|CODE_UNIT_STARTED|[EXTERNAL]|0667F000006r3fM|VF: /apex/StudentExamp
21:59:27.0 (2662245)|SYSTEM_MODE_ENTER|true
21:59:27.0 (3431797)|SYSTEM_MODE_ENTER|true
21:59:27.0 (3543202)|SYSTEM_MODE_ENTER|true
21:59:27.0 (3644094)|SYSTEM_MODE_ENTER|true
21:59:27.5 (5942468)|CUMULATIVE_LIMIT_USAGE
21:59:27.5 (5942468)|LIMIT_USAGE_FOR_NS|(default)|
  Number of SOQL queries: 0 out of 100
  Number of query rows: 0 out of 50000
  Number of SOSL queries: 0 out of 20
  Number of DML statements: 0 out of 150
  Number of DML rows: 0 out of 10000
  Maximum CPU time: 0 out of 10000
  Maximum heap size: 0 out of 6000000
  Number of callouts: 0 out of 100
  Number of Email Invocations: 0 out of 10
  Number of future calls: 0 out of 50
  Number of queueable jobs added to the queue: 0 out of 50
  Number of Mobile Apex push calls: 0 out of 10

21:59:27.5 (5942468)|CUMULATIVE_LIMIT_USAGE_END

21:59:27.0 (5979557)|CODE_UNIT_FINISHED|VF: /apex/StudentExamp
21:59:27.0 (7146686)|EXECUTION_FINISHED
