34.0 APEX_CODE,DEBUG;APEX_PROFILING,INFO;CALLOUT,INFO;DB,INFO;SYSTEM,DEBUG;VALIDATION,INFO;VISUALFORCE,DEBUG;WAVE,INFO;WORKFLOW,INFO
23:22:42.0 (524365)|USER_INFO|[EXTERNAL]|0057F000001fsdl|sfdcdevinstance.gbvprasad@gmail.com|Pacific Standard Time|GMT-07:00
23:22:42.0 (580243)|EXECUTION_STARTED
23:22:42.0 (586551)|CODE_UNIT_STARTED|[EXTERNAL]|0667F000006rA3B|VF: /apex/Addintegers
23:22:42.0 (1298749)|VF_DESERIALIZE_VIEWSTATE_BEGIN|0667F000006rA3B
23:22:42.0 (7917926)|VF_DESERIALIZE_VIEWSTATE_END
23:22:42.0 (9824678)|SYSTEM_MODE_ENTER|true
23:22:42.0 (10055792)|SYSTEM_MODE_ENTER|true
23:22:42.0 (10174837)|SYSTEM_MODE_ENTER|true
23:22:42.0 (10377657)|SYSTEM_MODE_ENTER|true
23:22:42.0 (10475990)|SYSTEM_MODE_ENTER|true
23:22:42.0 (10547125)|SYSTEM_MODE_ENTER|true
23:22:42.0 (14910463)|SYSTEM_MODE_ENTER|true
23:22:42.0 (15190587)|SYSTEM_MODE_ENTER|true
23:22:42.0 (15348177)|SYSTEM_MODE_ENTER|true
23:22:42.0 (15604206)|VF_SERIALIZE_VIEWSTATE_BEGIN|0667F000006rA3B
23:22:42.0 (17775045)|VF_SERIALIZE_VIEWSTATE_END
23:22:42.20 (20269749)|CUMULATIVE_LIMIT_USAGE
23:22:42.20 (20269749)|LIMIT_USAGE_FOR_NS|(default)|
  Number of SOQL queries: 0 out of 100
  Number of query rows: 0 out of 50000
  Number of SOSL queries: 0 out of 20
  Number of DML statements: 0 out of 150
  Number of DML rows: 0 out of 10000
  Maximum CPU time: 0 out of 10000
  Maximum heap size: 0 out of 6000000
  Number of callouts: 0 out of 100
  Number of Email Invocations: 0 out of 10
  Number of future calls: 0 out of 50
  Number of queueable jobs added to the queue: 0 out of 50
  Number of Mobile Apex push calls: 0 out of 10

23:22:42.20 (20269749)|CUMULATIVE_LIMIT_USAGE_END

23:22:42.0 (20328338)|CODE_UNIT_FINISHED|VF: /apex/Addintegers
23:22:42.0 (21298158)|EXECUTION_FINISHED
