34.0 APEX_CODE,DEBUG;APEX_PROFILING,INFO;CALLOUT,INFO;DB,INFO;SYSTEM,DEBUG;VALIDATION,INFO;VISUALFORCE,DEBUG;WAVE,INFO;WORKFLOW,INFO
01:57:21.0 (67637)|USER_INFO|[EXTERNAL]|0057F000001fsdl|sfdcdevinstance.gbvprasad@gmail.com|Pacific Standard Time|GMT-07:00
01:57:21.0 (107070)|EXECUTION_STARTED
01:57:21.0 (111218)|CODE_UNIT_STARTED|[EXTERNAL]|0667F000006rAFi|VF: /apex/SoqlDemo
01:57:21.0 (253110)|VF_DESERIALIZE_VIEWSTATE_BEGIN|0667F000006rAFi
01:57:21.0 (5520074)|VF_DESERIALIZE_VIEWSTATE_END
01:57:21.0 (6099158)|SYSTEM_MODE_ENTER|true
01:57:21.0 (6729096)|SYSTEM_MODE_ENTER|true
01:57:21.0 (6798832)|SYSTEM_MODE_ENTER|true
01:57:21.0 (7526898)|SYSTEM_MODE_ENTER|true
01:57:21.0 (7587697)|SYSTEM_MODE_ENTER|true
01:57:21.0 (8904169)|SOQL_EXECUTE_BEGIN|[15]|Aggregations:0|SELECT name, phone, industry, rating FROM account WHERE industry = 'Banking'
01:57:21.0 (17351888)|SOQL_EXECUTE_END|[15]|Rows:0
01:57:21.0 (20035264)|SYSTEM_MODE_ENTER|true
01:57:21.0 (21253132)|SYSTEM_MODE_ENTER|true
01:57:21.0 (21499443)|SYSTEM_MODE_ENTER|true
01:57:21.0 (22161818)|VF_SERIALIZE_VIEWSTATE_BEGIN|0667F000006rAFi
01:57:21.0 (24221088)|VF_SERIALIZE_VIEWSTATE_END
01:57:21.26 (26405228)|CUMULATIVE_LIMIT_USAGE
01:57:21.26 (26405228)|LIMIT_USAGE_FOR_NS|(default)|
  Number of SOQL queries: 1 out of 100
  Number of query rows: 0 out of 50000
  Number of SOSL queries: 0 out of 20
  Number of DML statements: 0 out of 150
  Number of DML rows: 0 out of 10000
  Maximum CPU time: 0 out of 10000
  Maximum heap size: 0 out of 6000000
  Number of callouts: 0 out of 100
  Number of Email Invocations: 0 out of 10
  Number of future calls: 0 out of 50
  Number of queueable jobs added to the queue: 0 out of 50
  Number of Mobile Apex push calls: 0 out of 10

01:57:21.26 (26405228)|CUMULATIVE_LIMIT_USAGE_END

01:57:21.0 (26438769)|CODE_UNIT_FINISHED|VF: /apex/SoqlDemo
01:57:21.0 (27597875)|EXECUTION_FINISHED
