34.0 APEX_CODE,DEBUG;APEX_PROFILING,INFO;CALLOUT,INFO;DB,INFO;SYSTEM,DEBUG;VALIDATION,INFO;VISUALFORCE,DEBUG;WAVE,INFO;WORKFLOW,INFO
01:48:59.0 (339605)|USER_INFO|[EXTERNAL]|0057F000001fsdl|sfdcdevinstance.gbvprasad@gmail.com|Pacific Standard Time|GMT-07:00
01:48:59.0 (389920)|EXECUTION_STARTED
01:48:59.0 (395646)|CODE_UNIT_STARTED|[EXTERNAL]|0667F000006rAFY|VF: /apex/MapDemo
01:48:59.0 (999020)|VF_DESERIALIZE_VIEWSTATE_BEGIN|0667F000006rAFY
01:48:59.0 (7688130)|VF_DESERIALIZE_VIEWSTATE_END
01:48:59.0 (9139614)|SYSTEM_MODE_ENTER|true
01:48:59.0 (9649738)|SYSTEM_MODE_ENTER|true
01:48:59.0 (9858994)|SYSTEM_MODE_ENTER|true
01:48:59.0 (9948549)|SYSTEM_MODE_ENTER|true
01:48:59.0 (10136681)|SYSTEM_MODE_ENTER|true
01:48:59.0 (10454756)|SYSTEM_MODE_ENTER|true
01:48:59.0 (10533430)|SYSTEM_MODE_ENTER|true
01:48:59.0 (10688039)|SYSTEM_MODE_ENTER|true
01:48:59.0 (10746573)|SYSTEM_MODE_ENTER|true
01:48:59.0 (10798321)|SYSTEM_MODE_ENTER|true
01:48:59.0 (13705747)|SYSTEM_MODE_ENTER|true
01:48:59.0 (14059083)|SYSTEM_MODE_ENTER|true
01:48:59.0 (15063435)|SYSTEM_MODE_ENTER|true
01:48:59.0 (15182250)|SYSTEM_MODE_ENTER|true
01:48:59.0 (16298286)|SYSTEM_MODE_ENTER|true
01:48:59.0 (16419627)|SYSTEM_MODE_ENTER|true
01:48:59.0 (17327188)|VF_SERIALIZE_VIEWSTATE_BEGIN|0667F000006rAFY
01:48:59.0 (18945012)|VF_SERIALIZE_VIEWSTATE_END
01:48:59.20 (20955050)|CUMULATIVE_LIMIT_USAGE
01:48:59.20 (20955050)|LIMIT_USAGE_FOR_NS|(default)|
  Number of SOQL queries: 0 out of 100
  Number of query rows: 0 out of 50000
  Number of SOSL queries: 0 out of 20
  Number of DML statements: 0 out of 150
  Number of DML rows: 0 out of 10000
  Maximum CPU time: 0 out of 10000
  Maximum heap size: 0 out of 6000000
  Number of callouts: 0 out of 100
  Number of Email Invocations: 0 out of 10
  Number of future calls: 0 out of 50
  Number of queueable jobs added to the queue: 0 out of 50
  Number of Mobile Apex push calls: 0 out of 10

01:48:59.20 (20955050)|CUMULATIVE_LIMIT_USAGE_END

01:48:59.0 (20992861)|CODE_UNIT_FINISHED|VF: /apex/MapDemo
01:48:59.0 (22058772)|EXECUTION_FINISHED
