34.0 APEX_CODE,DEBUG;APEX_PROFILING,INFO;CALLOUT,INFO;DB,INFO;SYSTEM,DEBUG;VALIDATION,INFO;VISUALFORCE,DEBUG;WAVE,INFO;WORKFLOW,INFO
23:37:08.0 (444716)|USER_INFO|[EXTERNAL]|0057F000001fsdl|sfdcdevinstance.gbvprasad@gmail.com|Pacific Standard Time|GMT-07:00
23:37:08.0 (496318)|EXECUTION_STARTED
23:37:08.0 (503418)|CODE_UNIT_STARTED|[EXTERNAL]|0667F000006rA8C|VF: /apex/DisplayErrorMessage
23:37:08.0 (1131155)|VF_DESERIALIZE_VIEWSTATE_BEGIN|0667F000006rA8C
23:37:08.0 (6713604)|VF_DESERIALIZE_VIEWSTATE_END
23:37:08.0 (7850367)|SYSTEM_MODE_ENTER|true
23:37:08.0 (8070556)|SYSTEM_MODE_ENTER|true
23:37:08.0 (9027344)|VF_PAGE_MESSAGE|success
23:37:08.0 (11775102)|SYSTEM_MODE_ENTER|true
23:37:08.0 (12045973)|SYSTEM_MODE_ENTER|true
23:37:08.0 (12236054)|SYSTEM_MODE_ENTER|true
23:37:08.0 (12579587)|VF_SERIALIZE_VIEWSTATE_BEGIN|0667F000006rA8C
23:37:08.0 (14167302)|VF_SERIALIZE_VIEWSTATE_END
23:37:08.16 (16473151)|CUMULATIVE_LIMIT_USAGE
23:37:08.16 (16473151)|LIMIT_USAGE_FOR_NS|(default)|
  Number of SOQL queries: 0 out of 100
  Number of query rows: 0 out of 50000
  Number of SOSL queries: 0 out of 20
  Number of DML statements: 0 out of 150
  Number of DML rows: 0 out of 10000
  Maximum CPU time: 0 out of 10000
  Maximum heap size: 0 out of 6000000
  Number of callouts: 0 out of 100
  Number of Email Invocations: 0 out of 10
  Number of future calls: 0 out of 50
  Number of queueable jobs added to the queue: 0 out of 50
  Number of Mobile Apex push calls: 0 out of 10

23:37:08.16 (16473151)|CUMULATIVE_LIMIT_USAGE_END

23:37:08.0 (16513713)|CODE_UNIT_FINISHED|VF: /apex/DisplayErrorMessage
23:37:08.0 (17725034)|EXECUTION_FINISHED
