34.0 APEX_CODE,DEBUG;APEX_PROFILING,INFO;CALLOUT,INFO;DB,INFO;SYSTEM,DEBUG;VALIDATION,INFO;VISUALFORCE,DEBUG;WAVE,INFO;WORKFLOW,INFO
00:48:22.0 (342262)|USER_INFO|[EXTERNAL]|0057F000001fsdl|sfdcdevinstance.gbvprasad@gmail.com|Pacific Standard Time|GMT-07:00
00:48:22.0 (375517)|EXECUTION_STARTED
00:48:22.0 (379311)|CODE_UNIT_STARTED|[EXTERNAL]|0667F000006rADI|VF: /apex/WAccOpty
00:48:22.0 (920806)|VF_DESERIALIZE_VIEWSTATE_BEGIN|0667F000006rADI
00:48:22.0 (8372033)|VF_DESERIALIZE_VIEWSTATE_END
00:48:22.0 (9606133)|SYSTEM_MODE_ENTER|true
00:48:22.0 (9869178)|SYSTEM_MODE_ENTER|true
00:48:22.0 (12603281)|SYSTEM_MODE_ENTER|true
00:48:22.0 (12734762)|SYSTEM_MODE_ENTER|true
00:48:22.0 (15315280)|VF_SERIALIZE_VIEWSTATE_BEGIN|0667F000006rADI
00:48:22.0 (16943115)|VF_SERIALIZE_VIEWSTATE_END
00:48:22.28 (28703051)|CUMULATIVE_LIMIT_USAGE
00:48:22.28 (28703051)|LIMIT_USAGE_FOR_NS|(default)|
  Number of SOQL queries: 0 out of 100
  Number of query rows: 0 out of 50000
  Number of SOSL queries: 0 out of 20
  Number of DML statements: 0 out of 150
  Number of DML rows: 0 out of 10000
  Maximum CPU time: 0 out of 10000
  Maximum heap size: 0 out of 6000000
  Number of callouts: 0 out of 100
  Number of Email Invocations: 0 out of 10
  Number of future calls: 0 out of 50
  Number of queueable jobs added to the queue: 0 out of 50
  Number of Mobile Apex push calls: 0 out of 10

00:48:22.28 (28703051)|CUMULATIVE_LIMIT_USAGE_END

00:48:22.0 (28746122)|CODE_UNIT_FINISHED|VF: /apex/WAccOpty
00:48:22.0 (30005842)|EXECUTION_FINISHED
