34.0 APEX_CODE,DEBUG;APEX_PROFILING,INFO;CALLOUT,INFO;DB,INFO;SYSTEM,DEBUG;VALIDATION,INFO;VISUALFORCE,DEBUG;WAVE,INFO;WORKFLOW,INFO
01:35:32.0 (333619)|USER_INFO|[EXTERNAL]|0057F000001fsdl|sfdcdevinstance.gbvprasad@gmail.com|Pacific Standard Time|GMT-07:00
01:35:32.0 (377408)|EXECUTION_STARTED
01:35:32.0 (383539)|CODE_UNIT_STARTED|[EXTERNAL]|0667F000006rAEp|VF: /apex/List_Wrapper1
01:35:32.0 (878386)|VF_DESERIALIZE_VIEWSTATE_BEGIN|0667F000006rAEp
01:35:32.0 (8448919)|VF_DESERIALIZE_VIEWSTATE_END
01:35:32.0 (10056819)|SYSTEM_MODE_ENTER|true
01:35:32.0 (10417545)|SYSTEM_MODE_ENTER|true
01:35:32.0 (10573658)|SYSTEM_MODE_ENTER|true
01:35:32.0 (10688600)|SYSTEM_MODE_ENTER|true
01:35:32.0 (10891123)|SYSTEM_MODE_ENTER|true
01:35:32.0 (10970516)|SYSTEM_MODE_ENTER|true
01:35:32.0 (11037275)|SYSTEM_MODE_ENTER|true
01:35:32.0 (13699531)|SYSTEM_MODE_ENTER|true
01:35:32.0 (15355182)|SYSTEM_MODE_ENTER|true
01:35:32.0 (15527428)|SYSTEM_MODE_ENTER|true
01:35:32.0 (15675091)|SYSTEM_MODE_ENTER|true
01:35:32.0 (16953230)|VF_SERIALIZE_VIEWSTATE_BEGIN|0667F000006rAEp
01:35:32.0 (19522012)|VF_SERIALIZE_VIEWSTATE_END
01:35:32.21 (21731920)|CUMULATIVE_LIMIT_USAGE
01:35:32.21 (21731920)|LIMIT_USAGE_FOR_NS|(default)|
  Number of SOQL queries: 0 out of 100
  Number of query rows: 0 out of 50000
  Number of SOSL queries: 0 out of 20
  Number of DML statements: 0 out of 150
  Number of DML rows: 0 out of 10000
  Maximum CPU time: 0 out of 10000
  Maximum heap size: 0 out of 6000000
  Number of callouts: 0 out of 100
  Number of Email Invocations: 0 out of 10
  Number of future calls: 0 out of 50
  Number of queueable jobs added to the queue: 0 out of 50
  Number of Mobile Apex push calls: 0 out of 10

01:35:32.21 (21731920)|CUMULATIVE_LIMIT_USAGE_END

01:35:32.0 (21765701)|CODE_UNIT_FINISHED|VF: /apex/List_Wrapper1
01:35:32.0 (22925814)|EXECUTION_FINISHED
