34.0 APEX_CODE,DEBUG;APEX_PROFILING,INFO;CALLOUT,INFO;DB,INFO;SYSTEM,DEBUG;VALIDATION,INFO;VISUALFORCE,DEBUG;WAVE,INFO;WORKFLOW,INFO
23:36:56.0 (332559)|USER_INFO|[EXTERNAL]|0057F000001fsdl|sfdcdevinstance.gbvprasad@gmail.com|Pacific Standard Time|GMT-07:00
23:36:56.0 (372212)|EXECUTION_STARTED
23:36:56.0 (376581)|CODE_UNIT_STARTED|[EXTERNAL]|0667F000006rA8C|VF: /apex/DisplayErrorMessage
23:36:56.0 (916932)|VF_DESERIALIZE_VIEWSTATE_BEGIN|0667F000006rA8C
23:36:56.0 (6110439)|VF_DESERIALIZE_VIEWSTATE_END
23:36:56.0 (7683722)|SYSTEM_MODE_ENTER|true
23:36:56.0 (7855918)|SYSTEM_MODE_ENTER|true
23:36:56.0 (8575597)|VF_PAGE_MESSAGE|success
23:36:56.0 (11370387)|SYSTEM_MODE_ENTER|true
23:36:56.0 (11611238)|SYSTEM_MODE_ENTER|true
23:36:56.0 (11770348)|SYSTEM_MODE_ENTER|true
23:36:56.0 (12075544)|VF_SERIALIZE_VIEWSTATE_BEGIN|0667F000006rA8C
23:36:56.0 (13547220)|VF_SERIALIZE_VIEWSTATE_END
23:36:56.15 (15433799)|CUMULATIVE_LIMIT_USAGE
23:36:56.15 (15433799)|LIMIT_USAGE_FOR_NS|(default)|
  Number of SOQL queries: 0 out of 100
  Number of query rows: 0 out of 50000
  Number of SOSL queries: 0 out of 20
  Number of DML statements: 0 out of 150
  Number of DML rows: 0 out of 10000
  Maximum CPU time: 0 out of 10000
  Maximum heap size: 0 out of 6000000
  Number of callouts: 0 out of 100
  Number of Email Invocations: 0 out of 10
  Number of future calls: 0 out of 50
  Number of queueable jobs added to the queue: 0 out of 50
  Number of Mobile Apex push calls: 0 out of 10

23:36:56.15 (15433799)|CUMULATIVE_LIMIT_USAGE_END

23:36:56.0 (15476597)|CODE_UNIT_FINISHED|VF: /apex/DisplayErrorMessage
23:36:56.0 (16264092)|EXECUTION_FINISHED
