34.0 APEX_CODE,DEBUG;APEX_PROFILING,INFO;CALLOUT,INFO;DB,INFO;SYSTEM,DEBUG;VALIDATION,INFO;VISUALFORCE,DEBUG;WAVE,INFO;WORKFLOW,INFO
01:36:34.0 (378201)|USER_INFO|[EXTERNAL]|0057F000001fsdl|sfdcdevinstance.gbvprasad@gmail.com|Pacific Standard Time|GMT-07:00
01:36:34.0 (430228)|EXECUTION_STARTED
01:36:34.0 (436775)|CODE_UNIT_STARTED|[EXTERNAL]|0667F000006rAEp|VF: /apex/List_Wrapper1
01:36:34.0 (1008127)|VF_DESERIALIZE_VIEWSTATE_BEGIN|0667F000006rAEp
01:36:34.0 (8944521)|VF_DESERIALIZE_VIEWSTATE_END
01:36:34.0 (10308428)|SYSTEM_MODE_ENTER|true
01:36:34.0 (10591820)|SYSTEM_MODE_ENTER|true
01:36:34.0 (10654250)|SYSTEM_MODE_ENTER|true
01:36:34.0 (10704516)|SYSTEM_MODE_ENTER|true
01:36:34.0 (11038022)|SYSTEM_MODE_ENTER|true
01:36:34.0 (11108546)|SYSTEM_MODE_ENTER|true
01:36:34.0 (11142938)|SYSTEM_MODE_ENTER|true
01:36:34.0 (13460849)|SYSTEM_MODE_ENTER|true
01:36:34.0 (14890640)|SYSTEM_MODE_ENTER|true
01:36:34.0 (15017773)|SYSTEM_MODE_ENTER|true
01:36:34.0 (15119308)|SYSTEM_MODE_ENTER|true
01:36:34.0 (16613406)|VF_SERIALIZE_VIEWSTATE_BEGIN|0667F000006rAEp
01:36:34.0 (18900058)|VF_SERIALIZE_VIEWSTATE_END
01:36:34.21 (21263139)|CUMULATIVE_LIMIT_USAGE
01:36:34.21 (21263139)|LIMIT_USAGE_FOR_NS|(default)|
  Number of SOQL queries: 0 out of 100
  Number of query rows: 0 out of 50000
  Number of SOSL queries: 0 out of 20
  Number of DML statements: 0 out of 150
  Number of DML rows: 0 out of 10000
  Maximum CPU time: 0 out of 10000
  Maximum heap size: 0 out of 6000000
  Number of callouts: 0 out of 100
  Number of Email Invocations: 0 out of 10
  Number of future calls: 0 out of 50
  Number of queueable jobs added to the queue: 0 out of 50
  Number of Mobile Apex push calls: 0 out of 10

01:36:34.21 (21263139)|CUMULATIVE_LIMIT_USAGE_END

01:36:34.0 (21305880)|CODE_UNIT_FINISHED|VF: /apex/List_Wrapper1
01:36:34.0 (22448843)|EXECUTION_FINISHED
