42.0 APEX_CODE,DEBUG;APEX_PROFILING,INFO;CALLOUT,INFO;DB,INFO;SYSTEM,DEBUG;VALIDATION,INFO;VISUALFORCE,DEBUG;WAVE,INFO;WORKFLOW,INFO
09:46:51.0 (271701)|USER_INFO|[EXTERNAL]|0057F000001fsdl|sfdcdevinstance.gbvprasad@gmail.com|Pacific Standard Time|GMT-07:00
09:46:51.0 (457973)|EXECUTION_STARTED
09:46:51.0 (462022)|CODE_UNIT_STARTED|[EXTERNAL]|DuplicateDetector
09:46:51.0 (471474)|DUPLICATE_DETECTION_BEGIN
09:46:51.0 (1000594)|DUPLICATE_DETECTION_RULE_INVOCATION|DuplicateRuleId:0Bm7F00000BaT7z|DuplicateRuleName:Standard Account Duplicate Rule|DmlType:INSERT
09:46:51.0 (83955166)|DUPLICATE_DETECTION_MATCH_INVOCATION_DETAILS|EntityType:Account|ActionTaken:Allow_[Alert,Report]|DuplicateRecordIds:
09:46:51.0 (83994255)|DUPLICATE_DETECTION_MATCH_INVOCATION_SUMMARY|EntityType:Account|NumRecordsToBeSaved:1|NumRecordsToBeSavedWithDuplicates:0|NumDuplicateRecordsFound:0
09:46:51.0 (84107557)|DUPLICATE_DETECTION_END
09:46:51.0 (84113314)|CODE_UNIT_FINISHED|DuplicateDetector
09:46:51.0 (84120897)|EXECUTION_FINISHED
09:46:51.136 (136503011)|USER_INFO|[EXTERNAL]|0057F000001fsdl|sfdcdevinstance.gbvprasad@gmail.com|Pacific Standard Time|GMT-07:00
09:46:51.142 (142184424)|CUMULATIVE_LIMIT_USAGE
09:46:51.142 (142184424)|LIMIT_USAGE_FOR_NS|(default)|
  Number of SOQL queries: 0 out of 100
  Number of query rows: 0 out of 50000
  Number of SOSL queries: 0 out of 20
  Number of DML statements: 0 out of 150
  Number of DML rows: 0 out of 10000
  Maximum CPU time: 0 out of 10000
  Maximum heap size: 0 out of 6000000
  Number of callouts: 0 out of 100
  Number of Email Invocations: 0 out of 10
  Number of future calls: 0 out of 50
  Number of queueable jobs added to the queue: 0 out of 50
  Number of Mobile Apex push calls: 0 out of 10

09:46:51.142 (142184424)|CUMULATIVE_LIMIT_USAGE_END

09:46:51.193 (193801385)|USER_INFO|[EXTERNAL]|0057F000001fsdl|sfdcdevinstance.gbvprasad@gmail.com|Pacific Standard Time|GMT-07:00
09:46:51.193 (193826515)|EXECUTION_STARTED
09:46:51.193 (193830809)|CODE_UNIT_STARTED|[EXTERNAL]|DuplicateDetector
09:46:51.193 (193839909)|DUPLICATE_DETECTION_BEGIN
09:46:51.193 (193919311)|DUPLICATE_DETECTION_RULE_INVOCATION|DuplicateRuleId:0Bm7F00000BaT7z|DuplicateRuleName:Standard Account Duplicate Rule|DmlType:INSERT
09:46:51.193 (202284250)|DUPLICATE_DETECTION_END
09:46:51.193 (202292853)|CODE_UNIT_FINISHED|DuplicateDetector
09:46:51.193 (203144302)|EXECUTION_FINISHED
