34.0 APEX_CODE,DEBUG;APEX_PROFILING,INFO;CALLOUT,INFO;DB,INFO;SYSTEM,DEBUG;VALIDATION,INFO;VISUALFORCE,DEBUG;WAVE,INFO;WORKFLOW,INFO
23:37:10.0 (403579)|USER_INFO|[EXTERNAL]|0057F000001fsdl|sfdcdevinstance.gbvprasad@gmail.com|Pacific Standard Time|GMT-07:00
23:37:10.0 (459128)|EXECUTION_STARTED
23:37:10.0 (465555)|CODE_UNIT_STARTED|[EXTERNAL]|0667F000006rA8C|VF: /apex/DisplayErrorMessage
23:37:10.0 (1047383)|VF_DESERIALIZE_VIEWSTATE_BEGIN|0667F000006rA8C
23:37:10.0 (16350975)|VF_DESERIALIZE_VIEWSTATE_END
23:37:10.0 (17583340)|SYSTEM_MODE_ENTER|true
23:37:10.0 (17753477)|SYSTEM_MODE_ENTER|true
23:37:10.0 (18666998)|VF_PAGE_MESSAGE|success
23:37:10.0 (21701862)|SYSTEM_MODE_ENTER|true
23:37:10.0 (21999490)|SYSTEM_MODE_ENTER|true
23:37:10.0 (22206858)|SYSTEM_MODE_ENTER|true
23:37:10.0 (22549816)|VF_SERIALIZE_VIEWSTATE_BEGIN|0667F000006rA8C
23:37:10.0 (24256835)|VF_SERIALIZE_VIEWSTATE_END
23:37:10.26 (26587012)|CUMULATIVE_LIMIT_USAGE
23:37:10.26 (26587012)|LIMIT_USAGE_FOR_NS|(default)|
  Number of SOQL queries: 0 out of 100
  Number of query rows: 0 out of 50000
  Number of SOSL queries: 0 out of 20
  Number of DML statements: 0 out of 150
  Number of DML rows: 0 out of 10000
  Maximum CPU time: 0 out of 10000
  Maximum heap size: 0 out of 6000000
  Number of callouts: 0 out of 100
  Number of Email Invocations: 0 out of 10
  Number of future calls: 0 out of 50
  Number of queueable jobs added to the queue: 0 out of 50
  Number of Mobile Apex push calls: 0 out of 10

23:37:10.26 (26587012)|CUMULATIVE_LIMIT_USAGE_END

23:37:10.0 (26635539)|CODE_UNIT_FINISHED|VF: /apex/DisplayErrorMessage
23:37:10.0 (27875139)|EXECUTION_FINISHED
