34.0 APEX_CODE,DEBUG;APEX_PROFILING,INFO;CALLOUT,INFO;DB,INFO;SYSTEM,DEBUG;VALIDATION,INFO;VISUALFORCE,DEBUG;WAVE,INFO;WORKFLOW,INFO
02:14:48.0 (378507)|USER_INFO|[EXTERNAL]|0057F000001fsdl|sfdcdevinstance.gbvprasad@gmail.com|Pacific Standard Time|GMT-07:00
02:14:48.0 (428290)|EXECUTION_STARTED
02:14:48.0 (435489)|CODE_UNIT_STARTED|[EXTERNAL]|0667F000006rAKF|VF: /apex/FieldDependencyDemo
02:14:48.0 (1107276)|VF_DESERIALIZE_VIEWSTATE_BEGIN|0667F000006rAKF
02:14:48.0 (10519917)|VF_DESERIALIZE_VIEWSTATE_END
02:14:48.0 (11779283)|SYSTEM_MODE_ENTER|true
02:14:48.0 (11945873)|SYSTEM_MODE_ENTER|true
02:14:48.0 (12039734)|SYSTEM_MODE_ENTER|true
02:14:48.0 (12213881)|SYSTEM_MODE_ENTER|true
02:14:48.0 (15040136)|SYSTEM_MODE_ENTER|true
02:14:48.0 (15388564)|SYSTEM_MODE_ENTER|true
02:14:48.0 (15535896)|SYSTEM_MODE_ENTER|true
02:14:48.0 (15924917)|VF_SERIALIZE_VIEWSTATE_BEGIN|0667F000006rAKF
02:14:48.0 (17962375)|VF_SERIALIZE_VIEWSTATE_END
02:14:48.20 (20345051)|CUMULATIVE_LIMIT_USAGE
02:14:48.20 (20345051)|LIMIT_USAGE_FOR_NS|(default)|
  Number of SOQL queries: 0 out of 100
  Number of query rows: 0 out of 50000
  Number of SOSL queries: 0 out of 20
  Number of DML statements: 0 out of 150
  Number of DML rows: 0 out of 10000
  Maximum CPU time: 0 out of 10000
  Maximum heap size: 0 out of 6000000
  Number of callouts: 0 out of 100
  Number of Email Invocations: 0 out of 10
  Number of future calls: 0 out of 50
  Number of queueable jobs added to the queue: 0 out of 50
  Number of Mobile Apex push calls: 0 out of 10

02:14:48.20 (20345051)|CUMULATIVE_LIMIT_USAGE_END

02:14:48.0 (20391055)|CODE_UNIT_FINISHED|VF: /apex/FieldDependencyDemo
02:14:48.0 (22794351)|EXECUTION_FINISHED
