34.0 APEX_CODE,DEBUG;APEX_PROFILING,INFO;CALLOUT,INFO;DB,INFO;SYSTEM,DEBUG;VALIDATION,INFO;VISUALFORCE,DEBUG;WAVE,INFO;WORKFLOW,INFO
00:48:25.0 (455657)|USER_INFO|[EXTERNAL]|0057F000001fsdl|sfdcdevinstance.gbvprasad@gmail.com|Pacific Standard Time|GMT-07:00
00:48:25.0 (495607)|EXECUTION_STARTED
00:48:25.0 (499902)|CODE_UNIT_STARTED|[EXTERNAL]|0667F000006rADI|VF: /apex/WAccOpty
00:48:25.0 (990630)|VF_DESERIALIZE_VIEWSTATE_BEGIN|0667F000006rADI
00:48:25.0 (9209714)|VF_DESERIALIZE_VIEWSTATE_END
00:48:25.0 (10460565)|SYSTEM_MODE_ENTER|true
00:48:25.0 (10673722)|SYSTEM_MODE_ENTER|true
00:48:25.0 (13300129)|SYSTEM_MODE_ENTER|true
00:48:25.0 (13420082)|SYSTEM_MODE_ENTER|true
00:48:25.0 (15823335)|VF_SERIALIZE_VIEWSTATE_BEGIN|0667F000006rADI
00:48:25.0 (17542427)|VF_SERIALIZE_VIEWSTATE_END
00:48:25.21 (21528246)|CUMULATIVE_LIMIT_USAGE
00:48:25.21 (21528246)|LIMIT_USAGE_FOR_NS|(default)|
  Number of SOQL queries: 0 out of 100
  Number of query rows: 0 out of 50000
  Number of SOSL queries: 0 out of 20
  Number of DML statements: 0 out of 150
  Number of DML rows: 0 out of 10000
  Maximum CPU time: 0 out of 10000
  Maximum heap size: 0 out of 6000000
  Number of callouts: 0 out of 100
  Number of Email Invocations: 0 out of 10
  Number of future calls: 0 out of 50
  Number of queueable jobs added to the queue: 0 out of 50
  Number of Mobile Apex push calls: 0 out of 10

00:48:25.21 (21528246)|CUMULATIVE_LIMIT_USAGE_END

00:48:25.0 (21572645)|CODE_UNIT_FINISHED|VF: /apex/WAccOpty
00:48:25.0 (22568950)|EXECUTION_FINISHED
