42.0 APEX_CODE,DEBUG;APEX_PROFILING,INFO;CALLOUT,INFO;DB,INFO;SYSTEM,DEBUG;VALIDATION,INFO;VISUALFORCE,DEBUG;WAVE,INFO;WORKFLOW,INFO
09:45:48.0 (83879)|USER_INFO|[EXTERNAL]|0057F000001fsdl|sfdcdevinstance.gbvprasad@gmail.com|Pacific Standard Time|GMT-07:00
09:45:48.0 (122778)|EXECUTION_STARTED
09:45:48.0 (127024)|CODE_UNIT_STARTED|[EXTERNAL]|DuplicateDetector
09:45:48.0 (149527)|DUPLICATE_DETECTION_BEGIN
09:45:48.0 (285289)|DUPLICATE_DETECTION_RULE_INVOCATION|DuplicateRuleId:0Bm7F00000BaT7z|DuplicateRuleName:Standard Account Duplicate Rule|DmlType:INSERT
09:45:48.0 (61967432)|DUPLICATE_DETECTION_MATCH_INVOCATION_DETAILS|EntityType:Account|ActionTaken:Allow_[Alert,Report]|DuplicateRecordIds:
09:45:48.0 (62019165)|DUPLICATE_DETECTION_MATCH_INVOCATION_SUMMARY|EntityType:Account|NumRecordsToBeSaved:1|NumRecordsToBeSavedWithDuplicates:0|NumDuplicateRecordsFound:0
09:45:48.0 (62203497)|DUPLICATE_DETECTION_END
09:45:48.0 (62213205)|CODE_UNIT_FINISHED|DuplicateDetector
09:45:48.0 (62221192)|EXECUTION_FINISHED
09:45:49.218 (1218714303)|USER_INFO|[EXTERNAL]|0057F000001fsdl|sfdcdevinstance.gbvprasad@gmail.com|Pacific Standard Time|GMT-07:00
09:45:49.222 (1222566621)|CUMULATIVE_LIMIT_USAGE
09:45:49.222 (1222566621)|LIMIT_USAGE_FOR_NS|(default)|
  Number of SOQL queries: 0 out of 100
  Number of query rows: 0 out of 50000
  Number of SOSL queries: 0 out of 20
  Number of DML statements: 0 out of 150
  Number of DML rows: 0 out of 10000
  Maximum CPU time: 0 out of 10000
  Maximum heap size: 0 out of 6000000
  Number of callouts: 0 out of 100
  Number of Email Invocations: 0 out of 10
  Number of future calls: 0 out of 50
  Number of queueable jobs added to the queue: 0 out of 50
  Number of Mobile Apex push calls: 0 out of 10

09:45:49.222 (1222566621)|CUMULATIVE_LIMIT_USAGE_END

09:45:49.276 (1276704005)|USER_INFO|[EXTERNAL]|0057F000001fsdl|sfdcdevinstance.gbvprasad@gmail.com|Pacific Standard Time|GMT-07:00
09:45:49.276 (1276730853)|EXECUTION_STARTED
09:45:49.276 (1276736165)|CODE_UNIT_STARTED|[EXTERNAL]|DuplicateDetector
09:45:49.276 (1276746064)|DUPLICATE_DETECTION_BEGIN
09:45:49.276 (1276833953)|DUPLICATE_DETECTION_RULE_INVOCATION|DuplicateRuleId:0Bm7F00000BaT7z|DuplicateRuleName:Standard Account Duplicate Rule|DmlType:INSERT
09:45:49.276 (1285921992)|DUPLICATE_DETECTION_END
09:45:49.276 (1285930059)|CODE_UNIT_FINISHED|DuplicateDetector
09:45:49.276 (1286719584)|EXECUTION_FINISHED
