34.0 APEX_CODE,DEBUG;APEX_PROFILING,INFO;CALLOUT,INFO;DB,INFO;SYSTEM,DEBUG;VALIDATION,INFO;VISUALFORCE,DEBUG;WAVE,INFO;WORKFLOW,INFO
01:36:15.0 (434521)|USER_INFO|[EXTERNAL]|0057F000001fsdl|sfdcdevinstance.gbvprasad@gmail.com|Pacific Standard Time|GMT-07:00
01:36:15.0 (479257)|EXECUTION_STARTED
01:36:15.0 (485595)|CODE_UNIT_STARTED|[EXTERNAL]|0667F000006rAEp|VF: /apex/List_Wrapper1
01:36:15.0 (1085978)|VF_DESERIALIZE_VIEWSTATE_BEGIN|0667F000006rAEp
01:36:15.0 (9730670)|VF_DESERIALIZE_VIEWSTATE_END
01:36:15.0 (10931677)|SYSTEM_MODE_ENTER|true
01:36:15.0 (11279241)|SYSTEM_MODE_ENTER|true
01:36:15.0 (11351517)|SYSTEM_MODE_ENTER|true
01:36:15.0 (11409577)|SYSTEM_MODE_ENTER|true
01:36:15.0 (11919115)|SYSTEM_MODE_ENTER|true
01:36:15.0 (11984375)|SYSTEM_MODE_ENTER|true
01:36:15.0 (12019132)|SYSTEM_MODE_ENTER|true
01:36:15.0 (14544328)|SYSTEM_MODE_ENTER|true
01:36:15.0 (16076276)|SYSTEM_MODE_ENTER|true
01:36:15.0 (16203943)|SYSTEM_MODE_ENTER|true
01:36:15.0 (16293602)|SYSTEM_MODE_ENTER|true
01:36:15.0 (17738059)|VF_SERIALIZE_VIEWSTATE_BEGIN|0667F000006rAEp
01:36:15.0 (19568492)|VF_SERIALIZE_VIEWSTATE_END
01:36:15.21 (21859398)|CUMULATIVE_LIMIT_USAGE
01:36:15.21 (21859398)|LIMIT_USAGE_FOR_NS|(default)|
  Number of SOQL queries: 0 out of 100
  Number of query rows: 0 out of 50000
  Number of SOSL queries: 0 out of 20
  Number of DML statements: 0 out of 150
  Number of DML rows: 0 out of 10000
  Maximum CPU time: 0 out of 10000
  Maximum heap size: 0 out of 6000000
  Number of callouts: 0 out of 100
  Number of Email Invocations: 0 out of 10
  Number of future calls: 0 out of 50
  Number of queueable jobs added to the queue: 0 out of 50
  Number of Mobile Apex push calls: 0 out of 10

01:36:15.21 (21859398)|CUMULATIVE_LIMIT_USAGE_END

01:36:15.0 (21893696)|CODE_UNIT_FINISHED|VF: /apex/List_Wrapper1
01:36:15.0 (22876197)|EXECUTION_FINISHED
