34.0 APEX_CODE,DEBUG;APEX_PROFILING,INFO;CALLOUT,INFO;DB,INFO;SYSTEM,DEBUG;VALIDATION,INFO;VISUALFORCE,DEBUG;WAVE,INFO;WORKFLOW,INFO
01:49:01.0 (352843)|USER_INFO|[EXTERNAL]|0057F000001fsdl|sfdcdevinstance.gbvprasad@gmail.com|Pacific Standard Time|GMT-07:00
01:49:01.0 (385142)|EXECUTION_STARTED
01:49:01.0 (389697)|CODE_UNIT_STARTED|[EXTERNAL]|0667F000006rAFY|VF: /apex/MapDemo
01:49:01.0 (901300)|VF_DESERIALIZE_VIEWSTATE_BEGIN|0667F000006rAFY
01:49:01.0 (6898307)|VF_DESERIALIZE_VIEWSTATE_END
01:49:01.0 (8248623)|SYSTEM_MODE_ENTER|true
01:49:01.0 (8685881)|SYSTEM_MODE_ENTER|true
01:49:01.0 (8848226)|SYSTEM_MODE_ENTER|true
01:49:01.0 (8905570)|SYSTEM_MODE_ENTER|true
01:49:01.0 (9017231)|SYSTEM_MODE_ENTER|true
01:49:01.0 (9113278)|SYSTEM_MODE_ENTER|true
01:49:01.0 (9166963)|SYSTEM_MODE_ENTER|true
01:49:01.0 (9256809)|SYSTEM_MODE_ENTER|true
01:49:01.0 (9290599)|SYSTEM_MODE_ENTER|true
01:49:01.0 (9319535)|SYSTEM_MODE_ENTER|true
01:49:01.0 (12033668)|SYSTEM_MODE_ENTER|true
01:49:01.0 (12461660)|SYSTEM_MODE_ENTER|true
01:49:01.0 (13704411)|SYSTEM_MODE_ENTER|true
01:49:01.0 (13827231)|SYSTEM_MODE_ENTER|true
01:49:01.0 (15163877)|SYSTEM_MODE_ENTER|true
01:49:01.0 (15304616)|SYSTEM_MODE_ENTER|true
01:49:01.0 (16329293)|VF_SERIALIZE_VIEWSTATE_BEGIN|0667F000006rAFY
01:49:01.0 (18461954)|VF_SERIALIZE_VIEWSTATE_END
01:49:01.20 (20521680)|CUMULATIVE_LIMIT_USAGE
01:49:01.20 (20521680)|LIMIT_USAGE_FOR_NS|(default)|
  Number of SOQL queries: 0 out of 100
  Number of query rows: 0 out of 50000
  Number of SOSL queries: 0 out of 20
  Number of DML statements: 0 out of 150
  Number of DML rows: 0 out of 10000
  Maximum CPU time: 0 out of 10000
  Maximum heap size: 0 out of 6000000
  Number of callouts: 0 out of 100
  Number of Email Invocations: 0 out of 10
  Number of future calls: 0 out of 50
  Number of queueable jobs added to the queue: 0 out of 50
  Number of Mobile Apex push calls: 0 out of 10

01:49:01.20 (20521680)|CUMULATIVE_LIMIT_USAGE_END

01:49:01.0 (20557108)|CODE_UNIT_FINISHED|VF: /apex/MapDemo
01:49:01.0 (21457297)|EXECUTION_FINISHED
