34.0 APEX_CODE,DEBUG;APEX_PROFILING,INFO;CALLOUT,INFO;DB,INFO;SYSTEM,DEBUG;VALIDATION,INFO;VISUALFORCE,DEBUG;WAVE,INFO;WORKFLOW,INFO
23:51:33.0 (301820)|USER_INFO|[EXTERNAL]|0057F000001fsdl|sfdcdevinstance.gbvprasad@gmail.com|Pacific Standard Time|GMT-07:00
23:51:33.0 (334318)|EXECUTION_STARTED
23:51:33.0 (339601)|CODE_UNIT_STARTED|[EXTERNAL]|0667F000006rA8M|VF: /apex/MultiObjinVF
23:51:33.0 (1979542)|SYSTEM_MODE_ENTER|true
23:51:33.0 (2937506)|SYSTEM_MODE_ENTER|true
23:51:33.0 (3734164)|SYSTEM_MODE_ENTER|true
23:51:33.0 (4330720)|SYSTEM_MODE_ENTER|true
23:51:33.0 (9006602)|VF_SERIALIZE_VIEWSTATE_BEGIN|0667F000006rA8M
23:51:33.0 (10542909)|VF_SERIALIZE_VIEWSTATE_END
23:51:33.12 (12838044)|CUMULATIVE_LIMIT_USAGE
23:51:33.12 (12838044)|LIMIT_USAGE_FOR_NS|(default)|
  Number of SOQL queries: 0 out of 100
  Number of query rows: 0 out of 50000
  Number of SOSL queries: 0 out of 20
  Number of DML statements: 0 out of 150
  Number of DML rows: 0 out of 10000
  Maximum CPU time: 0 out of 10000
  Maximum heap size: 0 out of 6000000
  Number of callouts: 0 out of 100
  Number of Email Invocations: 0 out of 10
  Number of future calls: 0 out of 50
  Number of queueable jobs added to the queue: 0 out of 50
  Number of Mobile Apex push calls: 0 out of 10

23:51:33.12 (12838044)|CUMULATIVE_LIMIT_USAGE_END

23:51:33.0 (12874763)|CODE_UNIT_FINISHED|VF: /apex/MultiObjinVF
23:51:33.0 (14067637)|EXECUTION_FINISHED
