34.0 APEX_CODE,DEBUG;APEX_PROFILING,INFO;CALLOUT,INFO;DB,INFO;SYSTEM,DEBUG;VALIDATION,INFO;VISUALFORCE,DEBUG;WAVE,INFO;WORKFLOW,INFO
23:31:31.0 (381917)|USER_INFO|[EXTERNAL]|0057F000001fsdl|sfdcdevinstance.gbvprasad@gmail.com|Pacific Standard Time|GMT-07:00
23:31:31.0 (420432)|EXECUTION_STARTED
23:31:31.0 (424280)|CODE_UNIT_STARTED|[EXTERNAL]|0667F000006rA3u|VF: /apex/CallingMethodsDemo
23:31:31.0 (934889)|VF_DESERIALIZE_VIEWSTATE_BEGIN|0667F000006rA3u
23:31:31.0 (5751698)|VF_DESERIALIZE_VIEWSTATE_END
23:31:31.0 (10869081)|SYSTEM_MODE_ENTER|true
23:31:31.0 (10980515)|SYSTEM_MODE_ENTER|true
23:31:31.0 (11043956)|SYSTEM_MODE_ENTER|true
23:31:31.0 (11102774)|SYSTEM_MODE_ENTER|true
23:31:31.0 (11324302)|VF_SERIALIZE_VIEWSTATE_BEGIN|0667F000006rA3u
23:31:31.0 (12599266)|VF_SERIALIZE_VIEWSTATE_END
23:31:31.14 (14243294)|CUMULATIVE_LIMIT_USAGE
23:31:31.14 (14243294)|LIMIT_USAGE_FOR_NS|(default)|
  Number of SOQL queries: 0 out of 100
  Number of query rows: 0 out of 50000
  Number of SOSL queries: 0 out of 20
  Number of DML statements: 0 out of 150
  Number of DML rows: 0 out of 10000
  Maximum CPU time: 0 out of 10000
  Maximum heap size: 0 out of 6000000
  Number of callouts: 0 out of 100
  Number of Email Invocations: 0 out of 10
  Number of future calls: 0 out of 50
  Number of queueable jobs added to the queue: 0 out of 50
  Number of Mobile Apex push calls: 0 out of 10

23:31:31.14 (14243294)|CUMULATIVE_LIMIT_USAGE_END

23:31:31.0 (14277845)|CODE_UNIT_FINISHED|VF: /apex/CallingMethodsDemo
23:31:31.0 (15355050)|EXECUTION_FINISHED
