34.0 APEX_CODE,DEBUG;APEX_PROFILING,INFO;CALLOUT,INFO;DB,INFO;SYSTEM,DEBUG;VALIDATION,INFO;VISUALFORCE,DEBUG;WAVE,INFO;WORKFLOW,INFO
02:21:21.0 (371658)|USER_INFO|[EXTERNAL]|0057F000001fsdl|sfdcdevinstance.gbvprasad@gmail.com|Pacific Standard Time|GMT-07:00
02:21:21.0 (405982)|EXECUTION_STARTED
02:21:21.0 (411447)|CODE_UNIT_STARTED|[EXTERNAL]|0667F000006rAKZ|VF: /apex/ParentChildSoql
02:21:21.0 (918236)|VF_DESERIALIZE_VIEWSTATE_BEGIN|0667F000006rAKZ
02:21:21.0 (5824840)|VF_DESERIALIZE_VIEWSTATE_END
02:21:21.0 (7521636)|SYSTEM_MODE_ENTER|true
02:21:21.0 (9744722)|SOQL_EXECUTE_BEGIN|[4]|Aggregations:1|SELECT name, phone, industry, (SELECT lastname FROM contacts) FROM account
02:21:21.0 (30217740)|SOQL_EXECUTE_END|[4]|Rows:14
02:21:21.0 (32906816)|SYSTEM_MODE_ENTER|true
02:21:21.0 (55706506)|VF_SERIALIZE_VIEWSTATE_BEGIN|0667F000006rAKZ
02:21:21.0 (58040494)|VF_SERIALIZE_VIEWSTATE_END
02:21:21.63 (63659954)|CUMULATIVE_LIMIT_USAGE
02:21:21.63 (63659954)|LIMIT_USAGE_FOR_NS|(default)|
  Number of SOQL queries: 1 out of 100
  Number of query rows: 34 out of 50000
  Number of SOSL queries: 0 out of 20
  Number of DML statements: 0 out of 150
  Number of DML rows: 0 out of 10000
  Maximum CPU time: 0 out of 10000
  Maximum heap size: 0 out of 6000000
  Number of callouts: 0 out of 100
  Number of Email Invocations: 0 out of 10
  Number of future calls: 0 out of 50
  Number of queueable jobs added to the queue: 0 out of 50
  Number of Mobile Apex push calls: 0 out of 10

02:21:21.63 (63659954)|CUMULATIVE_LIMIT_USAGE_END

02:21:21.0 (63692290)|CODE_UNIT_FINISHED|VF: /apex/ParentChildSoql
02:21:21.0 (64513187)|EXECUTION_FINISHED
