34.0 APEX_CODE,DEBUG;APEX_PROFILING,INFO;CALLOUT,INFO;DB,INFO;SYSTEM,DEBUG;VALIDATION,INFO;VISUALFORCE,DEBUG;WAVE,INFO;WORKFLOW,INFO
01:48:38.0 (271564)|USER_INFO|[EXTERNAL]|0057F000001fsdl|sfdcdevinstance.gbvprasad@gmail.com|Pacific Standard Time|GMT-07:00
01:48:38.0 (306193)|EXECUTION_STARTED
01:48:38.0 (309426)|CODE_UNIT_STARTED|[EXTERNAL]|0667F000006rAFY|VF: /apex/MapDemo
01:48:38.0 (767429)|VF_DESERIALIZE_VIEWSTATE_BEGIN|0667F000006rAFY
01:48:38.0 (6729355)|VF_DESERIALIZE_VIEWSTATE_END
01:48:38.0 (7685020)|SYSTEM_MODE_ENTER|true
01:48:38.0 (8083414)|SYSTEM_MODE_ENTER|true
01:48:38.0 (8228258)|SYSTEM_MODE_ENTER|true
01:48:38.0 (8281785)|SYSTEM_MODE_ENTER|true
01:48:38.0 (8389275)|SYSTEM_MODE_ENTER|true
01:48:38.0 (8532929)|SYSTEM_MODE_ENTER|true
01:48:38.0 (8588610)|SYSTEM_MODE_ENTER|true
01:48:38.0 (8678296)|SYSTEM_MODE_ENTER|true
01:48:38.0 (8710093)|SYSTEM_MODE_ENTER|true
01:48:38.0 (8739186)|SYSTEM_MODE_ENTER|true
01:48:38.0 (11116396)|SYSTEM_MODE_ENTER|true
01:48:38.0 (11458566)|SYSTEM_MODE_ENTER|true
01:48:38.0 (12475802)|SYSTEM_MODE_ENTER|true
01:48:38.0 (12586443)|SYSTEM_MODE_ENTER|true
01:48:38.0 (13648214)|SYSTEM_MODE_ENTER|true
01:48:38.0 (13750159)|SYSTEM_MODE_ENTER|true
01:48:38.0 (14740429)|VF_SERIALIZE_VIEWSTATE_BEGIN|0667F000006rAFY
01:48:38.0 (16729028)|VF_SERIALIZE_VIEWSTATE_END
01:48:38.18 (18699910)|CUMULATIVE_LIMIT_USAGE
01:48:38.18 (18699910)|LIMIT_USAGE_FOR_NS|(default)|
  Number of SOQL queries: 0 out of 100
  Number of query rows: 0 out of 50000
  Number of SOSL queries: 0 out of 20
  Number of DML statements: 0 out of 150
  Number of DML rows: 0 out of 10000
  Maximum CPU time: 0 out of 10000
  Maximum heap size: 0 out of 6000000
  Number of callouts: 0 out of 100
  Number of Email Invocations: 0 out of 10
  Number of future calls: 0 out of 50
  Number of queueable jobs added to the queue: 0 out of 50
  Number of Mobile Apex push calls: 0 out of 10

01:48:38.18 (18699910)|CUMULATIVE_LIMIT_USAGE_END

01:48:38.0 (18735891)|CODE_UNIT_FINISHED|VF: /apex/MapDemo
01:48:38.0 (19637763)|EXECUTION_FINISHED
