34.0 APEX_CODE,DEBUG;APEX_PROFILING,INFO;CALLOUT,INFO;DB,INFO;SYSTEM,DEBUG;VALIDATION,INFO;VISUALFORCE,DEBUG;WAVE,INFO;WORKFLOW,INFO
Execute Anonymous: List_Demo a = new List_Demo();
23:20:01.12 (12709762)|USER_INFO|[EXTERNAL]|0057F000001fsdl|sfdcdevinstance.gbvprasad@gmail.com|Pacific Standard Time|GMT-07:00
23:20:01.12 (12730678)|EXECUTION_STARTED
23:20:01.12 (12735165)|CODE_UNIT_STARTED|[EXTERNAL]|execute_anonymous_apex
23:20:01.12 (36319183)|SYSTEM_MODE_ENTER|false
23:20:01.12 (36591542)|USER_DEBUG|[7]|DEBUG|1
23:20:01.12 (36657427)|USER_DEBUG|[8]|DEBUG|(1, 2)
23:20:01.12 (36687012)|USER_DEBUG|[9]|DEBUG|false
23:20:01.12 (36711120)|USER_DEBUG|[10]|DEBUG|2
23:20:01.12 (36751066)|USER_DEBUG|[12]|DEBUG|(2)
23:20:01.12 (36795292)|USER_DEBUG|[14]|DEBUG|(1, 2)
23:20:01.12 (36815387)|USER_DEBUG|[16]|DEBUG|()
23:20:01.12 (36826062)|SYSTEM_MODE_EXIT|false
23:20:01.36 (36858413)|CUMULATIVE_LIMIT_USAGE
23:20:01.36 (36858413)|LIMIT_USAGE_FOR_NS|(default)|
  Number of SOQL queries: 0 out of 100
  Number of query rows: 0 out of 50000
  Number of SOSL queries: 0 out of 20
  Number of DML statements: 0 out of 150
  Number of DML rows: 0 out of 10000
  Maximum CPU time: 0 out of 10000
  Maximum heap size: 0 out of 6000000
  Number of callouts: 0 out of 100
  Number of Email Invocations: 0 out of 10
  Number of future calls: 0 out of 50
  Number of queueable jobs added to the queue: 0 out of 50
  Number of Mobile Apex push calls: 0 out of 10

23:20:01.36 (36858413)|CUMULATIVE_LIMIT_USAGE_END

23:20:01.12 (36899440)|CODE_UNIT_FINISHED|execute_anonymous_apex
23:20:01.12 (38109696)|EXECUTION_FINISHED
