34.0 APEX_CODE,DEBUG;APEX_PROFILING,INFO;CALLOUT,INFO;DB,INFO;SYSTEM,DEBUG;VALIDATION,INFO;VISUALFORCE,DEBUG;WAVE,INFO;WORKFLOW,INFO
01:56:05.0 (477748)|USER_INFO|[EXTERNAL]|0057F000001fsdl|sfdcdevinstance.gbvprasad@gmail.com|Pacific Standard Time|GMT-07:00
01:56:05.0 (520625)|EXECUTION_STARTED
01:56:05.0 (525065)|CODE_UNIT_STARTED|[EXTERNAL]|0667F000006rAFi|VF: /apex/SoqlDemo
01:56:05.0 (1050016)|VF_DESERIALIZE_VIEWSTATE_BEGIN|0667F000006rAFi
01:56:05.0 (8666449)|VF_DESERIALIZE_VIEWSTATE_END
01:56:05.0 (9530266)|SYSTEM_MODE_ENTER|true
01:56:05.0 (10122058)|SYSTEM_MODE_ENTER|true
01:56:05.0 (10193966)|SYSTEM_MODE_ENTER|true
01:56:05.0 (10648350)|SYSTEM_MODE_ENTER|true
01:56:05.0 (10737561)|SYSTEM_MODE_ENTER|true
01:56:05.0 (12736449)|SOQL_EXECUTE_BEGIN|[9]|Aggregations:0|SELECT name, phone, industry, rating FROM account LIMIT :tmpVar1
01:56:05.0 (52948105)|SOQL_EXECUTE_END|[9]|Rows:5
01:56:05.0 (56200351)|SYSTEM_MODE_ENTER|true
01:56:05.0 (58628419)|SYSTEM_MODE_ENTER|true
01:56:05.0 (58900504)|SYSTEM_MODE_ENTER|true
01:56:05.0 (66535108)|VF_SERIALIZE_VIEWSTATE_BEGIN|0667F000006rAFi
01:56:05.0 (68448714)|VF_SERIALIZE_VIEWSTATE_END
01:56:05.70 (70969779)|CUMULATIVE_LIMIT_USAGE
01:56:05.70 (70969779)|LIMIT_USAGE_FOR_NS|(default)|
  Number of SOQL queries: 1 out of 100
  Number of query rows: 5 out of 50000
  Number of SOSL queries: 0 out of 20
  Number of DML statements: 0 out of 150
  Number of DML rows: 0 out of 10000
  Maximum CPU time: 0 out of 10000
  Maximum heap size: 0 out of 6000000
  Number of callouts: 0 out of 100
  Number of Email Invocations: 0 out of 10
  Number of future calls: 0 out of 50
  Number of queueable jobs added to the queue: 0 out of 50
  Number of Mobile Apex push calls: 0 out of 10

01:56:05.70 (70969779)|CUMULATIVE_LIMIT_USAGE_END

01:56:05.0 (71010702)|CODE_UNIT_FINISHED|VF: /apex/SoqlDemo
01:56:05.0 (72115962)|EXECUTION_FINISHED
