34.0 APEX_CODE,DEBUG;APEX_PROFILING,INFO;CALLOUT,INFO;DB,INFO;SYSTEM,DEBUG;VALIDATION,INFO;VISUALFORCE,DEBUG;WAVE,INFO;WORKFLOW,INFO
01:00:37.0 (326833)|USER_INFO|[EXTERNAL]|0057F000001fsdl|sfdcdevinstance.gbvprasad@gmail.com|Pacific Standard Time|GMT-07:00
01:00:37.0 (375523)|EXECUTION_STARTED
01:00:37.0 (381297)|CODE_UNIT_STARTED|[EXTERNAL]|0667F000006rADX|VF: /apex/ArrayDemo
01:00:37.0 (2281914)|SYSTEM_MODE_ENTER|true
01:00:37.0 (3018845)|SYSTEM_MODE_ENTER|true
01:00:37.5 (5461745)|CUMULATIVE_LIMIT_USAGE
01:00:37.5 (5461745)|LIMIT_USAGE_FOR_NS|(default)|
  Number of SOQL queries: 0 out of 100
  Number of query rows: 0 out of 50000
  Number of SOSL queries: 0 out of 20
  Number of DML statements: 0 out of 150
  Number of DML rows: 0 out of 10000
  Maximum CPU time: 0 out of 10000
  Maximum heap size: 0 out of 6000000
  Number of callouts: 0 out of 100
  Number of Email Invocations: 0 out of 10
  Number of future calls: 0 out of 50
  Number of queueable jobs added to the queue: 0 out of 50
  Number of Mobile Apex push calls: 0 out of 10

01:00:37.5 (5461745)|CUMULATIVE_LIMIT_USAGE_END

01:00:37.0 (5497886)|CODE_UNIT_FINISHED|VF: /apex/ArrayDemo
01:00:37.0 (6674643)|EXECUTION_FINISHED
