34.0 APEX_CODE,DEBUG;APEX_PROFILING,INFO;CALLOUT,INFO;DB,INFO;SYSTEM,DEBUG;VALIDATION,INFO;VISUALFORCE,DEBUG;WAVE,INFO;WORKFLOW,INFO
01:50:10.0 (384386)|USER_INFO|[EXTERNAL]|0057F000001fsdl|sfdcdevinstance.gbvprasad@gmail.com|Pacific Standard Time|GMT-07:00
01:50:10.0 (440635)|EXECUTION_STARTED
01:50:10.0 (445593)|CODE_UNIT_STARTED|[EXTERNAL]|0667F000006rAFY|VF: /apex/MapDemo
01:50:10.0 (1083893)|VF_DESERIALIZE_VIEWSTATE_BEGIN|0667F000006rAFY
01:50:10.0 (8502250)|VF_DESERIALIZE_VIEWSTATE_END
01:50:10.0 (9894407)|SYSTEM_MODE_ENTER|true
01:50:10.0 (10318950)|SYSTEM_MODE_ENTER|true
01:50:10.0 (10474712)|SYSTEM_MODE_ENTER|true
01:50:10.0 (10525887)|SYSTEM_MODE_ENTER|true
01:50:10.0 (10619583)|SYSTEM_MODE_ENTER|true
01:50:10.0 (10777444)|SYSTEM_MODE_ENTER|true
01:50:10.0 (10831639)|SYSTEM_MODE_ENTER|true
01:50:10.0 (10912108)|SYSTEM_MODE_ENTER|true
01:50:10.0 (10943220)|SYSTEM_MODE_ENTER|true
01:50:10.0 (10968640)|SYSTEM_MODE_ENTER|true
01:50:10.0 (13491668)|SYSTEM_MODE_ENTER|true
01:50:10.0 (13804502)|SYSTEM_MODE_ENTER|true
01:50:10.0 (15005010)|SYSTEM_MODE_ENTER|true
01:50:10.0 (15137394)|SYSTEM_MODE_ENTER|true
01:50:10.0 (16598611)|SYSTEM_MODE_ENTER|true
01:50:10.0 (16747020)|SYSTEM_MODE_ENTER|true
01:50:10.0 (18310770)|VF_SERIALIZE_VIEWSTATE_BEGIN|0667F000006rAFY
01:50:10.0 (21000343)|VF_SERIALIZE_VIEWSTATE_END
01:50:10.23 (23749295)|CUMULATIVE_LIMIT_USAGE
01:50:10.23 (23749295)|LIMIT_USAGE_FOR_NS|(default)|
  Number of SOQL queries: 0 out of 100
  Number of query rows: 0 out of 50000
  Number of SOSL queries: 0 out of 20
  Number of DML statements: 0 out of 150
  Number of DML rows: 0 out of 10000
  Maximum CPU time: 0 out of 10000
  Maximum heap size: 0 out of 6000000
  Number of callouts: 0 out of 100
  Number of Email Invocations: 0 out of 10
  Number of future calls: 0 out of 50
  Number of queueable jobs added to the queue: 0 out of 50
  Number of Mobile Apex push calls: 0 out of 10

01:50:10.23 (23749295)|CUMULATIVE_LIMIT_USAGE_END

01:50:10.0 (23809523)|CODE_UNIT_FINISHED|VF: /apex/MapDemo
01:50:10.0 (24778839)|EXECUTION_FINISHED
