34.0 APEX_CODE,DEBUG;APEX_PROFILING,INFO;CALLOUT,INFO;DB,INFO;SYSTEM,DEBUG;VALIDATION,INFO;VISUALFORCE,DEBUG;WAVE,INFO;WORKFLOW,INFO
23:22:40.0 (368329)|USER_INFO|[EXTERNAL]|0057F000001fsdl|sfdcdevinstance.gbvprasad@gmail.com|Pacific Standard Time|GMT-07:00
23:22:40.0 (412849)|EXECUTION_STARTED
23:22:40.0 (418386)|CODE_UNIT_STARTED|[EXTERNAL]|0667F000006rA3B|VF: /apex/Addintegers
23:22:40.0 (895640)|VF_DESERIALIZE_VIEWSTATE_BEGIN|0667F000006rA3B
23:22:40.0 (5664174)|VF_DESERIALIZE_VIEWSTATE_END
23:22:40.0 (7436547)|SYSTEM_MODE_ENTER|true
23:22:40.0 (7703130)|SYSTEM_MODE_ENTER|true
23:22:40.0 (7762610)|SYSTEM_MODE_ENTER|true
23:22:40.0 (7885089)|SYSTEM_MODE_ENTER|true
23:22:40.0 (7941728)|SYSTEM_MODE_ENTER|true
23:22:40.0 (7971888)|SYSTEM_MODE_ENTER|true
23:22:40.0 (11188370)|SYSTEM_MODE_ENTER|true
23:22:40.0 (11412031)|SYSTEM_MODE_ENTER|true
23:22:40.0 (11604849)|SYSTEM_MODE_ENTER|true
23:22:40.0 (11850925)|VF_SERIALIZE_VIEWSTATE_BEGIN|0667F000006rA3B
23:22:40.0 (13272587)|VF_SERIALIZE_VIEWSTATE_END
23:22:40.15 (15505091)|CUMULATIVE_LIMIT_USAGE
23:22:40.15 (15505091)|LIMIT_USAGE_FOR_NS|(default)|
  Number of SOQL queries: 0 out of 100
  Number of query rows: 0 out of 50000
  Number of SOSL queries: 0 out of 20
  Number of DML statements: 0 out of 150
  Number of DML rows: 0 out of 10000
  Maximum CPU time: 0 out of 10000
  Maximum heap size: 0 out of 6000000
  Number of callouts: 0 out of 100
  Number of Email Invocations: 0 out of 10
  Number of future calls: 0 out of 50
  Number of queueable jobs added to the queue: 0 out of 50
  Number of Mobile Apex push calls: 0 out of 10

23:22:40.15 (15505091)|CUMULATIVE_LIMIT_USAGE_END

23:22:40.0 (15549671)|CODE_UNIT_FINISHED|VF: /apex/Addintegers
23:22:40.0 (17340633)|EXECUTION_FINISHED
