34.0 APEX_CODE,DEBUG;APEX_PROFILING,INFO;CALLOUT,INFO;DB,INFO;SYSTEM,DEBUG;VALIDATION,INFO;VISUALFORCE,DEBUG;WAVE,INFO;WORKFLOW,INFO
01:49:58.0 (355974)|USER_INFO|[EXTERNAL]|0057F000001fsdl|sfdcdevinstance.gbvprasad@gmail.com|Pacific Standard Time|GMT-07:00
01:49:58.0 (399381)|EXECUTION_STARTED
01:49:58.0 (404698)|CODE_UNIT_STARTED|[EXTERNAL]|0667F000006rAFY|VF: /apex/MapDemo
01:49:58.0 (921085)|VF_DESERIALIZE_VIEWSTATE_BEGIN|0667F000006rAFY
01:49:58.0 (7997137)|VF_DESERIALIZE_VIEWSTATE_END
01:49:58.0 (9579049)|SYSTEM_MODE_ENTER|true
01:49:58.0 (10134267)|SYSTEM_MODE_ENTER|true
01:49:58.0 (10410677)|SYSTEM_MODE_ENTER|true
01:49:58.0 (10542829)|SYSTEM_MODE_ENTER|true
01:49:58.0 (10720182)|SYSTEM_MODE_ENTER|true
01:49:58.0 (10975106)|SYSTEM_MODE_ENTER|true
01:49:58.0 (11046375)|SYSTEM_MODE_ENTER|true
01:49:58.0 (11152242)|SYSTEM_MODE_ENTER|true
01:49:58.0 (11221424)|SYSTEM_MODE_ENTER|true
01:49:58.0 (11299630)|SYSTEM_MODE_ENTER|true
01:49:58.0 (14452492)|SYSTEM_MODE_ENTER|true
01:49:58.0 (14939146)|SYSTEM_MODE_ENTER|true
01:49:58.0 (16545458)|SYSTEM_MODE_ENTER|true
01:49:58.0 (16699278)|SYSTEM_MODE_ENTER|true
01:49:58.0 (18182121)|SYSTEM_MODE_ENTER|true
01:49:58.0 (18322762)|SYSTEM_MODE_ENTER|true
01:49:58.0 (20240008)|VF_SERIALIZE_VIEWSTATE_BEGIN|0667F000006rAFY
01:49:58.0 (22600506)|VF_SERIALIZE_VIEWSTATE_END
01:49:58.25 (25331436)|CUMULATIVE_LIMIT_USAGE
01:49:58.25 (25331436)|LIMIT_USAGE_FOR_NS|(default)|
  Number of SOQL queries: 0 out of 100
  Number of query rows: 0 out of 50000
  Number of SOSL queries: 0 out of 20
  Number of DML statements: 0 out of 150
  Number of DML rows: 0 out of 10000
  Maximum CPU time: 0 out of 10000
  Maximum heap size: 0 out of 6000000
  Number of callouts: 0 out of 100
  Number of Email Invocations: 0 out of 10
  Number of future calls: 0 out of 50
  Number of queueable jobs added to the queue: 0 out of 50
  Number of Mobile Apex push calls: 0 out of 10

01:49:58.25 (25331436)|CUMULATIVE_LIMIT_USAGE_END

01:49:58.0 (25381339)|CODE_UNIT_FINISHED|VF: /apex/MapDemo
01:49:58.0 (26661688)|EXECUTION_FINISHED
