34.0 APEX_CODE,DEBUG;APEX_PROFILING,INFO;CALLOUT,INFO;DB,INFO;SYSTEM,DEBUG;VALIDATION,INFO;VISUALFORCE,DEBUG;WAVE,INFO;WORKFLOW,INFO
01:55:38.0 (422790)|USER_INFO|[EXTERNAL]|0057F000001fsdl|sfdcdevinstance.gbvprasad@gmail.com|Pacific Standard Time|GMT-07:00
01:55:38.0 (499192)|EXECUTION_STARTED
01:55:38.0 (504327)|CODE_UNIT_STARTED|[EXTERNAL]|0667F000006rAFi|VF: /apex/SoqlDemo
01:55:38.0 (2422893)|SYSTEM_MODE_ENTER|true
01:55:38.0 (3364937)|SOQL_EXECUTE_BEGIN|[6]|Aggregations:0|SELECT name, phone, industry, rating FROM account
01:55:38.0 (25667579)|SOQL_EXECUTE_END|[6]|Rows:14
01:55:38.0 (26499337)|SYSTEM_MODE_ENTER|true
01:55:38.0 (28458368)|SYSTEM_MODE_ENTER|true
01:55:38.0 (28638050)|SYSTEM_MODE_ENTER|true
01:55:38.0 (65339676)|VF_SERIALIZE_VIEWSTATE_BEGIN|0667F000006rAFi
01:55:38.0 (67768323)|VF_SERIALIZE_VIEWSTATE_END
01:55:38.70 (70773919)|CUMULATIVE_LIMIT_USAGE
01:55:38.70 (70773919)|LIMIT_USAGE_FOR_NS|(default)|
  Number of SOQL queries: 1 out of 100
  Number of query rows: 14 out of 50000
  Number of SOSL queries: 0 out of 20
  Number of DML statements: 0 out of 150
  Number of DML rows: 0 out of 10000
  Maximum CPU time: 0 out of 10000
  Maximum heap size: 0 out of 6000000
  Number of callouts: 0 out of 100
  Number of Email Invocations: 0 out of 10
  Number of future calls: 0 out of 50
  Number of queueable jobs added to the queue: 0 out of 50
  Number of Mobile Apex push calls: 0 out of 10

01:55:38.70 (70773919)|CUMULATIVE_LIMIT_USAGE_END

01:55:38.0 (70816613)|CODE_UNIT_FINISHED|VF: /apex/SoqlDemo
01:55:38.0 (71909731)|EXECUTION_FINISHED
