34.0 APEX_CODE,DEBUG;APEX_PROFILING,INFO;CALLOUT,INFO;DB,INFO;SYSTEM,DEBUG;VALIDATION,INFO;VISUALFORCE,DEBUG;WAVE,INFO;WORKFLOW,INFO
01:56:10.0 (496721)|USER_INFO|[EXTERNAL]|0057F000001fsdl|sfdcdevinstance.gbvprasad@gmail.com|Pacific Standard Time|GMT-07:00
01:56:10.0 (552381)|EXECUTION_STARTED
01:56:10.0 (557885)|CODE_UNIT_STARTED|[EXTERNAL]|0667F000006rAFi|VF: /apex/SoqlDemo
01:56:10.0 (1215899)|VF_DESERIALIZE_VIEWSTATE_BEGIN|0667F000006rAFi
01:56:10.0 (9815176)|VF_DESERIALIZE_VIEWSTATE_END
01:56:10.0 (11233479)|SYSTEM_MODE_ENTER|true
01:56:10.0 (11834927)|SYSTEM_MODE_ENTER|true
01:56:10.0 (11925201)|SYSTEM_MODE_ENTER|true
01:56:10.0 (12363818)|SYSTEM_MODE_ENTER|true
01:56:10.0 (12438055)|SYSTEM_MODE_ENTER|true
01:56:10.0 (14494691)|SOQL_EXECUTE_BEGIN|[12]|Aggregations:0|SELECT name, phone, industry, rating FROM account LIMIT :tmpVar1
01:56:10.0 (25987290)|SOQL_EXECUTE_END|[12]|Rows:8
01:56:10.0 (29316749)|SYSTEM_MODE_ENTER|true
01:56:10.0 (31798734)|SYSTEM_MODE_ENTER|true
01:56:10.0 (32089727)|SYSTEM_MODE_ENTER|true
01:56:10.0 (47220859)|VF_SERIALIZE_VIEWSTATE_BEGIN|0667F000006rAFi
01:56:10.0 (49668035)|VF_SERIALIZE_VIEWSTATE_END
01:56:10.52 (52103284)|CUMULATIVE_LIMIT_USAGE
01:56:10.52 (52103284)|LIMIT_USAGE_FOR_NS|(default)|
  Number of SOQL queries: 1 out of 100
  Number of query rows: 8 out of 50000
  Number of SOSL queries: 0 out of 20
  Number of DML statements: 0 out of 150
  Number of DML rows: 0 out of 10000
  Maximum CPU time: 0 out of 10000
  Maximum heap size: 0 out of 6000000
  Number of callouts: 0 out of 100
  Number of Email Invocations: 0 out of 10
  Number of future calls: 0 out of 50
  Number of queueable jobs added to the queue: 0 out of 50
  Number of Mobile Apex push calls: 0 out of 10

01:56:10.52 (52103284)|CUMULATIVE_LIMIT_USAGE_END

01:56:10.0 (52145153)|CODE_UNIT_FINISHED|VF: /apex/SoqlDemo
01:56:10.0 (53459115)|EXECUTION_FINISHED
