34.0 APEX_CODE,DEBUG;APEX_PROFILING,INFO;CALLOUT,INFO;DB,INFO;SYSTEM,DEBUG;VALIDATION,INFO;VISUALFORCE,DEBUG;WAVE,INFO;WORKFLOW,INFO
01:57:23.0 (285061)|USER_INFO|[EXTERNAL]|0057F000001fsdl|sfdcdevinstance.gbvprasad@gmail.com|Pacific Standard Time|GMT-07:00
01:57:23.0 (319646)|EXECUTION_STARTED
01:57:23.0 (322798)|CODE_UNIT_STARTED|[EXTERNAL]|0667F000006rAFi|VF: /apex/SoqlDemo
01:57:23.0 (798539)|VF_DESERIALIZE_VIEWSTATE_BEGIN|0667F000006rAFi
01:57:23.0 (6632561)|VF_DESERIALIZE_VIEWSTATE_END
01:57:23.0 (7948016)|SYSTEM_MODE_ENTER|true
01:57:23.0 (8201220)|SYSTEM_MODE_ENTER|true
01:57:23.0 (8268378)|SYSTEM_MODE_ENTER|true
01:57:23.0 (8433789)|SYSTEM_MODE_ENTER|true
01:57:23.0 (8502835)|SYSTEM_MODE_ENTER|true
01:57:23.0 (9930541)|SOQL_EXECUTE_BEGIN|[15]|Aggregations:0|SELECT name, phone, industry, rating FROM account WHERE industry = 'Banking'
01:57:23.0 (16653831)|SOQL_EXECUTE_END|[15]|Rows:0
01:57:23.0 (19125872)|SYSTEM_MODE_ENTER|true
01:57:23.0 (20238442)|SYSTEM_MODE_ENTER|true
01:57:23.0 (20413243)|SYSTEM_MODE_ENTER|true
01:57:23.0 (21022505)|VF_SERIALIZE_VIEWSTATE_BEGIN|0667F000006rAFi
01:57:23.0 (22880902)|VF_SERIALIZE_VIEWSTATE_END
01:57:23.25 (25096201)|CUMULATIVE_LIMIT_USAGE
01:57:23.25 (25096201)|LIMIT_USAGE_FOR_NS|(default)|
  Number of SOQL queries: 1 out of 100
  Number of query rows: 0 out of 50000
  Number of SOSL queries: 0 out of 20
  Number of DML statements: 0 out of 150
  Number of DML rows: 0 out of 10000
  Maximum CPU time: 0 out of 10000
  Maximum heap size: 0 out of 6000000
  Number of callouts: 0 out of 100
  Number of Email Invocations: 0 out of 10
  Number of future calls: 0 out of 50
  Number of queueable jobs added to the queue: 0 out of 50
  Number of Mobile Apex push calls: 0 out of 10

01:57:23.25 (25096201)|CUMULATIVE_LIMIT_USAGE_END

01:57:23.0 (25138677)|CODE_UNIT_FINISHED|VF: /apex/SoqlDemo
01:57:23.0 (25972058)|EXECUTION_FINISHED
