34.0 APEX_CODE,DEBUG;APEX_PROFILING,INFO;CALLOUT,INFO;DB,INFO;SYSTEM,DEBUG;VALIDATION,INFO;VISUALFORCE,DEBUG;WAVE,INFO;WORKFLOW,INFO
23:17:57.0 (336112)|USER_INFO|[EXTERNAL]|0057F000001fsdl|sfdcdevinstance.gbvprasad@gmail.com|Pacific Standard Time|GMT-07:00
23:17:57.0 (371360)|EXECUTION_STARTED
23:17:57.0 (376201)|CODE_UNIT_STARTED|[EXTERNAL]|01p7F00000NAN5L|batchExample
23:17:57.0 (366436173)|CODE_UNIT_STARTED|[EXTERNAL]|DuplicateDetector
23:17:57.0 (366455193)|DUPLICATE_DETECTION_BEGIN
23:17:57.0 (366497369)|DUPLICATE_DETECTION_RULE_INVOCATION|DuplicateRuleId:0Bm7F00000BaT7z|DuplicateRuleName:Standard Account Duplicate Rule|DmlType:UPDATE
23:17:57.0 (405313579)|DUPLICATE_DETECTION_MATCH_INVOCATION_DETAILS|EntityId:0017F00000ZTvpT|ActionTaken:Allow_[Report]|DuplicateRecordIds:
23:17:57.0 (405332785)|DUPLICATE_DETECTION_MATCH_INVOCATION_DETAILS|EntityId:0017F00000ZTvpO|ActionTaken:Allow_[Report]|DuplicateRecordIds:
23:17:57.0 (405342743)|DUPLICATE_DETECTION_MATCH_INVOCATION_DETAILS|EntityId:0017F00000ZTvpQ|ActionTaken:Allow_[Report]|DuplicateRecordIds:
23:17:57.0 (405351164)|DUPLICATE_DETECTION_MATCH_INVOCATION_DETAILS|EntityId:0017F00000ZTvpU|ActionTaken:Allow_[Report]|DuplicateRecordIds:
23:17:57.0 (405359440)|DUPLICATE_DETECTION_MATCH_INVOCATION_DETAILS|EntityId:0017F00000ZTvpV|ActionTaken:Allow_[Report]|DuplicateRecordIds:
23:17:57.0 (405366970)|DUPLICATE_DETECTION_MATCH_INVOCATION_DETAILS|EntityId:0017F00000ZTvpY|ActionTaken:Allow_[Report]|DuplicateRecordIds:
23:17:57.0 (405375262)|DUPLICATE_DETECTION_MATCH_INVOCATION_DETAILS|EntityId:0017F00000ZTvpW|ActionTaken:Allow_[Report]|DuplicateRecordIds:
23:17:57.0 (405380404)|DUPLICATE_DETECTION_MATCH_INVOCATION_DETAILS|EntityId:0017F00000ZTvpR|ActionTaken:Allow_[Report]|DuplicateRecordIds:
23:17:57.0 (405385630)|DUPLICATE_DETECTION_MATCH_INVOCATION_DETAILS|EntityId:0017F00000ZTvpP|ActionTaken:Allow_[Report]|DuplicateRecordIds:
23:17:57.0 (405390186)|DUPLICATE_DETECTION_MATCH_INVOCATION_DETAILS|EntityId:0017F00000ZTvpS|ActionTaken:Allow_[Report]|DuplicateRecordIds:
23:17:57.0 (405394795)|DUPLICATE_DETECTION_MATCH_INVOCATION_DETAILS|EntityId:0017F00000ZTvpZ|ActionTaken:Allow_[Report]|DuplicateRecordIds:
23:17:57.0 (405399558)|DUPLICATE_DETECTION_MATCH_INVOCATION_DETAILS|EntityId:0017F00000ZTvpX|ActionTaken:Allow_[Report]|DuplicateRecordIds:
23:17:57.0 (405408788)|DUPLICATE_DETECTION_MATCH_INVOCATION_SUMMARY|EntityType:Account|NumRecordsToBeSaved:12|NumRecordsToBeSavedWithDuplicates:0|NumDuplicateRecordsFound:0
23:17:57.0 (405498933)|DUPLICATE_DETECTION_END
23:17:57.0 (405505064)|CODE_UNIT_FINISHED|DuplicateDetector
23:17:57.427 (427516640)|CUMULATIVE_LIMIT_USAGE
23:17:57.427 (427516640)|LIMIT_USAGE_FOR_NS|(default)|
  Number of SOQL queries: 0 out of 200
  Number of query rows: 0 out of 50000
  Number of SOSL queries: 0 out of 20
  Number of DML statements: 0 out of 150
  Number of DML rows: 0 out of 10000
  Maximum CPU time: 0 out of 60000
  Maximum heap size: 0 out of 12000000
  Number of callouts: 0 out of 0
  Number of Email Invocations: 0 out of 10
  Number of future calls: 0 out of 0
  Number of queueable jobs added to the queue: 0 out of 1
  Number of Mobile Apex push calls: 0 out of 10

23:17:57.427 (427516640)|CUMULATIVE_LIMIT_USAGE_END

23:17:57.0 (427562848)|CODE_UNIT_FINISHED|batchExample
23:17:57.0 (428647232)|EXECUTION_FINISHED
