34.0 APEX_CODE,DEBUG;APEX_PROFILING,INFO;CALLOUT,INFO;DB,INFO;SYSTEM,DEBUG;VALIDATION,INFO;VISUALFORCE,DEBUG;WAVE,INFO;WORKFLOW,INFO
04:27:42.0 (531835)|USER_INFO|[EXTERNAL]|0057F000001fsdl|sfdcdevinstance.gbvprasad@gmail.com|Pacific Standard Time|GMT-07:00
04:27:42.0 (574050)|EXECUTION_STARTED
04:27:42.0 (578332)|CODE_UNIT_STARTED|[EXTERNAL]|01p7F00000N9u7Y|HelloWorldTest.hello
04:27:42.0 (3180530)|SYSTEM_MODE_ENTER|false
04:27:42.0 (3192934)|SYSTEM_MODE_EXIT|false
04:27:42.0 (3251907)|SYSTEM_MODE_ENTER|false
04:27:42.0 (3271017)|SYSTEM_MODE_EXIT|false
04:27:42.0 (3276606)|SYSTEM_MODE_ENTER|false
04:27:42.0 (3279487)|SYSTEM_MODE_EXIT|false
04:27:42.0 (3318807)|SYSTEM_MODE_ENTER|false
04:27:42.0 (3324864)|SYSTEM_MODE_EXIT|false
04:27:42.3 (3335047)|CUMULATIVE_LIMIT_USAGE
04:27:42.3 (3335047)|LIMIT_USAGE_FOR_NS|(default)|
  Number of SOQL queries: 0 out of 100
  Number of query rows: 0 out of 50000
  Number of SOSL queries: 0 out of 20
  Number of DML statements: 0 out of 150
  Number of DML rows: 0 out of 10000
  Maximum CPU time: 0 out of 10000
  Maximum heap size: 0 out of 6000000
  Number of callouts: 0 out of 100
  Number of Email Invocations: 0 out of 10
  Number of future calls: 0 out of 50
  Number of queueable jobs added to the queue: 0 out of 50
  Number of Mobile Apex push calls: 0 out of 10

04:27:42.3 (3335047)|CUMULATIVE_LIMIT_USAGE_END

04:27:42.0 (3367273)|CODE_UNIT_FINISHED|HelloWorldTest.hello
04:27:42.0 (4397777)|EXECUTION_FINISHED
