34.0 APEX_CODE,DEBUG;APEX_PROFILING,INFO;CALLOUT,INFO;DB,INFO;SYSTEM,DEBUG;VALIDATION,INFO;VISUALFORCE,DEBUG;WAVE,INFO;WORKFLOW,INFO
23:36:53.0 (316544)|USER_INFO|[EXTERNAL]|0057F000001fsdl|sfdcdevinstance.gbvprasad@gmail.com|Pacific Standard Time|GMT-07:00
23:36:53.0 (352727)|EXECUTION_STARTED
23:36:53.0 (357202)|CODE_UNIT_STARTED|[EXTERNAL]|0667F000006rA8C|VF: /apex/DisplayErrorMessage
23:36:53.0 (863990)|VF_DESERIALIZE_VIEWSTATE_BEGIN|0667F000006rA8C
23:36:53.0 (6282152)|VF_DESERIALIZE_VIEWSTATE_END
23:36:53.0 (7329787)|SYSTEM_MODE_ENTER|true
23:36:53.0 (7559262)|SYSTEM_MODE_ENTER|true
23:36:53.0 (8352650)|VF_PAGE_MESSAGE|success
23:36:53.0 (11242480)|SYSTEM_MODE_ENTER|true
23:36:53.0 (11525436)|SYSTEM_MODE_ENTER|true
23:36:53.0 (11726694)|SYSTEM_MODE_ENTER|true
23:36:53.0 (12081297)|VF_SERIALIZE_VIEWSTATE_BEGIN|0667F000006rA8C
23:36:53.0 (13691701)|VF_SERIALIZE_VIEWSTATE_END
23:36:53.15 (15564503)|CUMULATIVE_LIMIT_USAGE
23:36:53.15 (15564503)|LIMIT_USAGE_FOR_NS|(default)|
  Number of SOQL queries: 0 out of 100
  Number of query rows: 0 out of 50000
  Number of SOSL queries: 0 out of 20
  Number of DML statements: 0 out of 150
  Number of DML rows: 0 out of 10000
  Maximum CPU time: 0 out of 10000
  Maximum heap size: 0 out of 6000000
  Number of callouts: 0 out of 100
  Number of Email Invocations: 0 out of 10
  Number of future calls: 0 out of 50
  Number of queueable jobs added to the queue: 0 out of 50
  Number of Mobile Apex push calls: 0 out of 10

23:36:53.15 (15564503)|CUMULATIVE_LIMIT_USAGE_END

23:36:53.0 (15601125)|CODE_UNIT_FINISHED|VF: /apex/DisplayErrorMessage
23:36:53.0 (16574283)|EXECUTION_FINISHED
