34.0 APEX_CODE,DEBUG;APEX_PROFILING,INFO;CALLOUT,INFO;DB,INFO;SYSTEM,DEBUG;VALIDATION,INFO;VISUALFORCE,DEBUG;WAVE,INFO;WORKFLOW,INFO
02:14:41.0 (884189)|USER_INFO|[EXTERNAL]|0057F000001fsdl|sfdcdevinstance.gbvprasad@gmail.com|Pacific Standard Time|GMT-07:00
02:14:41.0 (937038)|EXECUTION_STARTED
02:14:41.0 (949483)|CODE_UNIT_STARTED|[EXTERNAL]|0667F000006rAKF|VF: /apex/FieldDependencyDemo
02:14:41.0 (1764328)|VF_DESERIALIZE_VIEWSTATE_BEGIN|0667F000006rAKF
02:14:41.0 (12827783)|VF_DESERIALIZE_VIEWSTATE_END
02:14:41.0 (15891985)|SYSTEM_MODE_ENTER|true
02:14:41.0 (16074273)|SYSTEM_MODE_ENTER|true
02:14:41.0 (16183123)|SYSTEM_MODE_ENTER|true
02:14:41.0 (16352342)|SYSTEM_MODE_ENTER|true
02:14:41.0 (19691177)|SYSTEM_MODE_ENTER|true
02:14:41.0 (19992683)|SYSTEM_MODE_ENTER|true
02:14:41.0 (20135465)|SYSTEM_MODE_ENTER|true
02:14:41.0 (20541015)|VF_SERIALIZE_VIEWSTATE_BEGIN|0667F000006rAKF
02:14:41.0 (22747670)|VF_SERIALIZE_VIEWSTATE_END
02:14:41.24 (24946774)|CUMULATIVE_LIMIT_USAGE
02:14:41.24 (24946774)|LIMIT_USAGE_FOR_NS|(default)|
  Number of SOQL queries: 0 out of 100
  Number of query rows: 0 out of 50000
  Number of SOSL queries: 0 out of 20
  Number of DML statements: 0 out of 150
  Number of DML rows: 0 out of 10000
  Maximum CPU time: 0 out of 10000
  Maximum heap size: 0 out of 6000000
  Number of callouts: 0 out of 100
  Number of Email Invocations: 0 out of 10
  Number of future calls: 0 out of 50
  Number of queueable jobs added to the queue: 0 out of 50
  Number of Mobile Apex push calls: 0 out of 10

02:14:41.24 (24946774)|CUMULATIVE_LIMIT_USAGE_END

02:14:41.0 (24988446)|CODE_UNIT_FINISHED|VF: /apex/FieldDependencyDemo
02:14:41.0 (25926605)|EXECUTION_FINISHED
