34.0 APEX_CODE,DEBUG;APEX_PROFILING,INFO;CALLOUT,INFO;DB,INFO;SYSTEM,DEBUG;VALIDATION,INFO;VISUALFORCE,DEBUG;WAVE,INFO;WORKFLOW,INFO
23:31:33.0 (61577)|USER_INFO|[EXTERNAL]|0057F000001fsdl|sfdcdevinstance.gbvprasad@gmail.com|Pacific Standard Time|GMT-07:00
23:31:33.0 (94105)|EXECUTION_STARTED
23:31:33.0 (97909)|CODE_UNIT_STARTED|[EXTERNAL]|0667F000006rA3u|VF: /apex/CallingMethodsDemo
23:31:33.0 (219521)|VF_DESERIALIZE_VIEWSTATE_BEGIN|0667F000006rA3u
23:31:33.0 (13506701)|VF_DESERIALIZE_VIEWSTATE_END
23:31:33.0 (17830233)|SYSTEM_MODE_ENTER|true
23:31:33.0 (17950404)|SYSTEM_MODE_ENTER|true
23:31:33.0 (18040431)|SYSTEM_MODE_ENTER|true
23:31:33.0 (18117874)|SYSTEM_MODE_ENTER|true
23:31:33.0 (18371272)|VF_SERIALIZE_VIEWSTATE_BEGIN|0667F000006rA3u
23:31:33.0 (19882056)|VF_SERIALIZE_VIEWSTATE_END
23:31:33.21 (21903494)|CUMULATIVE_LIMIT_USAGE
23:31:33.21 (21903494)|LIMIT_USAGE_FOR_NS|(default)|
  Number of SOQL queries: 0 out of 100
  Number of query rows: 0 out of 50000
  Number of SOSL queries: 0 out of 20
  Number of DML statements: 0 out of 150
  Number of DML rows: 0 out of 10000
  Maximum CPU time: 0 out of 10000
  Maximum heap size: 0 out of 6000000
  Number of callouts: 0 out of 100
  Number of Email Invocations: 0 out of 10
  Number of future calls: 0 out of 50
  Number of queueable jobs added to the queue: 0 out of 50
  Number of Mobile Apex push calls: 0 out of 10

23:31:33.21 (21903494)|CUMULATIVE_LIMIT_USAGE_END

23:31:33.0 (21939059)|CODE_UNIT_FINISHED|VF: /apex/CallingMethodsDemo
23:31:33.0 (22733198)|EXECUTION_FINISHED
