34.0 APEX_CODE,DEBUG;APEX_PROFILING,INFO;CALLOUT,INFO;DB,INFO;SYSTEM,DEBUG;VALIDATION,INFO;VISUALFORCE,DEBUG;WAVE,INFO;WORKFLOW,INFO
01:50:31.0 (285070)|USER_INFO|[EXTERNAL]|0057F000001fsdl|sfdcdevinstance.gbvprasad@gmail.com|Pacific Standard Time|GMT-07:00
01:50:31.0 (322135)|EXECUTION_STARTED
01:50:31.0 (327989)|CODE_UNIT_STARTED|[EXTERNAL]|0667F000006rAFY|VF: /apex/MapDemo
01:50:31.0 (835777)|VF_DESERIALIZE_VIEWSTATE_BEGIN|0667F000006rAFY
01:50:31.0 (8605217)|VF_DESERIALIZE_VIEWSTATE_END
01:50:31.0 (10006695)|SYSTEM_MODE_ENTER|true
01:50:31.0 (10400444)|SYSTEM_MODE_ENTER|true
01:50:31.0 (10537469)|SYSTEM_MODE_ENTER|true
01:50:31.0 (10585406)|SYSTEM_MODE_ENTER|true
01:50:31.0 (10682212)|SYSTEM_MODE_ENTER|true
01:50:31.0 (10839950)|SYSTEM_MODE_ENTER|true
01:50:31.0 (10892091)|SYSTEM_MODE_ENTER|true
01:50:31.0 (10975708)|SYSTEM_MODE_ENTER|true
01:50:31.0 (11004018)|SYSTEM_MODE_ENTER|true
01:50:31.0 (11030049)|SYSTEM_MODE_ENTER|true
01:50:31.0 (13649099)|SYSTEM_MODE_ENTER|true
01:50:31.0 (14041233)|SYSTEM_MODE_ENTER|true
01:50:31.0 (15200663)|SYSTEM_MODE_ENTER|true
01:50:31.0 (15336210)|SYSTEM_MODE_ENTER|true
01:50:31.0 (16413712)|SYSTEM_MODE_ENTER|true
01:50:31.0 (16526547)|SYSTEM_MODE_ENTER|true
01:50:31.0 (17515110)|VF_SERIALIZE_VIEWSTATE_BEGIN|0667F000006rAFY
01:50:31.0 (19504113)|VF_SERIALIZE_VIEWSTATE_END
01:50:31.21 (21997510)|CUMULATIVE_LIMIT_USAGE
01:50:31.21 (21997510)|LIMIT_USAGE_FOR_NS|(default)|
  Number of SOQL queries: 0 out of 100
  Number of query rows: 0 out of 50000
  Number of SOSL queries: 0 out of 20
  Number of DML statements: 0 out of 150
  Number of DML rows: 0 out of 10000
  Maximum CPU time: 0 out of 10000
  Maximum heap size: 0 out of 6000000
  Number of callouts: 0 out of 100
  Number of Email Invocations: 0 out of 10
  Number of future calls: 0 out of 50
  Number of queueable jobs added to the queue: 0 out of 50
  Number of Mobile Apex push calls: 0 out of 10

01:50:31.21 (21997510)|CUMULATIVE_LIMIT_USAGE_END

01:50:31.0 (22034541)|CODE_UNIT_FINISHED|VF: /apex/MapDemo
01:50:31.0 (22991836)|EXECUTION_FINISHED
