42.0 APEX_CODE,FINEST;APEX_PROFILING,INFO;CALLOUT,INFO;DB,INFO;SYSTEM,DEBUG;VALIDATION,INFO;VISUALFORCE,INFO;WAVE,INFO;WORKFLOW,INFO
09:16:14.0 (296799)|USER_INFO|[EXTERNAL]|0057F000001fsdl|sfdcdevinstance.gbvprasad@gmail.com|Pacific Standard Time|GMT-07:00
09:16:14.0 (332594)|EXECUTION_STARTED
09:16:14.0 (336624)|CODE_UNIT_STARTED|[EXTERNAL]|VisualForce View State
09:16:14.0 (13559435)|CODE_UNIT_FINISHED|VisualForce View State
09:16:14.0 (14530024)|EXECUTION_FINISHED
09:16:14.16 (16726648)|USER_INFO|[EXTERNAL]|0057F000001fsdl|sfdcdevinstance.gbvprasad@gmail.com|Pacific Standard Time|GMT-07:00
09:16:14.16 (16743381)|EXECUTION_STARTED
09:16:14.16 (16746933)|CODE_UNIT_STARTED|[EXTERNAL]|VF: /apex/editStaticResource.apexp
09:16:14.16 (18607432)|HEAP_ALLOCATE|[EXTERNAL]|Bytes:-4
09:16:14.18 (18757025)|HEAP_ALLOCATE|[EXTERNAL]|Bytes:-4
09:16:14.20 (20141734)|HEAP_ALLOCATE|[EXTERNAL]|Bytes:-4
09:16:14.20 (20240290)|HEAP_ALLOCATE|[EXTERNAL]|Bytes:-4
09:16:14.20 (20688561)|SYSTEM_MODE_ENTER|false
09:16:14.20 (110392589)|HEAP_ALLOCATE|[EXTERNAL]|Bytes:-4
09:16:14.113 (113314872)|CUMULATIVE_LIMIT_USAGE
09:16:14.113 (113314872)|LIMIT_USAGE_FOR_NS|(default)|
  Number of SOQL queries: 0 out of 100
  Number of query rows: 0 out of 50000
  Number of SOSL queries: 0 out of 20
  Number of DML statements: 0 out of 150
  Number of DML rows: 0 out of 10000
  Maximum CPU time: 0 out of 10000
  Maximum heap size: 0 out of 6000000
  Number of callouts: 0 out of 100
  Number of Email Invocations: 0 out of 10
  Number of future calls: 0 out of 50
  Number of queueable jobs added to the queue: 0 out of 50
  Number of Mobile Apex push calls: 0 out of 10

09:16:14.113 (113314872)|CUMULATIVE_LIMIT_USAGE_END

09:16:14.16 (113353018)|CODE_UNIT_FINISHED|VF: /apex/editStaticResource.apexp
09:16:14.16 (113466028)|EXECUTION_FINISHED
