34.0 APEX_CODE,DEBUG;APEX_PROFILING,INFO;CALLOUT,INFO;DB,INFO;SYSTEM,DEBUG;VALIDATION,INFO;VISUALFORCE,DEBUG;WAVE,INFO;WORKFLOW,INFO
01:36:02.0 (399147)|USER_INFO|[EXTERNAL]|0057F000001fsdl|sfdcdevinstance.gbvprasad@gmail.com|Pacific Standard Time|GMT-07:00
01:36:02.0 (577855)|EXECUTION_STARTED
01:36:02.0 (582928)|CODE_UNIT_STARTED|[EXTERNAL]|0667F000006rAEp|VF: /apex/List_Wrapper1
01:36:02.0 (1207631)|VF_DESERIALIZE_VIEWSTATE_BEGIN|0667F000006rAEp
01:36:02.0 (34657654)|VF_DESERIALIZE_VIEWSTATE_END
01:36:02.0 (36183378)|SYSTEM_MODE_ENTER|true
01:36:02.0 (36621168)|SYSTEM_MODE_ENTER|true
01:36:02.0 (36699263)|SYSTEM_MODE_ENTER|true
01:36:02.0 (36763497)|SYSTEM_MODE_ENTER|true
01:36:02.0 (37219822)|SYSTEM_MODE_ENTER|true
01:36:02.0 (37289685)|SYSTEM_MODE_ENTER|true
01:36:02.0 (37327934)|SYSTEM_MODE_ENTER|true
01:36:02.0 (40051819)|SYSTEM_MODE_ENTER|true
01:36:02.0 (41878374)|SYSTEM_MODE_ENTER|true
01:36:02.0 (42036824)|SYSTEM_MODE_ENTER|true
01:36:02.0 (42139353)|SYSTEM_MODE_ENTER|true
01:36:02.0 (44496664)|VF_SERIALIZE_VIEWSTATE_BEGIN|0667F000006rAEp
01:36:02.0 (46496811)|VF_SERIALIZE_VIEWSTATE_END
01:36:02.49 (49043531)|CUMULATIVE_LIMIT_USAGE
01:36:02.49 (49043531)|LIMIT_USAGE_FOR_NS|(default)|
  Number of SOQL queries: 0 out of 100
  Number of query rows: 0 out of 50000
  Number of SOSL queries: 0 out of 20
  Number of DML statements: 0 out of 150
  Number of DML rows: 0 out of 10000
  Maximum CPU time: 0 out of 10000
  Maximum heap size: 0 out of 6000000
  Number of callouts: 0 out of 100
  Number of Email Invocations: 0 out of 10
  Number of future calls: 0 out of 50
  Number of queueable jobs added to the queue: 0 out of 50
  Number of Mobile Apex push calls: 0 out of 10

01:36:02.49 (49043531)|CUMULATIVE_LIMIT_USAGE_END

01:36:02.0 (49087796)|CODE_UNIT_FINISHED|VF: /apex/List_Wrapper1
01:36:02.0 (50375132)|EXECUTION_FINISHED
