34.0 APEX_CODE,DEBUG;APEX_PROFILING,INFO;CALLOUT,INFO;DB,INFO;SYSTEM,DEBUG;VALIDATION,INFO;VISUALFORCE,DEBUG;WAVE,INFO;WORKFLOW,INFO
23:36:43.0 (344739)|USER_INFO|[EXTERNAL]|0057F000001fsdl|sfdcdevinstance.gbvprasad@gmail.com|Pacific Standard Time|GMT-07:00
23:36:43.0 (383842)|EXECUTION_STARTED
23:36:43.0 (388509)|CODE_UNIT_STARTED|[EXTERNAL]|0667F000006rA8C|VF: /apex/DisplayErrorMessage
23:36:43.0 (1983023)|SYSTEM_MODE_ENTER|true
23:36:43.0 (3799913)|SYSTEM_MODE_ENTER|true
23:36:43.0 (4045917)|SYSTEM_MODE_ENTER|true
23:36:43.0 (4223656)|SYSTEM_MODE_ENTER|true
23:36:43.0 (4564370)|VF_SERIALIZE_VIEWSTATE_BEGIN|0667F000006rA8C
23:36:43.0 (6099628)|VF_SERIALIZE_VIEWSTATE_END
23:36:43.8 (8091051)|CUMULATIVE_LIMIT_USAGE
23:36:43.8 (8091051)|LIMIT_USAGE_FOR_NS|(default)|
  Number of SOQL queries: 0 out of 100
  Number of query rows: 0 out of 50000
  Number of SOSL queries: 0 out of 20
  Number of DML statements: 0 out of 150
  Number of DML rows: 0 out of 10000
  Maximum CPU time: 0 out of 10000
  Maximum heap size: 0 out of 6000000
  Number of callouts: 0 out of 100
  Number of Email Invocations: 0 out of 10
  Number of future calls: 0 out of 50
  Number of queueable jobs added to the queue: 0 out of 50
  Number of Mobile Apex push calls: 0 out of 10

23:36:43.8 (8091051)|CUMULATIVE_LIMIT_USAGE_END

23:36:43.0 (8139260)|CODE_UNIT_FINISHED|VF: /apex/DisplayErrorMessage
23:36:43.0 (9173722)|EXECUTION_FINISHED
