34.0 APEX_CODE,DEBUG;APEX_PROFILING,INFO;CALLOUT,INFO;DB,INFO;SYSTEM,DEBUG;VALIDATION,INFO;VISUALFORCE,DEBUG;WAVE,INFO;WORKFLOW,INFO
01:48:26.0 (378686)|USER_INFO|[EXTERNAL]|0057F000001fsdl|sfdcdevinstance.gbvprasad@gmail.com|Pacific Standard Time|GMT-07:00
01:48:26.0 (433635)|EXECUTION_STARTED
01:48:26.0 (439005)|CODE_UNIT_STARTED|[EXTERNAL]|0667F000006rAFY|VF: /apex/MapDemo
01:48:26.0 (1113200)|VF_DESERIALIZE_VIEWSTATE_BEGIN|0667F000006rAFY
01:48:26.0 (7951420)|VF_DESERIALIZE_VIEWSTATE_END
01:48:26.0 (9552891)|SYSTEM_MODE_ENTER|true
01:48:26.0 (10017063)|SYSTEM_MODE_ENTER|true
01:48:26.0 (10167564)|SYSTEM_MODE_ENTER|true
01:48:26.0 (10222751)|SYSTEM_MODE_ENTER|true
01:48:26.0 (10326937)|SYSTEM_MODE_ENTER|true
01:48:26.0 (10487818)|SYSTEM_MODE_ENTER|true
01:48:26.0 (10544605)|SYSTEM_MODE_ENTER|true
01:48:26.0 (10629419)|SYSTEM_MODE_ENTER|true
01:48:26.0 (10662672)|SYSTEM_MODE_ENTER|true
01:48:26.0 (10691329)|SYSTEM_MODE_ENTER|true
01:48:26.0 (13394553)|SYSTEM_MODE_ENTER|true
01:48:26.0 (13829452)|SYSTEM_MODE_ENTER|true
01:48:26.0 (15120759)|SYSTEM_MODE_ENTER|true
01:48:26.0 (15247142)|SYSTEM_MODE_ENTER|true
01:48:26.0 (16466917)|SYSTEM_MODE_ENTER|true
01:48:26.0 (16585360)|SYSTEM_MODE_ENTER|true
01:48:26.0 (17633213)|VF_SERIALIZE_VIEWSTATE_BEGIN|0667F000006rAFY
01:48:26.0 (19733541)|VF_SERIALIZE_VIEWSTATE_END
01:48:26.21 (21990115)|CUMULATIVE_LIMIT_USAGE
01:48:26.21 (21990115)|LIMIT_USAGE_FOR_NS|(default)|
  Number of SOQL queries: 0 out of 100
  Number of query rows: 0 out of 50000
  Number of SOSL queries: 0 out of 20
  Number of DML statements: 0 out of 150
  Number of DML rows: 0 out of 10000
  Maximum CPU time: 0 out of 10000
  Maximum heap size: 0 out of 6000000
  Number of callouts: 0 out of 100
  Number of Email Invocations: 0 out of 10
  Number of future calls: 0 out of 50
  Number of queueable jobs added to the queue: 0 out of 50
  Number of Mobile Apex push calls: 0 out of 10

01:48:26.21 (21990115)|CUMULATIVE_LIMIT_USAGE_END

01:48:26.0 (22027930)|CODE_UNIT_FINISHED|VF: /apex/MapDemo
01:48:26.0 (22922090)|EXECUTION_FINISHED
