34.0 APEX_CODE,DEBUG;APEX_PROFILING,INFO;CALLOUT,INFO;DB,INFO;SYSTEM,DEBUG;VALIDATION,INFO;VISUALFORCE,DEBUG;WAVE,INFO;WORKFLOW,INFO
01:50:19.0 (319836)|USER_INFO|[EXTERNAL]|0057F000001fsdl|sfdcdevinstance.gbvprasad@gmail.com|Pacific Standard Time|GMT-07:00
01:50:19.0 (357387)|EXECUTION_STARTED
01:50:19.0 (362529)|CODE_UNIT_STARTED|[EXTERNAL]|0667F000006rAFY|VF: /apex/MapDemo
01:50:19.0 (914468)|VF_DESERIALIZE_VIEWSTATE_BEGIN|0667F000006rAFY
01:50:19.0 (8257914)|VF_DESERIALIZE_VIEWSTATE_END
01:50:19.0 (9698386)|SYSTEM_MODE_ENTER|true
01:50:19.0 (10096965)|SYSTEM_MODE_ENTER|true
01:50:19.0 (10284678)|SYSTEM_MODE_ENTER|true
01:50:19.0 (10348816)|SYSTEM_MODE_ENTER|true
01:50:19.0 (10485214)|SYSTEM_MODE_ENTER|true
01:50:19.0 (10728336)|SYSTEM_MODE_ENTER|true
01:50:19.0 (10789327)|SYSTEM_MODE_ENTER|true
01:50:19.0 (10880768)|SYSTEM_MODE_ENTER|true
01:50:19.0 (10918146)|SYSTEM_MODE_ENTER|true
01:50:19.0 (10949169)|SYSTEM_MODE_ENTER|true
01:50:19.0 (13885120)|SYSTEM_MODE_ENTER|true
01:50:19.0 (14354361)|SYSTEM_MODE_ENTER|true
01:50:19.0 (15613003)|SYSTEM_MODE_ENTER|true
01:50:19.0 (15738359)|SYSTEM_MODE_ENTER|true
01:50:19.0 (16945415)|SYSTEM_MODE_ENTER|true
01:50:19.0 (17105160)|SYSTEM_MODE_ENTER|true
01:50:19.0 (18366492)|VF_SERIALIZE_VIEWSTATE_BEGIN|0667F000006rAFY
01:50:19.0 (20873717)|VF_SERIALIZE_VIEWSTATE_END
01:50:19.23 (23252719)|CUMULATIVE_LIMIT_USAGE
01:50:19.23 (23252719)|LIMIT_USAGE_FOR_NS|(default)|
  Number of SOQL queries: 0 out of 100
  Number of query rows: 0 out of 50000
  Number of SOSL queries: 0 out of 20
  Number of DML statements: 0 out of 150
  Number of DML rows: 0 out of 10000
  Maximum CPU time: 0 out of 10000
  Maximum heap size: 0 out of 6000000
  Number of callouts: 0 out of 100
  Number of Email Invocations: 0 out of 10
  Number of future calls: 0 out of 50
  Number of queueable jobs added to the queue: 0 out of 50
  Number of Mobile Apex push calls: 0 out of 10

01:50:19.23 (23252719)|CUMULATIVE_LIMIT_USAGE_END

01:50:19.0 (23289301)|CODE_UNIT_FINISHED|VF: /apex/MapDemo
01:50:19.0 (24303069)|EXECUTION_FINISHED
