34.0 APEX_CODE,DEBUG;APEX_PROFILING,INFO;CALLOUT,INFO;DB,INFO;SYSTEM,DEBUG;VALIDATION,INFO;VISUALFORCE,DEBUG;WAVE,INFO;WORKFLOW,INFO
Execute Anonymous: batchExample be = new batchExample();
Execute Anonymous: database.executeBatch(be,100);
23:17:50.8 (8227758)|USER_INFO|[EXTERNAL]|0057F000001fsdl|sfdcdevinstance.gbvprasad@gmail.com|Pacific Standard Time|GMT-07:00
23:17:50.8 (8253485)|EXECUTION_STARTED
23:17:50.8 (8258670)|CODE_UNIT_STARTED|[EXTERNAL]|execute_anonymous_apex
23:17:50.8 (26766927)|SYSTEM_MODE_ENTER|false
23:17:50.8 (26848760)|SYSTEM_MODE_EXIT|false
23:17:50.97 (97606991)|CUMULATIVE_LIMIT_USAGE
23:17:50.97 (97606991)|LIMIT_USAGE_FOR_NS|(default)|
  Number of SOQL queries: 0 out of 100
  Number of query rows: 0 out of 50000
  Number of SOSL queries: 0 out of 20
  Number of DML statements: 0 out of 150
  Number of DML rows: 0 out of 10000
  Maximum CPU time: 0 out of 10000
  Maximum heap size: 0 out of 6000000
  Number of callouts: 0 out of 100
  Number of Email Invocations: 0 out of 10
  Number of future calls: 0 out of 50
  Number of queueable jobs added to the queue: 0 out of 50
  Number of Mobile Apex push calls: 0 out of 10

23:17:50.97 (97606991)|CUMULATIVE_LIMIT_USAGE_END

23:17:50.8 (97653142)|CODE_UNIT_FINISHED|execute_anonymous_apex
23:17:50.8 (98817937)|EXECUTION_FINISHED
