34.0 APEX_CODE,DEBUG;APEX_PROFILING,INFO;CALLOUT,INFO;DB,INFO;SYSTEM,DEBUG;VALIDATION,INFO;VISUALFORCE,DEBUG;WAVE,INFO;WORKFLOW,INFO
01:36:44.0 (431626)|USER_INFO|[EXTERNAL]|0057F000001fsdl|sfdcdevinstance.gbvprasad@gmail.com|Pacific Standard Time|GMT-07:00
01:36:44.0 (484319)|EXECUTION_STARTED
01:36:44.0 (488842)|CODE_UNIT_STARTED|[EXTERNAL]|0667F000006rAEp|VF: /apex/List_Wrapper1
01:36:44.0 (1023139)|VF_DESERIALIZE_VIEWSTATE_BEGIN|0667F000006rAEp
01:36:44.0 (8947417)|VF_DESERIALIZE_VIEWSTATE_END
01:36:44.0 (10498424)|SYSTEM_MODE_ENTER|true
01:36:44.0 (10885697)|SYSTEM_MODE_ENTER|true
01:36:44.0 (10964892)|SYSTEM_MODE_ENTER|true
01:36:44.0 (11033784)|SYSTEM_MODE_ENTER|true
01:36:44.0 (11580707)|SYSTEM_MODE_ENTER|true
01:36:44.0 (11646690)|SYSTEM_MODE_ENTER|true
01:36:44.0 (11686998)|SYSTEM_MODE_ENTER|true
01:36:44.0 (14498376)|SYSTEM_MODE_ENTER|true
01:36:44.0 (16408981)|SYSTEM_MODE_ENTER|true
01:36:44.0 (16561157)|SYSTEM_MODE_ENTER|true
01:36:44.0 (16665987)|SYSTEM_MODE_ENTER|true
01:36:44.0 (19244205)|VF_SERIALIZE_VIEWSTATE_BEGIN|0667F000006rAEp
01:36:44.0 (21286752)|VF_SERIALIZE_VIEWSTATE_END
01:36:44.23 (23803900)|CUMULATIVE_LIMIT_USAGE
01:36:44.23 (23803900)|LIMIT_USAGE_FOR_NS|(default)|
  Number of SOQL queries: 0 out of 100
  Number of query rows: 0 out of 50000
  Number of SOSL queries: 0 out of 20
  Number of DML statements: 0 out of 150
  Number of DML rows: 0 out of 10000
  Maximum CPU time: 0 out of 10000
  Maximum heap size: 0 out of 6000000
  Number of callouts: 0 out of 100
  Number of Email Invocations: 0 out of 10
  Number of future calls: 0 out of 50
  Number of queueable jobs added to the queue: 0 out of 50
  Number of Mobile Apex push calls: 0 out of 10

01:36:44.23 (23803900)|CUMULATIVE_LIMIT_USAGE_END

01:36:44.0 (23847432)|CODE_UNIT_FINISHED|VF: /apex/List_Wrapper1
01:36:44.0 (25031718)|EXECUTION_FINISHED
