34.0 APEX_CODE,DEBUG;APEX_PROFILING,INFO;CALLOUT,INFO;DB,INFO;SYSTEM,DEBUG;VALIDATION,INFO;VISUALFORCE,DEBUG;WAVE,INFO;WORKFLOW,INFO
00:36:03.0 (345634)|USER_INFO|[EXTERNAL]|0057F000001fsdl|sfdcdevinstance.gbvprasad@gmail.com|Pacific Standard Time|GMT-07:00
00:36:03.0 (384992)|EXECUTION_STARTED
00:36:03.0 (389489)|CODE_UNIT_STARTED|[EXTERNAL]|0667F000006rACy|VF: /apex/Wrapper1
00:36:03.0 (2434322)|SYSTEM_MODE_ENTER|true
00:36:03.0 (3156610)|SYSTEM_MODE_ENTER|true
00:36:03.0 (3364235)|SYSTEM_MODE_ENTER|true
00:36:03.0 (3419242)|SYSTEM_MODE_ENTER|true
00:36:03.0 (3646746)|VF_SERIALIZE_VIEWSTATE_BEGIN|0667F000006rACy
00:36:03.0 (5156103)|VF_SERIALIZE_VIEWSTATE_END
00:36:03.7 (7431259)|CUMULATIVE_LIMIT_USAGE
00:36:03.7 (7431259)|LIMIT_USAGE_FOR_NS|(default)|
  Number of SOQL queries: 0 out of 100
  Number of query rows: 0 out of 50000
  Number of SOSL queries: 0 out of 20
  Number of DML statements: 0 out of 150
  Number of DML rows: 0 out of 10000
  Maximum CPU time: 0 out of 10000
  Maximum heap size: 0 out of 6000000
  Number of callouts: 0 out of 100
  Number of Email Invocations: 0 out of 10
  Number of future calls: 0 out of 50
  Number of queueable jobs added to the queue: 0 out of 50
  Number of Mobile Apex push calls: 0 out of 10

00:36:03.7 (7431259)|CUMULATIVE_LIMIT_USAGE_END

00:36:03.0 (7468722)|CODE_UNIT_FINISHED|VF: /apex/Wrapper1
00:36:03.0 (9410499)|EXECUTION_FINISHED
