34.0 APEX_CODE,DEBUG;APEX_PROFILING,INFO;CALLOUT,INFO;DB,INFO;SYSTEM,DEBUG;VALIDATION,INFO;VISUALFORCE,DEBUG;WAVE,INFO;WORKFLOW,INFO
02:27:11.0 (400401)|USER_INFO|[EXTERNAL]|0057F000001fsdl|sfdcdevinstance.gbvprasad@gmail.com|Pacific Standard Time|GMT-07:00
02:27:11.0 (453596)|EXECUTION_STARTED
02:27:11.0 (459871)|CODE_UNIT_STARTED|[EXTERNAL]|0667F000006rAKZ|VF: /apex/ParentChildSoql
02:27:11.0 (986487)|VF_DESERIALIZE_VIEWSTATE_BEGIN|0667F000006rAKZ
02:27:11.0 (7065457)|VF_DESERIALIZE_VIEWSTATE_END
02:27:11.0 (8815660)|SYSTEM_MODE_ENTER|true
02:27:11.0 (11086500)|SOQL_EXECUTE_BEGIN|[4]|Aggregations:1|SELECT name, phone, industry, (SELECT lastname FROM contacts) FROM account
02:27:11.0 (19911509)|SOQL_EXECUTE_END|[4]|Rows:14
02:27:11.0 (23859177)|SYSTEM_MODE_ENTER|true
02:27:11.0 (56626736)|VF_SERIALIZE_VIEWSTATE_BEGIN|0667F000006rAKZ
02:27:11.0 (59086865)|VF_SERIALIZE_VIEWSTATE_END
02:27:11.66 (66708909)|CUMULATIVE_LIMIT_USAGE
02:27:11.66 (66708909)|LIMIT_USAGE_FOR_NS|(default)|
  Number of SOQL queries: 1 out of 100
  Number of query rows: 34 out of 50000
  Number of SOSL queries: 0 out of 20
  Number of DML statements: 0 out of 150
  Number of DML rows: 0 out of 10000
  Maximum CPU time: 0 out of 10000
  Maximum heap size: 0 out of 6000000
  Number of callouts: 0 out of 100
  Number of Email Invocations: 0 out of 10
  Number of future calls: 0 out of 50
  Number of queueable jobs added to the queue: 0 out of 50
  Number of Mobile Apex push calls: 0 out of 10

02:27:11.66 (66708909)|CUMULATIVE_LIMIT_USAGE_END

02:27:11.0 (66746785)|CODE_UNIT_FINISHED|VF: /apex/ParentChildSoql
02:27:11.0 (68044539)|EXECUTION_FINISHED
