34.0 APEX_CODE,DEBUG;APEX_PROFILING,INFO;CALLOUT,INFO;DB,INFO;SYSTEM,DEBUG;VALIDATION,INFO;VISUALFORCE,DEBUG;WAVE,INFO;WORKFLOW,INFO
23:52:13.0 (293798)|USER_INFO|[EXTERNAL]|0057F000001fsdl|sfdcdevinstance.gbvprasad@gmail.com|Pacific Standard Time|GMT-07:00
23:52:13.0 (338373)|EXECUTION_STARTED
23:52:13.0 (342807)|CODE_UNIT_STARTED|[EXTERNAL]|0667F000006rA8M|VF: /apex/MultiObjinVF
23:52:13.0 (832778)|VF_DESERIALIZE_VIEWSTATE_BEGIN|0667F000006rA8M
23:52:13.0 (6335165)|VF_DESERIALIZE_VIEWSTATE_END
23:52:13.0 (7342008)|SYSTEM_MODE_ENTER|true
23:52:13.0 (9131490)|SYSTEM_MODE_ENTER|true
23:52:13.0 (10463411)|SYSTEM_MODE_ENTER|true
23:52:13.0 (14289796)|DML_BEGIN|[11]|Op:Insert|Type:Account|Rows:1
23:52:13.0 (28199469)|CODE_UNIT_STARTED|[EXTERNAL]|DuplicateDetector
23:52:13.0 (28219679)|DUPLICATE_DETECTION_BEGIN
23:52:13.0 (28750390)|DUPLICATE_DETECTION_RULE_INVOCATION|DuplicateRuleId:0Bm7F00000BaT7z|DuplicateRuleName:Standard Account Duplicate Rule|DmlType:INSERT
23:52:13.0 (56357214)|DUPLICATE_DETECTION_MATCH_INVOCATION_DETAILS|EntityType:Account|ActionTaken:Allow_[Alert,Report]|DuplicateRecordIds:
23:52:13.0 (56376428)|DUPLICATE_DETECTION_MATCH_INVOCATION_SUMMARY|EntityType:Account|NumRecordsToBeSaved:1|NumRecordsToBeSavedWithDuplicates:0|NumDuplicateRecordsFound:0
23:52:13.0 (56479529)|DUPLICATE_DETECTION_END
23:52:13.0 (56486114)|CODE_UNIT_FINISHED|DuplicateDetector
23:52:13.0 (94176708)|DML_END|[11]
23:52:13.0 (94305214)|DML_BEGIN|[12]|Op:Insert|Type:Contact|Rows:1
23:52:13.0 (101536135)|CODE_UNIT_STARTED|[EXTERNAL]|Validation:Contact:new
23:52:13.0 (101558434)|VALIDATION_RULE|03d7F00000011iB|CheckDOB
23:52:13.0 (101751474)|VALIDATION_FORMULA|YEAR(Birthdate) > 1999|Birthdate=null
23:52:13.0 (101763661)|VALIDATION_PASS
23:52:13.0 (101818436)|CODE_UNIT_FINISHED|Validation:Contact:new
23:52:13.0 (102791310)|CODE_UNIT_STARTED|[EXTERNAL]|DuplicateDetector
23:52:13.0 (102808784)|DUPLICATE_DETECTION_BEGIN
23:52:13.0 (102880558)|DUPLICATE_DETECTION_RULE_INVOCATION|DuplicateRuleId:0Bm7F00000BaT80|DuplicateRuleName:Standard Contact Duplicate Rule|DmlType:INSERT
23:52:13.0 (136632105)|DUPLICATE_DETECTION_MATCH_INVOCATION_DETAILS|EntityType:Contact|ActionTaken:Allow_[Alert,Report]|DuplicateRecordIds:
23:52:13.0 (136651215)|DUPLICATE_DETECTION_MATCH_INVOCATION_SUMMARY|EntityType:Contact|NumRecordsToBeSaved:1|NumRecordsToBeSavedWithDuplicates:0|NumDuplicateRecordsFound:0
23:52:13.0 (136662064)|DUPLICATE_DETECTION_MATCH_INVOCATION_DETAILS|EntityType:Contact|ActionTaken:Allow_[Alert,Report]|DuplicateRecordIds:
23:52:13.0 (136667837)|DUPLICATE_DETECTION_MATCH_INVOCATION_SUMMARY|EntityType:Contact|NumRecordsToBeSaved:1|NumRecordsToBeSavedWithDuplicates:0|NumDuplicateRecordsFound:0
23:52:13.0 (136776146)|DUPLICATE_DETECTION_END
23:52:13.0 (136785324)|CODE_UNIT_FINISHED|DuplicateDetector
23:52:13.0 (172117854)|DML_END|[12]
23:52:13.0 (172256182)|DML_BEGIN|[13]|Op:Insert|Type:Opportunity|Rows:1
23:52:13.0 (311825519)|DML_END|[13]
23:52:13.0 (345128069)|CODE_UNIT_STARTED|[EXTERNAL]|DuplicateDetector
23:52:13.0 (345150149)|DUPLICATE_DETECTION_BEGIN
23:52:13.0 (345203699)|DUPLICATE_DETECTION_RULE_INVOCATION|DuplicateRuleId:0Bm7F00000BaT7z|DuplicateRuleName:Standard Account Duplicate Rule|DmlType:INSERT
23:52:13.0 (358316559)|DUPLICATE_DETECTION_END
23:52:13.0 (358334000)|CODE_UNIT_FINISHED|DuplicateDetector
23:52:13.0 (358437799)|CODE_UNIT_STARTED|[EXTERNAL]|DuplicateDetector
23:52:13.0 (358451213)|DUPLICATE_DETECTION_BEGIN
23:52:13.0 (358521847)|DUPLICATE_DETECTION_RULE_INVOCATION|DuplicateRuleId:0Bm7F00000BaT80|DuplicateRuleName:Standard Contact Duplicate Rule|DmlType:INSERT
23:52:13.0 (371204204)|DUPLICATE_DETECTION_END
23:52:13.0 (371217783)|CODE_UNIT_FINISHED|DuplicateDetector
23:52:13.0 (373780600)|SYSTEM_MODE_ENTER|true
23:52:13.0 (374288885)|SYSTEM_MODE_ENTER|true
23:52:13.0 (374670575)|SYSTEM_MODE_ENTER|true
23:52:13.0 (378868772)|VF_SERIALIZE_VIEWSTATE_BEGIN|0667F000006rA8M
23:52:13.0 (380501993)|VF_SERIALIZE_VIEWSTATE_END
23:52:13.382 (382483449)|CUMULATIVE_LIMIT_USAGE
23:52:13.382 (382483449)|LIMIT_USAGE_FOR_NS|(default)|
  Number of SOQL queries: 0 out of 100
  Number of query rows: 0 out of 50000
  Number of SOSL queries: 0 out of 20
  Number of DML statements: 3 out of 150
  Number of DML rows: 3 out of 10000
  Maximum CPU time: 0 out of 10000
  Maximum heap size: 0 out of 6000000
  Number of callouts: 0 out of 100
  Number of Email Invocations: 0 out of 10
  Number of future calls: 0 out of 50
  Number of queueable jobs added to the queue: 0 out of 50
  Number of Mobile Apex push calls: 0 out of 10

23:52:13.382 (382483449)|CUMULATIVE_LIMIT_USAGE_END

23:52:13.0 (382524499)|CODE_UNIT_FINISHED|VF: /apex/MultiObjinVF
23:52:13.0 (383695736)|EXECUTION_FINISHED
