34.0 APEX_CODE,DEBUG;APEX_PROFILING,INFO;CALLOUT,INFO;DB,INFO;SYSTEM,DEBUG;VALIDATION,INFO;VISUALFORCE,DEBUG;WAVE,INFO;WORKFLOW,INFO
00:48:19.0 (319233)|USER_INFO|[EXTERNAL]|0057F000001fsdl|sfdcdevinstance.gbvprasad@gmail.com|Pacific Standard Time|GMT-07:00
00:48:19.0 (354303)|EXECUTION_STARTED
00:48:19.0 (357705)|CODE_UNIT_STARTED|[EXTERNAL]|0667F000006rADI|VF: /apex/WAccOpty
00:48:19.0 (788505)|VF_DESERIALIZE_VIEWSTATE_BEGIN|0667F000006rADI
00:48:19.0 (7833008)|VF_DESERIALIZE_VIEWSTATE_END
00:48:19.0 (9023515)|SYSTEM_MODE_ENTER|true
00:48:19.0 (9245109)|SYSTEM_MODE_ENTER|true
00:48:19.0 (11934996)|SYSTEM_MODE_ENTER|true
00:48:19.0 (12054102)|SYSTEM_MODE_ENTER|true
00:48:19.0 (14391377)|VF_SERIALIZE_VIEWSTATE_BEGIN|0667F000006rADI
00:48:19.0 (16087122)|VF_SERIALIZE_VIEWSTATE_END
00:48:19.18 (18133011)|CUMULATIVE_LIMIT_USAGE
00:48:19.18 (18133011)|LIMIT_USAGE_FOR_NS|(default)|
  Number of SOQL queries: 0 out of 100
  Number of query rows: 0 out of 50000
  Number of SOSL queries: 0 out of 20
  Number of DML statements: 0 out of 150
  Number of DML rows: 0 out of 10000
  Maximum CPU time: 0 out of 10000
  Maximum heap size: 0 out of 6000000
  Number of callouts: 0 out of 100
  Number of Email Invocations: 0 out of 10
  Number of future calls: 0 out of 50
  Number of queueable jobs added to the queue: 0 out of 50
  Number of Mobile Apex push calls: 0 out of 10

00:48:19.18 (18133011)|CUMULATIVE_LIMIT_USAGE_END

00:48:19.0 (18166705)|CODE_UNIT_FINISHED|VF: /apex/WAccOpty
00:48:19.0 (19314109)|EXECUTION_FINISHED
