34.0 APEX_CODE,DEBUG;APEX_PROFILING,INFO;CALLOUT,INFO;DB,INFO;SYSTEM,DEBUG;VALIDATION,INFO;VISUALFORCE,DEBUG;WAVE,INFO;WORKFLOW,INFO
02:14:36.0 (394896)|USER_INFO|[EXTERNAL]|0057F000001fsdl|sfdcdevinstance.gbvprasad@gmail.com|Pacific Standard Time|GMT-07:00
02:14:36.0 (434447)|EXECUTION_STARTED
02:14:36.0 (438749)|CODE_UNIT_STARTED|[EXTERNAL]|0667F000006rAKF|VF: /apex/FieldDependencyDemo
02:14:36.0 (972423)|VF_DESERIALIZE_VIEWSTATE_BEGIN|0667F000006rAKF
02:14:36.0 (7742349)|VF_DESERIALIZE_VIEWSTATE_END
02:14:36.0 (9197141)|SYSTEM_MODE_ENTER|true
02:14:36.0 (9346293)|SYSTEM_MODE_ENTER|true
02:14:36.0 (9562361)|SYSTEM_MODE_ENTER|true
02:14:36.0 (12243237)|SYSTEM_MODE_ENTER|true
02:14:36.0 (12533032)|SYSTEM_MODE_ENTER|true
02:14:36.0 (12709941)|SYSTEM_MODE_ENTER|true
02:14:36.0 (13033930)|VF_SERIALIZE_VIEWSTATE_BEGIN|0667F000006rAKF
02:14:36.0 (14857363)|VF_SERIALIZE_VIEWSTATE_END
02:14:36.16 (16831306)|CUMULATIVE_LIMIT_USAGE
02:14:36.16 (16831306)|LIMIT_USAGE_FOR_NS|(default)|
  Number of SOQL queries: 0 out of 100
  Number of query rows: 0 out of 50000
  Number of SOSL queries: 0 out of 20
  Number of DML statements: 0 out of 150
  Number of DML rows: 0 out of 10000
  Maximum CPU time: 0 out of 10000
  Maximum heap size: 0 out of 6000000
  Number of callouts: 0 out of 100
  Number of Email Invocations: 0 out of 10
  Number of future calls: 0 out of 50
  Number of queueable jobs added to the queue: 0 out of 50
  Number of Mobile Apex push calls: 0 out of 10

02:14:36.16 (16831306)|CUMULATIVE_LIMIT_USAGE_END

02:14:36.0 (16871381)|CODE_UNIT_FINISHED|VF: /apex/FieldDependencyDemo
02:14:36.0 (17937860)|EXECUTION_FINISHED
